{"C:\\Users\\Frode\\Documents\\Bachelor\\portal\\frontend\\src\\App.vue": {"path":"C:\\Users\\Frode\\Documents\\Bachelor\\portal\\frontend\\src\\App.vue","statementMap":{"0":{"start":{"line":3,"column":29},"end":{"line":3,"column":158}},"1":{"start":{"line":4,"column":0},"end":{"line":6,"column":3}},"2":{"start":{"line":7,"column":0},"end":{"line":7,"column":25}},"3":{"start":{"line":8,"column":17},"end":{"line":8,"column":73}},"4":{"start":{"line":9,"column":15},"end":{"line":14,"column":1}},"5":{"start":{"line":15,"column":0},"end":{"line":15,"column":13}},"6":{"start":{"line":17,"column":0},"end":{"line":19,"column":3}},"7":{"start":{"line":20,"column":0},"end":{"line":20,"column":24}},"8":{"start":{"line":21,"column":11},"end":{"line":21,"column":25}},"9":{"start":{"line":22,"column":19},"end":{"line":24,"column":1}},"10":{"start":{"line":26,"column":31},"end":{"line":26,"column":70}},"11":{"start":{"line":27,"column":2},"end":{"line":27,"column":127}},"12":{"start":{"line":28,"column":2},"end":{"line":28,"column":49}}},"fnMap":{"0":{"name":"render","decl":{"start":{"line":25,"column":9},"end":{"line":25,"column":15}},"loc":{"start":{"line":25,"column":30},"end":{"line":28,"column":1}},"line":25}},"branchMap":{},"s":{"0":0,"1":0,"2":0,"3":0,"4":0,"5":0,"6":0,"7":0,"8":0,"9":0,"10":0,"11":0,"12":0},"f":{"0":0},"b":{},"inputSourceMap":{"0":"{","1":"\"","2":"v","3":"e","4":"r","5":"s","6":"i","7":"o","8":"n","9":"\"","10":":","11":"3","12":",","13":"\"","14":"s","15":"o","16":"u","17":"r","18":"c","19":"e","20":"s","21":"\"","22":":","23":"[","24":"\"","25":"C","26":":","27":"\\","28":"\\","29":"U","30":"s","31":"e","32":"r","33":"s","34":"\\","35":"\\","36":"F","37":"r","38":"o","39":"d","40":"e","41":"\\","42":"\\","43":"D","44":"o","45":"c","46":"u","47":"m","48":"e","49":"n","50":"t","51":"s","52":"\\","53":"\\","54":"B","55":"a","56":"c","57":"h","58":"e","59":"l","60":"o","61":"r","62":"\\","63":"\\","64":"p","65":"o","66":"r","67":"t","68":"a","69":"l","70":"\\","71":"\\","72":"f","73":"r","74":"o","75":"n","76":"t","77":"e","78":"n","79":"d","80":"\\","81":"\\","82":"s","83":"r","84":"c","85":"\\","86":"\\","87":"A","88":"p","89":"p","90":".","91":"v","92":"u","93":"e","94":"\"","95":"]","96":",","97":"\"","98":"n","99":"a","100":"m","101":"e","102":"s","103":"\"","104":":","105":"[","106":"]","107":",","108":"\"","109":"m","110":"a","111":"p","112":"p","113":"i","114":"n","115":"g","116":"s","117":"\"","118":":","119":"\"","120":";","121":";","122":";","123":";","124":";","125":";","126":";","127":"A","128":"A","129":"O","130":"A","131":";","132":"A","133":"A","134":"A","135":"8","136":"C","137":",","138":"i","139":"C","140":"A","141":"E","142":"/","143":"B","144":";","145":"E","146":"A","147":"C","148":"b","149":",","150":"I","151":"A","152":"A","153":"I","154":",","155":"E","156":"A","157":"A","158":"E","159":",","160":"K","161":"A","162":"A","163":"K","164":";","165":"E","166":"A","167":"C","168":"X","169":",","170":"U","171":"A","172":"A","173":"U","174":",","175":"E","176":"A","177":"A","178":"E","179":";","180":"I","181":"A","182":"C","183":"V","184":",","185":"S","186":"A","187":"A","188":"S","189":",","190":"E","191":"A","192":"A","193":"T","194":";","195":"E","196":"A","197":"C","198":"F","199":";","200":"A","201":"A","202":"C","203":"F","204":",","205":"C","206":"A","207":"A","208":"C","209":"\"","210":",","211":"\"","212":"f","213":"i","214":"l","215":"e","216":"\"","217":":","218":"\"","219":"C","220":":","221":"\\","222":"\\","223":"U","224":"s","225":"e","226":"r","227":"s","228":"\\","229":"\\","230":"F","231":"r","232":"o","233":"d","234":"e","235":"\\","236":"\\","237":"D","238":"o","239":"c","240":"u","241":"m","242":"e","243":"n","244":"t","245":"s","246":"\\","247":"\\","248":"B","249":"a","250":"c","251":"h","252":"e","253":"l","254":"o","255":"r","256":"\\","257":"\\","258":"p","259":"o","260":"r","261":"t","262":"a","263":"l","264":"\\","265":"\\","266":"f","267":"r","268":"o","269":"n","270":"t","271":"e","272":"n","273":"d","274":"\\","275":"\\","276":"s","277":"r","278":"c","279":"\\","280":"\\","281":"A","282":"p","283":"p","284":".","285":"v","286":"u","287":"e","288":"\"","289":",","290":"\"","291":"s","292":"o","293":"u","294":"r","295":"c","296":"e","297":"s","298":"C","299":"o","300":"n","301":"t","302":"e","303":"n","304":"t","305":"\"","306":":","307":"[","308":"\"","309":"<","310":"t","311":"e","312":"m","313":"p","314":"l","315":"a","316":"t","317":"e","318":">","319":"\\","320":"r","321":"\\","322":"n","323":" ","324":" ","325":"<","326":"d","327":"i","328":"v","329":" ","330":"i","331":"d","332":"=","333":"\\","334":"\"","335":"a","336":"p","337":"p","338":"\\","339":"\"","340":">","341":"\\","342":"r","343":"\\","344":"n","345":" ","346":" ","347":" ","348":" ","349":"<","350":"L","351":"o","352":"g","353":"i","354":"n","355":"P","356":"a","357":"g","358":"e","359":" ","360":"/","361":">","362":"\\","363":"r","364":"\\","365":"n","366":" ","367":" ","368":"<","369":"/","370":"d","371":"i","372":"v","373":">","374":"\\","375":"r","376":"\\","377":"n","378":"<","379":"/","380":"t","381":"e","382":"m","383":"p","384":"l","385":"a","386":"t","387":"e","388":">","389":"\\","390":"r","391":"\\","392":"n","393":"\\","394":"r","395":"\\","396":"n","397":"<","398":"s","399":"c","400":"r","401":"i","402":"p","403":"t","404":">","405":"\\","406":"r","407":"\\","408":"n","409":"i","410":"m","411":"p","412":"o","413":"r","414":"t","415":" ","416":"L","417":"o","418":"g","419":"i","420":"n","421":"P","422":"a","423":"g","424":"e","425":" ","426":"f","427":"r","428":"o","429":"m","430":" ","431":"\\","432":"\"","433":".","434":"/","435":"v","436":"i","437":"e","438":"w","439":"s","440":"/","441":"L","442":"o","443":"g","444":"i","445":"n","446":"P","447":"a","448":"g","449":"e","450":".","451":"v","452":"u","453":"e","454":"\\","455":"\"","456":";","457":"\\","458":"r","459":"\\","460":"n","461":"\\","462":"r","463":"\\","464":"n","465":"e","466":"x","467":"p","468":"o","469":"r","470":"t","471":" ","472":"d","473":"e","474":"f","475":"a","476":"u","477":"l","478":"t","479":" ","480":"{","481":"\\","482":"r","483":"\\","484":"n","485":" ","486":" ","487":"n","488":"a","489":"m","490":"e","491":":","492":" ","493":"\\","494":"\"","495":"A","496":"p","497":"p","498":"\\","499":"\"","500":",","501":"\\","502":"r","503":"\\","504":"n","505":" ","506":" ","507":"c","508":"o","509":"m","510":"p","511":"o","512":"n","513":"e","514":"n","515":"t","516":"s","517":":","518":" ","519":"{","520":"\\","521":"r","522":"\\","523":"n","524":" ","525":" ","526":" ","527":" ","528":"L","529":"o","530":"g","531":"i","532":"n","533":"P","534":"a","535":"g","536":"e","537":",","538":"\\","539":"r","540":"\\","541":"n","542":" ","543":" ","544":"}","545":",","546":"\\","547":"r","548":"\\","549":"n","550":"}","551":";","552":"\\","553":"r","554":"\\","555":"n","556":"<","557":"/","558":"s","559":"c","560":"r","561":"i","562":"p","563":"t","564":">","565":"\\","566":"r","567":"\\","568":"n","569":"\\","570":"r","571":"\\","572":"n","573":"<","574":"s","575":"t","576":"y","577":"l","578":"e","579":">","580":"\\","581":"r","582":"\\","583":"n","584":"h","585":"t","586":"m","587":"l","588":",","589":"\\","590":"r","591":"\\","592":"n","593":"b","594":"o","595":"d","596":"y","597":" ","598":"{","599":"\\","600":"r","601":"\\","602":"n","603":" ","604":" ","605":"p","606":"a","607":"d","608":"d","609":"i","610":"n","611":"g","612":":","613":" ","614":"0","615":";","616":"\\","617":"r","618":"\\","619":"n","620":" ","621":" ","622":"m","623":"a","624":"r","625":"g","626":"i","627":"n","628":":","629":" ","630":"0","631":";","632":"\\","633":"r","634":"\\","635":"n","636":" ","637":" ","638":"h","639":"e","640":"i","641":"g","642":"h","643":"t","644":":","645":" ","646":"1","647":"0","648":"0","649":"%","650":";","651":"\\","652":"r","653":"\\","654":"n","655":" ","656":" ","657":"w","658":"i","659":"d","660":"t","661":"h","662":":","663":" ","664":"1","665":"0","666":"0","667":"%","668":";","669":"\\","670":"r","671":"\\","672":"n","673":" ","674":" ","675":"o","676":"v","677":"e","678":"r","679":"f","680":"l","681":"o","682":"w","683":":","684":" ","685":"h","686":"i","687":"d","688":"d","689":"e","690":"n","691":";","692":"\\","693":"r","694":"\\","695":"n","696":"}","697":"\\","698":"r","699":"\\","700":"n","701":"\\","702":"r","703":"\\","704":"n","705":"#","706":"a","707":"p","708":"p","709":" ","710":"{","711":"\\","712":"r","713":"\\","714":"n","715":" ","716":" ","717":"f","718":"o","719":"n","720":"t","721":"-","722":"f","723":"a","724":"m","725":"i","726":"l","727":"y","728":":","729":" ","730":"A","731":"v","732":"e","733":"n","734":"i","735":"r","736":",","737":" ","738":"H","739":"e","740":"l","741":"v","742":"e","743":"t","744":"i","745":"c","746":"a","747":",","748":" ","749":"A","750":"r","751":"i","752":"a","753":"l","754":",","755":" ","756":"s","757":"a","758":"n","759":"s","760":"-","761":"s","762":"e","763":"r","764":"i","765":"f","766":";","767":"\\","768":"r","769":"\\","770":"n","771":" ","772":" ","773":"-","774":"w","775":"e","776":"b","777":"k","778":"i","779":"t","780":"-","781":"f","782":"o","783":"n","784":"t","785":"-","786":"s","787":"m","788":"o","789":"o","790":"t","791":"h","792":"i","793":"n","794":"g","795":":","796":" ","797":"a","798":"n","799":"t","800":"i","801":"a","802":"l","803":"i","804":"a","805":"s","806":"e","807":"d","808":";","809":"\\","810":"r","811":"\\","812":"n","813":" ","814":" ","815":"-","816":"m","817":"o","818":"z","819":"-","820":"o","821":"s","822":"x","823":"-","824":"f","825":"o","826":"n","827":"t","828":"-","829":"s","830":"m","831":"o","832":"o","833":"t","834":"h","835":"i","836":"n","837":"g","838":":","839":" ","840":"g","841":"r","842":"a","843":"y","844":"s","845":"c","846":"a","847":"l","848":"e","849":";","850":"\\","851":"r","852":"\\","853":"n","854":" ","855":" ","856":"t","857":"e","858":"x","859":"t","860":"-","861":"a","862":"l","863":"i","864":"g","865":"n","866":":","867":" ","868":"c","869":"e","870":"n","871":"t","872":"e","873":"r","874":";","875":"\\","876":"r","877":"\\","878":"n","879":" ","880":" ","881":"d","882":"i","883":"s","884":"p","885":"l","886":"a","887":"y","888":":","889":" ","890":"f","891":"l","892":"e","893":"x","894":";","895":"\\","896":"r","897":"\\","898":"n","899":" ","900":" ","901":"f","902":"l","903":"e","904":"x","905":"-","906":"d","907":"i","908":"r","909":"e","910":"c","911":"t","912":"i","913":"o","914":"n","915":":","916":" ","917":"c","918":"o","919":"l","920":"u","921":"m","922":"n","923":";","924":"\\","925":"r","926":"\\","927":"n","928":" ","929":" ","930":"a","931":"l","932":"i","933":"g","934":"n","935":"-","936":"i","937":"t","938":"e","939":"m","940":"s","941":":","942":" ","943":"c","944":"e","945":"n","946":"t","947":"e","948":"r","949":";","950":"\\","951":"r","952":"\\","953":"n","954":" ","955":" ","956":"j","957":"u","958":"s","959":"t","960":"i","961":"f","962":"y","963":"-","964":"c","965":"o","966":"n","967":"t","968":"e","969":"n","970":"t","971":":","972":" ","973":"c","974":"e","975":"n","976":"t","977":"e","978":"r","979":";","980":"\\","981":"r","982":"\\","983":"n","984":" ","985":" ","986":"b","987":"a","988":"c","989":"k","990":"g","991":"r","992":"o","993":"u","994":"n","995":"d","996":"-","997":"c","998":"o","999":"l","1000":"o","1001":"r","1002":":","1003":" ","1004":"#","1005":"1","1006":"a","1007":"2","1008":"0","1009":"2","1010":"c","1011":";","1012":"\\","1013":"r","1014":"\\","1015":"n","1016":" ","1017":" ","1018":"o","1019":"v","1020":"e","1021":"r","1022":"f","1023":"l","1024":"o","1025":"w","1026":":","1027":" ","1028":"h","1029":"i","1030":"d","1031":"d","1032":"e","1033":"n","1034":";","1035":"\\","1036":"r","1037":"\\","1038":"n","1039":" ","1040":" ","1041":"w","1042":"i","1043":"d","1044":"t","1045":"h","1046":":","1047":" ","1048":"1","1049":"0","1050":"0","1051":"%","1052":";","1053":"\\","1054":"r","1055":"\\","1056":"n","1057":" ","1058":" ","1059":"h","1060":"e","1061":"i","1062":"g","1063":"h","1064":"t","1065":":","1066":" ","1067":"1","1068":"0","1069":"0","1070":"%","1071":";","1072":"\\","1073":"r","1074":"\\","1075":"n","1076":"}","1077":"\\","1078":"r","1079":"\\","1080":"n","1081":"<","1082":"/","1083":"s","1084":"t","1085":"y","1086":"l","1087":"e","1088":">","1089":"\\","1090":"r","1091":"\\","1092":"n","1093":"\"","1094":"]","1095":"}"}}
,"C:\\Users\\Frode\\Documents\\Bachelor\\portal\\frontend\\src\\components\\LoginForm.vue": {"path":"C:\\Users\\Frode\\Documents\\Bachelor\\portal\\frontend\\src\\components\\LoginForm.vue","statementMap":{"0":{"start":{"line":3,"column":29},"end":{"line":3,"column":158}},"1":{"start":{"line":4,"column":0},"end":{"line":6,"column":3}},"2":{"start":{"line":7,"column":0},"end":{"line":7,"column":25}},"3":{"start":{"line":8,"column":11},"end":{"line":8,"column":25}},"4":{"start":{"line":9,"column":13},"end":{"line":9,"column":53}},"5":{"start":{"line":10,"column":20},"end":{"line":10,"column":81}},"6":{"start":{"line":11,"column":15},"end":{"line":123,"column":1}},"7":{"start":{"line":13,"column":32},"end":{"line":13,"column":51}},"8":{"start":{"line":14,"column":22},"end":{"line":14,"column":58}},"9":{"start":{"line":15,"column":18},"end":{"line":15,"column":35}},"10":{"start":{"line":16,"column":21},"end":{"line":16,"column":38}},"11":{"start":{"line":17,"column":18},"end":{"line":17,"column":35}},"12":{"start":{"line":18,"column":20},"end":{"line":18,"column":40}},"13":{"start":{"line":19,"column":28},"end":{"line":19,"column":48}},"14":{"start":{"line":20,"column":22},"end":{"line":20,"column":41}},"15":{"start":{"line":21,"column":24},"end":{"line":24,"column":5}},"16":{"start":{"line":22,"column":22},"end":{"line":22,"column":67}},"17":{"start":{"line":22,"column":48},"end":{"line":22,"column":66}},"18":{"start":{"line":23,"column":6},"end":{"line":23,"column":51}},"19":{"start":{"line":25,"column":21},"end":{"line":25,"column":74}},"20":{"start":{"line":26,"column":4},"end":{"line":28,"column":7}},"21":{"start":{"line":27,"column":6},"end":{"line":27,"column":47}},"22":{"start":{"line":29,"column":18},"end":{"line":68,"column":5}},"23":{"start":{"line":30,"column":6},"end":{"line":35,"column":7}},"24":{"start":{"line":31,"column":8},"end":{"line":31,"column":69}},"25":{"start":{"line":32,"column":8},"end":{"line":32,"column":29}},"26":{"start":{"line":33,"column":8},"end":{"line":33,"column":54}},"27":{"start":{"line":33,"column":25},"end":{"line":33,"column":46}},"28":{"start":{"line":34,"column":8},"end":{"line":34,"column":15}},"29":{"start":{"line":36,"column":30},"end":{"line":36,"column":63}},"30":{"start":{"line":37,"column":6},"end":{"line":67,"column":7}},"31":{"start":{"line":38,"column":25},"end":{"line":47,"column":10}},"32":{"start":{"line":46,"column":36},"end":{"line":46,"column":48}},"33":{"start":{"line":48,"column":8},"end":{"line":53,"column":9}},"34":{"start":{"line":49,"column":10},"end":{"line":49,"column":59}},"35":{"start":{"line":50,"column":10},"end":{"line":50,"column":31}},"36":{"start":{"line":51,"column":10},"end":{"line":51,"column":56}},"37":{"start":{"line":51,"column":27},"end":{"line":51,"column":48}},"38":{"start":{"line":52,"column":10},"end":{"line":52,"column":17}},"39":{"start":{"line":54,"column":28},"end":{"line":54,"column":57}},"40":{"start":{"line":55,"column":8},"end":{"line":59,"column":9}},"41":{"start":{"line":56,"column":10},"end":{"line":56,"column":65}},"42":{"start":{"line":58,"column":10},"end":{"line":58,"column":39}},"43":{"start":{"line":61,"column":8},"end":{"line":61,"column":54}},"44":{"start":{"line":62,"column":8},"end":{"line":62,"column":29}},"45":{"start":{"line":63,"column":8},"end":{"line":63,"column":54}},"46":{"start":{"line":63,"column":25},"end":{"line":63,"column":46}},"47":{"start":{"line":64,"column":8},"end":{"line":64,"column":43}},"48":{"start":{"line":66,"column":8},"end":{"line":66,"column":32}},"49":{"start":{"line":69,"column":19},"end":{"line":87,"column":5}},"50":{"start":{"line":70,"column":6},"end":{"line":86,"column":7}},"51":{"start":{"line":71,"column":25},"end":{"line":76,"column":10}},"52":{"start":{"line":75,"column":36},"end":{"line":75,"column":48}},"53":{"start":{"line":77,"column":8},"end":{"line":81,"column":9}},"54":{"start":{"line":78,"column":10},"end":{"line":78,"column":40}},"55":{"start":{"line":80,"column":10},"end":{"line":80,"column":71}},"56":{"start":{"line":83,"column":8},"end":{"line":83,"column":45}},"57":{"start":{"line":85,"column":8},"end":{"line":85,"column":32}},"58":{"start":{"line":89,"column":24},"end":{"line":89,"column":67}},"59":{"start":{"line":90,"column":6},"end":{"line":90,"column":34}},"60":{"start":{"line":92,"column":38},"end":{"line":108,"column":5}},"61":{"start":{"line":93,"column":6},"end":{"line":107,"column":7}},"62":{"start":{"line":94,"column":25},"end":{"line":99,"column":10}},"63":{"start":{"line":98,"column":36},"end":{"line":98,"column":48}},"64":{"start":{"line":100,"column":8},"end":{"line":102,"column":9}},"65":{"start":{"line":101,"column":10},"end":{"line":101,"column":39}},"66":{"start":{"line":104,"column":8},"end":{"line":104,"column":37}},"67":{"start":{"line":106,"column":8},"end":{"line":106,"column":32}},"68":{"start":{"line":109,"column":4},"end":{"line":109,"column":51}},"69":{"start":{"line":110,"column":4},"end":{"line":121,"column":6}},"70":{"start":{"line":124,"column":0},"end":{"line":124,"column":13}},"71":{"start":{"line":126,"column":0},"end":{"line":128,"column":3}},"72":{"start":{"line":129,"column":0},"end":{"line":129,"column":24}},"73":{"start":{"line":130,"column":11},"end":{"line":130,"column":25}},"74":{"start":{"line":131,"column":19},"end":{"line":133,"column":1}},"75":{"start":{"line":134,"column":19},"end":{"line":136,"column":1}},"76":{"start":{"line":137,"column":32},"end":{"line":137,"column":103}},"77":{"start":{"line":138,"column":19},"end":{"line":138,"column":31}},"78":{"start":{"line":139,"column":19},"end":{"line":141,"column":1}},"79":{"start":{"line":142,"column":19},"end":{"line":144,"column":1}},"80":{"start":{"line":145,"column":32},"end":{"line":147,"column":35}},"81":{"start":{"line":148,"column":19},"end":{"line":148,"column":28}},"82":{"start":{"line":149,"column":19},"end":{"line":151,"column":1}},"83":{"start":{"line":152,"column":33},"end":{"line":152,"column":282}},"84":{"start":{"line":153,"column":20},"end":{"line":156,"column":1}},"85":{"start":{"line":157,"column":33},"end":{"line":157,"column":188}},"86":{"start":{"line":159,"column":2},"end":{"line":186,"column":21}},"87":{"start":{"line":160,"column":77},"end":{"line":160,"column":110}},"88":{"start":{"line":162,"column":63},"end":{"line":162,"column":88}},"89":{"start":{"line":165,"column":4},"end":{"line":168,"column":142}},"90":{"start":{"line":170,"column":63},"end":{"line":170,"column":82}},"91":{"start":{"line":176,"column":63},"end":{"line":176,"column":85}},"92":{"start":{"line":184,"column":52},"end":{"line":184,"column":87}},"93":{"start":{"line":187,"column":2},"end":{"line":187,"column":49}}},"fnMap":{"0":{"name":"(anonymous_0)","decl":{"start":{"line":12,"column":2},"end":{"line":12,"column":3}},"loc":{"start":{"line":12,"column":10},"end":{"line":122,"column":3}},"line":12},"1":{"name":"(anonymous_1)","decl":{"start":{"line":21,"column":24},"end":{"line":21,"column":25}},"loc":{"start":{"line":21,"column":35},"end":{"line":24,"column":5}},"line":21},"2":{"name":"(anonymous_2)","decl":{"start":{"line":22,"column":43},"end":{"line":22,"column":44}},"loc":{"start":{"line":22,"column":48},"end":{"line":22,"column":66}},"line":22},"3":{"name":"(anonymous_3)","decl":{"start":{"line":26,"column":41},"end":{"line":26,"column":42}},"loc":{"start":{"line":26,"column":55},"end":{"line":28,"column":5}},"line":26},"4":{"name":"(anonymous_4)","decl":{"start":{"line":29,"column":18},"end":{"line":29,"column":19}},"loc":{"start":{"line":29,"column":30},"end":{"line":68,"column":5}},"line":29},"5":{"name":"(anonymous_5)","decl":{"start":{"line":33,"column":19},"end":{"line":33,"column":20}},"loc":{"start":{"line":33,"column":25},"end":{"line":33,"column":46}},"line":33},"6":{"name":"(anonymous_6)","decl":{"start":{"line":46,"column":26},"end":{"line":46,"column":27}},"loc":{"start":{"line":46,"column":36},"end":{"line":46,"column":48}},"line":46},"7":{"name":"(anonymous_7)","decl":{"start":{"line":51,"column":21},"end":{"line":51,"column":22}},"loc":{"start":{"line":51,"column":27},"end":{"line":51,"column":48}},"line":51},"8":{"name":"(anonymous_8)","decl":{"start":{"line":63,"column":19},"end":{"line":63,"column":20}},"loc":{"start":{"line":63,"column":25},"end":{"line":63,"column":46}},"line":63},"9":{"name":"(anonymous_9)","decl":{"start":{"line":69,"column":19},"end":{"line":69,"column":20}},"loc":{"start":{"line":69,"column":31},"end":{"line":87,"column":5}},"line":69},"10":{"name":"(anonymous_10)","decl":{"start":{"line":75,"column":26},"end":{"line":75,"column":27}},"loc":{"start":{"line":75,"column":36},"end":{"line":75,"column":48}},"line":75},"11":{"name":"getQueryParam","decl":{"start":{"line":88,"column":13},"end":{"line":88,"column":26}},"loc":{"start":{"line":88,"column":34},"end":{"line":91,"column":5}},"line":88},"12":{"name":"(anonymous_12)","decl":{"start":{"line":92,"column":38},"end":{"line":92,"column":39}},"loc":{"start":{"line":92,"column":50},"end":{"line":108,"column":5}},"line":92},"13":{"name":"(anonymous_13)","decl":{"start":{"line":98,"column":26},"end":{"line":98,"column":27}},"loc":{"start":{"line":98,"column":36},"end":{"line":98,"column":48}},"line":98},"14":{"name":"render","decl":{"start":{"line":158,"column":9},"end":{"line":158,"column":15}},"loc":{"start":{"line":158,"column":30},"end":{"line":187,"column":1}},"line":158},"15":{"name":"(anonymous_15)","decl":{"start":{"line":160,"column":64},"end":{"line":160,"column":65}},"loc":{"start":{"line":160,"column":77},"end":{"line":160,"column":110}},"line":160},"16":{"name":"(anonymous_16)","decl":{"start":{"line":162,"column":53},"end":{"line":162,"column":54}},"loc":{"start":{"line":162,"column":63},"end":{"line":162,"column":88}},"line":162},"17":{"name":"(anonymous_17)","decl":{"start":{"line":164,"column":133},"end":{"line":164,"column":134}},"loc":{"start":{"line":164,"column":144},"end":{"line":169,"column":3}},"line":164},"18":{"name":"(anonymous_18)","decl":{"start":{"line":170,"column":53},"end":{"line":170,"column":54}},"loc":{"start":{"line":170,"column":63},"end":{"line":170,"column":82}},"line":170},"19":{"name":"(anonymous_19)","decl":{"start":{"line":176,"column":53},"end":{"line":176,"column":54}},"loc":{"start":{"line":176,"column":63},"end":{"line":176,"column":85}},"line":176},"20":{"name":"(anonymous_20)","decl":{"start":{"line":184,"column":39},"end":{"line":184,"column":40}},"loc":{"start":{"line":184,"column":52},"end":{"line":184,"column":87}},"line":184}},"branchMap":{"0":{"loc":{"start":{"line":23,"column":13},"end":{"line":23,"column":50}},"type":"cond-expr","locations":[{"start":{"line":23,"column":23},"end":{"line":23,"column":45}},{"start":{"line":23,"column":48},"end":{"line":23,"column":50}}],"line":23},"1":{"loc":{"start":{"line":30,"column":6},"end":{"line":35,"column":7}},"type":"if","locations":[{"start":{"line":30,"column":6},"end":{"line":35,"column":7}},{"start":{},"end":{}}],"line":30},"2":{"loc":{"start":{"line":30,"column":10},"end":{"line":30,"column":55}},"type":"binary-expr","locations":[{"start":{"line":30,"column":10},"end":{"line":30,"column":29}},{"start":{"line":30,"column":33},"end":{"line":30,"column":55}}],"line":30},"3":{"loc":{"start":{"line":48,"column":8},"end":{"line":53,"column":9}},"type":"if","locations":[{"start":{"line":48,"column":8},"end":{"line":53,"column":9}},{"start":{},"end":{}}],"line":48},"4":{"loc":{"start":{"line":55,"column":8},"end":{"line":59,"column":9}},"type":"if","locations":[{"start":{"line":55,"column":8},"end":{"line":59,"column":9}},{"start":{"line":57,"column":15},"end":{"line":59,"column":9}}],"line":55},"5":{"loc":{"start":{"line":77,"column":8},"end":{"line":81,"column":9}},"type":"if","locations":[{"start":{"line":77,"column":8},"end":{"line":81,"column":9}},{"start":{"line":79,"column":15},"end":{"line":81,"column":9}}],"line":77},"6":{"loc":{"start":{"line":100,"column":8},"end":{"line":102,"column":9}},"type":"if","locations":[{"start":{"line":100,"column":8},"end":{"line":102,"column":9}},{"start":{},"end":{}}],"line":100},"7":{"loc":{"start":{"line":159,"column":81},"end":{"line":186,"column":18}},"type":"cond-expr","locations":[{"start":{"line":159,"column":99},"end":{"line":159,"column":186}},{"start":{"line":159,"column":190},"end":{"line":186,"column":18}}],"line":159},"8":{"loc":{"start":{"line":159,"column":190},"end":{"line":186,"column":18}},"type":"cond-expr","locations":[{"start":{"line":159,"column":215},"end":{"line":183,"column":144}},{"start":{"line":183,"column":149},"end":{"line":186,"column":17}}],"line":159},"9":{"loc":{"start":{"line":160,"column":14},"end":{"line":160,"column":125}},"type":"binary-expr","locations":[{"start":{"line":160,"column":14},"end":{"line":160,"column":23}},{"start":{"line":160,"column":28},"end":{"line":160,"column":124}}],"line":160},"10":{"loc":{"start":{"line":160,"column":77},"end":{"line":160,"column":110}},"type":"binary-expr","locations":[{"start":{"line":160,"column":77},"end":{"line":160,"column":87}},{"start":{"line":160,"column":91},"end":{"line":160,"column":110}}],"line":160},"11":{"loc":{"start":{"line":162,"column":27},"end":{"line":162,"column":89}},"type":"binary-expr","locations":[{"start":{"line":162,"column":27},"end":{"line":162,"column":36}},{"start":{"line":162,"column":41},"end":{"line":162,"column":88}}],"line":162},"12":{"loc":{"start":{"line":170,"column":27},"end":{"line":170,"column":83}},"type":"binary-expr","locations":[{"start":{"line":170,"column":27},"end":{"line":170,"column":36}},{"start":{"line":170,"column":41},"end":{"line":170,"column":82}}],"line":170},"13":{"loc":{"start":{"line":176,"column":27},"end":{"line":176,"column":86}},"type":"binary-expr","locations":[{"start":{"line":176,"column":27},"end":{"line":176,"column":36}},{"start":{"line":176,"column":41},"end":{"line":176,"column":85}}],"line":176},"14":{"loc":{"start":{"line":184,"column":13},"end":{"line":184,"column":88}},"type":"binary-expr","locations":[{"start":{"line":184,"column":13},"end":{"line":184,"column":22}},{"start":{"line":184,"column":27},"end":{"line":184,"column":87}}],"line":184},"15":{"loc":{"start":{"line":184,"column":52},"end":{"line":184,"column":87}},"type":"binary-expr","locations":[{"start":{"line":184,"column":52},"end":{"line":184,"column":63}},{"start":{"line":184,"column":67},"end":{"line":184,"column":87}}],"line":184}},"s":{"0":1,"1":1,"2":1,"3":1,"4":1,"5":1,"6":1,"7":1,"8":1,"9":1,"10":1,"11":1,"12":1,"13":1,"14":1,"15":1,"16":1,"17":161,"18":1,"19":1,"20":1,"21":0,"22":1,"23":0,"24":0,"25":0,"26":0,"27":0,"28":0,"29":0,"30":0,"31":0,"32":0,"33":0,"34":0,"35":0,"36":0,"37":0,"38":0,"39":0,"40":0,"41":0,"42":0,"43":0,"44":0,"45":0,"46":0,"47":0,"48":0,"49":1,"50":0,"51":0,"52":0,"53":0,"54":0,"55":0,"56":0,"57":0,"58":0,"59":0,"60":1,"61":1,"62":1,"63":0,"64":0,"65":0,"66":0,"67":0,"68":1,"69":1,"70":1,"71":1,"72":1,"73":1,"74":1,"75":1,"76":1,"77":1,"78":1,"79":1,"80":1,"81":1,"82":1,"83":1,"84":1,"85":1,"86":1,"87":0,"88":0,"89":0,"90":0,"91":0,"92":0,"93":1},"f":{"0":1,"1":1,"2":161,"3":0,"4":0,"5":0,"6":0,"7":0,"8":0,"9":0,"10":0,"11":0,"12":1,"13":0,"14":1,"15":0,"16":0,"17":0,"18":0,"19":0,"20":0},"b":{"0":[1,0],"1":[0,0],"2":[0,0],"3":[0,0],"4":[0,0],"5":[0,0],"6":[0,0],"7":[1,0],"8":[0,0],"9":[0,0],"10":[0,0],"11":[0,0],"12":[0,0],"13":[0,0],"14":[0,0],"15":[0,0]},"inputSourceMap":{"0":"{","1":"\"","2":"v","3":"e","4":"r","5":"s","6":"i","7":"o","8":"n","9":"\"","10":":","11":"3","12":",","13":"\"","14":"s","15":"o","16":"u","17":"r","18":"c","19":"e","20":"s","21":"\"","22":":","23":"[","24":"\"","25":"C","26":":","27":"\\","28":"\\","29":"U","30":"s","31":"e","32":"r","33":"s","34":"\\","35":"\\","36":"F","37":"r","38":"o","39":"d","40":"e","41":"\\","42":"\\","43":"D","44":"o","45":"c","46":"u","47":"m","48":"e","49":"n","50":"t","51":"s","52":"\\","53":"\\","54":"B","55":"a","56":"c","57":"h","58":"e","59":"l","60":"o","61":"r","62":"\\","63":"\\","64":"p","65":"o","66":"r","67":"t","68":"a","69":"l","70":"\\","71":"\\","72":"f","73":"r","74":"o","75":"n","76":"t","77":"e","78":"n","79":"d","80":"\\","81":"\\","82":"s","83":"r","84":"c","85":"\\","86":"\\","87":"c","88":"o","89":"m","90":"p","91":"o","92":"n","93":"e","94":"n","95":"t","96":"s","97":"\\","98":"\\","99":"L","100":"o","101":"g","102":"i","103":"n","104":"F","105":"o","106":"r","107":"m","108":".","109":"v","110":"u","111":"e","112":"\"","113":"]","114":",","115":"\"","116":"n","117":"a","118":"m","119":"e","120":"s","121":"\"","122":":","123":"[","124":"]","125":",","126":"\"","127":"m","128":"a","129":"p","130":"p","131":"i","132":"n","133":"g","134":"s","135":"\"","136":":","137":"\"","138":";","139":";","140":";","141":";","142":";","143":";","144":";","145":"A","146":"A","147":"i","148":"E","149":"A","150":";","151":"A","152":"A","153":"C","154":"A","155":";","156":"A","157":"A","158":"C","159":"A","160":";","161":"A","162":"A","163":"A","164":"s","165":"D","166":",","167":"i","168":"C","169":"A","170":"E","171":"v","172":"C","173":";","174":"E","175":"A","176":"C","177":"b","178":",","179":"K","180":"A","181":"A","182":"K","183":",","184":"G","185":"A","186":"A","187":"G","188":";","189":"I","190":"A","191":"C","192":"N","193":",","194":"M","195":"A","196":"A","197":"M","198":",","199":"m","200":"B","201":"A","202":"A","203":"m","204":"B","205":",","206":"G","207":"A","208":"A","209":"G","210":",","211":"Y","212":"A","213":"A","214":"G","215":",","216":"E","217":"A","218":"A","219":"C","220":",","221":"I","222":"A","223":"A","224":"I","225":",","226":"C","227":"A","228":"A","229":"C","230":";","231":"I","232":"A","233":"C","234":"r","235":"C","236":",","237":"M","238":"A","239":"A","240":"M","241":",","242":"S","243":"A","244":"A","245":"S","246":",","247":"G","248":"A","249":"A","250":"G","251":",","252":"Y","253":"A","254":"A","255":"G","256":",","257":"E","258":"A","259":"A","260":"C","261":",","262":"q","263":"B","264":"A","265":"A","266":"Y","267":",","268":"C","269":"A","270":"A","271":"C","272":";","273":"I","274":"A","275":"C","276":"n","277":"C","278":",","279":"M","280":"A","281":"A","282":"M","283":",","284":"K","285":"A","286":"A","287":"K","288":",","289":"G","290":"A","291":"A","292":"G","293":",","294":"Y","295":"A","296":"A","297":"G","298":",","299":"E","300":"A","301":"A","302":"C","303":",","304":"E","305":"A","306":"A","307":"E","308":",","309":"C","310":"A","311":"A","312":"C","313":";","314":"I","315":"A","316":"C","317":"r","318":"B","319":",","320":"M","321":"A","322":"A","323":"M","324":",","325":"Q","326":"A","327":"A","328":"Q","329":",","330":"G","331":"A","332":"A","333":"G","334":",","335":"Y","336":"A","337":"A","338":"G","339":",","340":"E","341":"A","342":"A","343":"C","344":",","345":"E","346":"A","347":"A","348":"E","349":",","350":"C","351":"A","352":"A","353":"C","354":";","355":"I","356":"A","357":"C","358":"x","359":"B","360":",","361":"M","362":"A","363":"A","364":"M","365":",","366":"K","367":"A","368":"A","369":"K","370":",","371":"G","372":"A","373":"A","374":"G","375":",","376":"Y","377":"A","378":"A","379":"G","380":",","381":"E","382":"A","383":"A","384":"C","385":",","386":"E","387":"A","388":"A","389":"E","390":",","391":"C","392":"A","393":"A","394":"C","395":";","396":"I","397":"A","398":"C","399":"r","400":"B","401":",","402":"M","403":"A","404":"A","405":"M","406":",","407":"O","408":"A","409":"A","410":"O","411":",","412":"G","413":"A","414":"A","415":"G","416":",","417":"Y","418":"A","419":"A","420":"G","421":",","422":"E","423":"A","424":"A","425":"C","426":",","427":"K","428":"A","429":"A","430":"K","431":",","432":"C","433":"A","434":"A","435":"C","436":";","437":"I","438":"A","439":"C","440":"1","441":"B","442":",","443":"M","444":"A","445":"A","446":"M","447":",","448":"e","449":"A","450":"A","451":"e","452":",","453":"G","454":"A","455":"A","456":"G","457":",","458":"Y","459":"A","460":"A","461":"G","462":",","463":"E","464":"A","465":"A","466":"C","467":",","468":"K","469":"A","470":"A","471":"K","472":",","473":"C","474":"A","475":"A","476":"C","477":";","478":"I","479":"A","480":"C","481":"l","482":"C","483":",","484":"M","485":"A","486":"A","487":"M","488":",","489":"S","490":"A","491":"A","492":"S","493":",","494":"G","495":"A","496":"A","497":"G","498":",","499":"Y","500":"A","501":"A","502":"G","503":",","504":"E","505":"A","506":"A","507":"C","508":",","509":"I","510":"A","511":"A","512":"I","513":",","514":"C","515":"A","516":"A","517":"C","518":";","519":"I","520":"A","521":"E","522":"3","523":"B","524":",","525":"M","526":"A","527":"A","528":"M","529":",","530":"W","531":"A","532":"A","533":"W","534":",","535":"G","536":"A","537":"A","538":"I","539":",","540":"O","541":"A","542":"A","543":"O","544":",","545":"I","546":"A","547":"A","548":"K","549":";","550":"M","551":"A","552":"C","553":"/","554":"B","555":",","556":"M","557":"A","558":"A","559":"M","560":",","561":"O","562":"A","563":"A","564":"O","565":",","566":"G","567":"A","568":"A","569":"G","570":",","571":"S","572":"A","573":"A","574":"S","575":",","576":"C","577":"A","578":"A","579":"C","580":",","581":"K","582":"A","583":"A","584":"K","585":",","586":"C","587":"A","588":"A","589":"C","590":",","591":"I","592":"A","593":"A","594":"I","595":",","596":"C","597":"A","598":"A","599":"E","600":",","601":"C","602":"A","603":"A","604":"C","605":",","606":"I","607":"A","608":"A","609":"K","610":",","611":"C","612":"A","613":"A","614":"C","615":",","616":"C","617":"A","618":"A","619":"C","620":",","621":"I","622":"A","623":"A","624":"I","625":",","626":"K","627":"A","628":"A","629":"K","630":",","631":"O","632":"A","633":"A","634":"O","635":",","636":"C","637":"A","638":"A","639":"C","640":";","641":"M","642":"A","643":"C","644":"/","645":"D","646":",","647":"O","648":"A","649":"A","650":"O","651":",","652":"O","653":"A","654":"A","655":"O","656":",","657":"G","658":"A","659":"A","660":"I","661":",","662":"I","663":"A","664":"A","665":"G","666":",","667":"O","668":"A","669":"A","670":"O","671":",","672":"C","673":"A","674":"A","675":"C","676":",","677":"Q","678":"A","679":"A","680":"S","681":",","682":"E","683":"A","684":"A","685":"C","686":",","687":"G","688":"A","689":"A","690":"G","691":",","692":"E","693":"A","694":"A","695":"E","696":";","697":"I","698":"A","699":"C","700":"9","701":"C","702":",","703":"C","704":"A","705":"A","706":"C","707":";","708":"I","709":"A","710":"E","711":"D","712":",","713":"M","714":"A","715":"A","716":"M","717":",","718":"Q","719":"A","720":"A","721":"Q","722":",","723":"G","724":"A","725":"A","726":"G","727":",","728":"Y","729":"A","730":"A","731":"G","732":",","733":"E","734":"A","735":"A","736":"C","737":",","738":"W","739":"A","740":"A","741":"W","742":",","743":"C","744":"A","745":"A","746":"C","747":",","748":"m","749":"B","750":"A","751":"A","752":"m","753":"B","754":",","755":"C","756":"A","757":"A","758":"C","759":",","760":"K","761":"A","762":"A","763":"K","764":",","765":"C","766":"A","767":"A","768":"C","769":",","770":"C","771":"A","772":"A","773":"C","774":";","775":"I","776":"A","777":"E","778":"5","779":"D","780":",","781":"c","782":"A","783":"A","784":"K","785":",","786":"E","787":"A","788":"A","789":"C","790":",","791":"m","792":"B","793":"A","794":"A","795":"m","796":"B","797":",","798":"E","799":"A","800":"A","801":"G","802":",","803":"U","804":"A","805":"A","806":"U","807":",","808":"I","809":"A","810":"A","811":"K","812":";","813":"M","814":"A","815":"C","816":"z","817":"C","818":",","819":"Q","820":"A","821":"A","822":"Q","823":",","824":"C","825":"A","826":"A","827":"C","828":",","829":"K","830":"A","831":"A","832":"K","833":",","834":"G","835":"A","836":"A","837":"G","838":",","839":"W","840":"A","841":"A","842":"W","843":",","844":"C","845":"A","846":"A","847":"C","848":",","849":"U","850":"A","851":"A","852":"U","853":",","854":"C","855":"A","856":"A","857":"C","858":";","859":"I","860":"A","861":"C","862":"1","863":"C","864":",","865":"C","866":"A","867":"A","868":"C","869":",","870":"C","871":"A","872":"A","873":"C","874":";","875":"I","876":"A","877":"E","878":"F","879":",","880":"M","881":"A","882":"A","883":"M","884":",","885":"K","886":"A","887":"A","888":"K","889":",","890":"G","891":"A","892":"A","893":"G","894":",","895":"Y","896":"A","897":"A","898":"Y","899":";","900":"M","901":"A","902":"C","903":"x","904":"B","905":",","906":"I","907":"A","908":"A","909":"I","910":",","911":"C","912":"A","913":"A","914":"C","915":",","916":"K","917":"A","918":"A","919":"K","920":",","921":"C","922":"A","923":"A","924":"C","925":",","926":"K","927":"A","928":"A","929":"K","930":",","931":"C","932":"A","933":"A","934":"C","935":",","936":"I","937":"A","938":"A","939":"I","940":",","941":"C","942":"A","943":"A","944":"C","945":",","946":"C","947":"A","948":"A","949":"C","950":",","951":"I","952":"A","953":"A","954":"I","955":",","956":"C","957":"A","958":"A","959":"C","960":",","961":"Q","962":"A","963":"A","964":"Q","965":",","966":"C","967":"A","968":"A","969":"C","970":",","971":"K","972":"A","973":"A","974":"K","975":",","976":"C","977":"A","978":"A","979":"C","980":",","981":"I","982":"A","983":"A","984":"I","985":",","986":"C","987":"A","988":"A","989":"C","990":",","991":"C","992":"A","993":"A","994":"C","995":",","996":"E","997":"A","998":"A","999":"E","1000":";","1001":"Q","1002":"A","1003":"C","1004":"j","1005":"D","1006":",","1007":"K","1008":"A","1009":"A","1010":"K","1011":",","1012":"C","1013":"A","1014":"A","1015":"C","1016":",","1017":"K","1018":"A","1019":"A","1020":"K","1021":",","1022":"G","1023":"A","1024":"A","1025":"G","1026":",","1027":"8","1028":"C","1029":"A","1030":"A","1031":"8","1032":"C","1033":";","1034":"Q","1035":"A","1036":"C","1037":"5","1038":"D","1039":",","1040":"O","1041":"A","1042":"A","1043":"O","1044":",","1045":"C","1046":"A","1047":"A","1048":"C","1049":",","1050":"K","1051":"A","1052":"A","1053":"K","1054":",","1055":"G","1056":"A","1057":"A","1058":"G","1059":",","1060":"I","1061":"A","1062":"A","1063":"I","1064":";","1065":"Q","1066":"A","1067":"C","1068":"p","1069":"B","1070":",","1071":"U","1072":"A","1073":"A","1074":"U","1075":",","1076":"C","1077":"A","1078":"A","1079":"C","1080":",","1081":"M","1082":"A","1083":"A","1084":"O","1085":",","1086":"O","1087":"A","1088":"A","1089":"O","1090":",","1091":"C","1092":"A","1093":"A","1094":"C","1095":",","1096":"K","1097":"A","1098":"A","1099":"K","1100":",","1101":"G","1102":"A","1103":"A","1104":"G","1105":",","1106":"K","1107":"A","1108":"A","1109":"M","1110":",","1111":"E","1112":"A","1113":"A","1114":"E","1115":",","1116":"I","1117":"A","1118":"A","1119":"I","1120":",","1121":"C","1122":"A","1123":"A","1124":"C","1125":";","1126":"Q","1127":"A","1128":"C","1129":"/","1130":"C","1131":";","1132":"M","1133":"A","1134":"C","1135":"F","1136":";","1137":"M","1138":"A","1139":"E","1140":"A","1141":",","1142":"M","1143":"A","1144":"A","1145":"M","1146":",","1147":"e","1148":"A","1149":"A","1150":"e","1151":",","1152":"G","1153":"A","1154":"A","1155":"I","1156":",","1157":"G","1158":"A","1159":"A","1160":"E","1161":",","1162":"Q","1163":"A","1164":"A","1165":"Q","1166":",","1167":"C","1168":"A","1169":"A","1170":"C","1171":",","1172":"K","1173":"A","1174":"A","1175":"M","1176":",","1177":"G","1178":"A","1179":"A","1180":"E","1181":",","1182":"K","1183":"A","1184":"A","1185":"K","1186":",","1187":"C","1188":"A","1189":"A","1190":"C","1191":",","1192":"K","1193":"A","1194":"A","1195":"M","1196":",","1197":"E","1198":"A","1199":"A","1200":"C","1201":";","1202":"M","1203":"A","1204":"C","1205":"z","1206":"D","1207":",","1208":"I","1209":"A","1210":"A","1211":"I","1212":";","1213":"Q","1214":"A","1215":"C","1216":"F","1217":",","1218":"M","1219":"A","1220":"A","1221":"M","1222":",","1223":"Q","1224":"A","1225":"A","1226":"Q","1227":",","1228":"G","1229":"A","1230":"A","1231":"G","1232":",","1233":"M","1234":"A","1235":"A","1236":"M","1237":",","1238":"k","1239":"B","1240":"A","1241":"A","1242":"K","1243":",","1244":"E","1245":"A","1246":"A","1247":"C","1248":";","1249":"U","1250":"A","1251":"C","1252":"3","1253":"B","1254":",","1255":"M","1256":"A","1257":"A","1258":"M","1259":",","1260":"E","1261":"A","1262":"A","1263":"E","1264":",","1265":"M","1266":"A","1267":"A","1268":"M","1269":";","1270":"U","1271":"A","1272":"C","1273":"d","1274":",","1275":"G","1276":"A","1277":"A","1278":"G","1279":",","1280":"E","1281":"A","1282":"A","1283":"E","1284":",","1285":"8","1286":"B","1287":"A","1288":"A","1289":"8","1290":"B","1291":";","1292":"U","1293":"A","1294":"C","1295":"n","1296":"C","1297":",","1298":"I","1299":"A","1300":"A","1301":"I","1302":",","1303":"E","1304":"A","1305":"A","1306":"E","1307":";","1308":"Y","1309":"A","1310":"C","1311":"J","1312":",","1313":"Y","1314":"A","1315":"A","1316":"Y","1317":",","1318":"E","1319":"A","1320":"A","1321":"E","1322":",","1323":"e","1324":"A","1325":"A","1326":"e","1327":";","1328":"Y","1329":"A","1330":"C","1331":"7","1332":"B","1333":",","1334":"Q","1335":"A","1336":"A","1337":"Q","1338":",","1339":"E","1340":"A","1341":"A","1342":"E","1343":",","1344":"Q","1345":"A","1346":"A","1347":"Q","1348":",","1349":"C","1350":"A","1351":"A","1352":"C","1353":";","1354":"U","1355":"A","1356":"C","1357":"r","1358":"B","1359":",","1360":"C","1361":"A","1362":"A","1363":"C","1364":";","1365":"U","1366":"A","1367":"C","1368":"D","1369":",","1370":"e","1371":"A","1372":"A","1373":"e","1374":",","1375":"E","1376":"A","1377":"A","1378":"E","1379":",","1380":"I","1381":"A","1382":"A","1383":"I","1384":";","1385":"U","1386":"A","1387":"C","1388":"r","1389":"B","1390":",","1391":"c","1392":"A","1393":"A","1394":"c","1395":",","1396":"E","1397":"A","1398":"A","1399":"G","1400":",","1401":"M","1402":"A","1403":"A","1404":"M","1405":",","1406":"I","1407":"A","1408":"A","1409":"K","1410":",","1411":"M","1412":"A","1413":"A","1414":"M","1415":",","1416":"G","1417":"A","1418":"A","1419":"G","1420":";","1421":"Q","1422":"A","1423":"C","1424":"v","1425":"C","1426":",","1427":"C","1428":"A","1429":"A","1430":"C","1431":",","1432":"C","1433":"A","1434":"A","1435":"C","1436":";","1437":"Q","1438":"A","1439":"E","1440":"F","1441":",","1442":"I","1443":"A","1444":"A","1445":"I","1446":",","1447":"Q","1448":"A","1449":"A","1450":"Q","1451":",","1452":"C","1453":"A","1454":"A","1455":"C","1456":",","1457":"M","1458":"A","1459":"A","1460":"M","1461":",","1462":"K","1463":"A","1464":"A","1465":"K","1466":",","1467":"G","1468":"A","1469":"A","1470":"G","1471":",","1472":"E","1473":"A","1474":"A","1475":"E","1476":";","1477":"U","1478":"A","1479":"C","1480":"3","1481":"B","1482":",","1483":"K","1484":"A","1485":"A","1486":"K","1487":",","1488":"C","1489":"A","1490":"A","1491":"C","1492":",","1493":"K","1494":"A","1495":"A","1496":"K","1497":",","1498":"G","1499":"A","1500":"A","1501":"G","1502":",","1503":"k","1504":"C","1505":"A","1506":"A","1507":"k","1508":"C","1509":";","1510":"U","1511":"A","1512":"C","1513":"h","1514":"D","1515":",","1516":"O","1517":"A","1518":"A","1519":"O","1520":",","1521":"C","1522":"A","1523":"A","1524":"C","1525":",","1526":"K","1527":"A","1528":"A","1529":"K","1530":",","1531":"G","1532":"A","1533":"A","1534":"G","1535":",","1536":"I","1537":"A","1538":"A","1539":"I","1540":";","1541":"U","1542":"A","1543":"C","1544":"p","1545":"B","1546":",","1547":"U","1548":"A","1549":"A","1550":"U","1551":",","1552":"C","1553":"A","1554":"A","1555":"C","1556":",","1557":"M","1558":"A","1559":"A","1560":"O","1561":",","1562":"O","1563":"A","1564":"A","1565":"O","1566":",","1567":"C","1568":"A","1569":"A","1570":"C","1571":",","1572":"K","1573":"A","1574":"A","1575":"K","1576":",","1577":"G","1578":"A","1579":"A","1580":"G","1581":",","1582":"K","1583":"A","1584":"A","1585":"M","1586":",","1587":"E","1588":"A","1589":"A","1590":"E","1591":",","1592":"I","1593":"A","1594":"A","1595":"I","1596":",","1597":"C","1598":"A","1599":"A","1600":"C","1601":";","1602":"U","1603":"A","1604":"C","1605":"/","1606":"C","1607":";","1608":"Q","1609":"A","1610":"C","1611":"F","1612":";","1613":"Q","1614":"A","1615":"E","1616":"A","1617":",","1618":"M","1619":"A","1620":"A","1621":"M","1622":",","1623":"W","1624":"A","1625":"A","1626":"W","1627":",","1628":"G","1629":"A","1630":"A","1631":"G","1632":",","1633":"a","1634":"A","1635":"A","1636":"a","1637":",","1638":"C","1639":"A","1640":"A","1641":"C","1642":",","1643":"c","1644":"A","1645":"A","1646":"c","1647":",","1648":"C","1649":"A","1650":"A","1651":"C","1652":";","1653":"Q","1654":"A","1655":"C","1656":"j","1657":"D","1658":",","1659":"I","1660":"A","1661":"A","1662":"I","1663":",","1664":"W","1665":"A","1666":"A","1667":"W","1668":",","1669":"E","1670":"A","1671":"A","1672":"E","1673":";","1674":"U","1675":"A","1676":"C","1677":"f","1678":",","1679":"M","1680":"A","1681":"A","1682":"M","1683":",","1684":"C","1685":"A","1686":"A","1687":"C","1688":",","1689":"Q","1690":"A","1691":"A","1692":"Q","1693":",","1694":"C","1695":"A","1696":"A","1697":"C","1698":",","1699":"I","1700":"A","1701":"A","1702":"I","1703":",","1704":"G","1705":"A","1706":"A","1707":"G","1708":",","1709":"k","1710":"B","1711":"A","1712":"A","1713":"k","1714":"B","1715":",","1716":"C","1717":"A","1718":"A","1719":"C","1720":",","1721":"W","1722":"A","1723":"A","1724":"W","1725":",","1726":"C","1727":"A","1728":"A","1729":"C","1730":";","1731":"Q","1732":"A","1733":"C","1734":"x","1735":"D","1736":",","1737":"C","1738":"A","1739":"A","1740":"C","1741":",","1742":"M","1743":"A","1744":"A","1745":"M","1746":";","1747":"U","1748":"A","1749":"C","1750":"L","1751":",","1752":"e","1753":"A","1754":"A","1755":"e","1756":",","1757":"C","1758":"A","1759":"A","1760":"C","1761":",","1762":"K","1763":"A","1764":"A","1765":"K","1766":",","1767":"G","1768":"A","1769":"A","1770":"G","1771":",","1772":"I","1773":"A","1774":"A","1775":"I","1776":";","1777":"Q","1778":"A","1779":"C","1780":"9","1781":"B","1782":";","1783":"M","1784":"A","1785":"C","1786":"F","1787":",","1788":"C","1789":"A","1790":"A","1791":"C","1792":",","1793":"C","1794":"A","1795":"A","1796":"C","1797":",","1798":"O","1799":"A","1800":"A","1801":"O","1802":",","1803":"G","1804":"A","1805":"A","1806":"G","1807":",","1808":"E","1809":"A","1810":"A","1811":"E","1812":";","1813":"Q","1814":"A","1815":"C","1816":"Z","1817":",","1818":"K","1819":"A","1820":"A","1821":"K","1822":",","1823":"C","1824":"A","1825":"A","1826":"C","1827":",","1828":"K","1829":"A","1830":"A","1831":"K","1832":",","1833":"G","1834":"A","1835":"A","1836":"G","1837":",","1838":"+","1839":"B","1840":"A","1841":"A","1842":"+","1843":"B","1844":";","1845":"Q","1846":"A","1847":"C","1848":"7","1849":"C","1850":",","1851":"O","1852":"A","1853":"A","1854":"O","1855":",","1856":"C","1857":"A","1858":"A","1859":"C","1860":",","1861":"K","1862":"A","1863":"A","1864":"K","1865":",","1866":"G","1867":"A","1868":"A","1869":"G","1870":",","1871":"I","1872":"A","1873":"A","1874":"I","1875":";","1876":"Q","1877":"A","1878":"C","1879":"p","1880":"B","1881":",","1882":"U","1883":"A","1884":"A","1885":"U","1886":",","1887":"C","1888":"A","1889":"A","1890":"C","1891":",","1892":"M","1893":"A","1894":"A","1895":"O","1896":",","1897":"O","1898":"A","1899":"A","1900":"O","1901":",","1902":"C","1903":"A","1904":"A","1905":"C","1906":",","1907":"K","1908":"A","1909":"A","1910":"K","1911":",","1912":"G","1913":"A","1914":"A","1915":"G","1916":",","1917":"K","1918":"A","1919":"A","1920":"M","1921":",","1922":"E","1923":"A","1924":"A","1925":"E","1926":",","1927":"I","1928":"A","1929":"A","1930":"I","1931":",","1932":"C","1933":"A","1934":"A","1935":"C","1936":";","1937":"Q","1938":"A","1939":"C","1940":"/","1941":"C","1942":",","1943":"O","1944":"A","1945":"A","1946":"O","1947":",","1948":"C","1949":"A","1950":"A","1951":"C","1952":",","1953":"K","1954":"A","1955":"A","1956":"K","1957":",","1958":"C","1959":"A","1960":"A","1961":"C","1962":",","1963":"c","1964":"A","1965":"A","1966":"c","1967":",","1968":"E","1969":"A","1970":"A","1971":"E","1972":",","1973":"G","1974":"A","1975":"A","1976":"G","1977":",","1978":"C","1979":"A","1980":"A","1981":"C","1982":";","1983":"M","1984":"A","1985":"C","1986":"p","1987":"C","1988":",","1989":"C","1990":"A","1991":"A","1992":"C","1993":",","1994":"S","1995":"A","1996":"A","1997":"S","1998":";","1999":"Q","2000":"A","2001":"C","2002":"R","2003":",","2004":"S","2005":"A","2006":"A","2007":"S","2008":",","2009":"C","2010":"A","2011":"A","2012":"C","2013":",","2014":"K","2015":"A","2016":"A","2017":"K","2018":",","2019":"G","2020":"A","2021":"A","2022":"G","2023":",","2024":"K","2025":"A","2026":"A","2027":"K","2028":";","2029":"M","2030":"A","2031":"C","2032":"z","2033":"B","2034":";","2035":"I","2036":"A","2037":"C","2038":"F","2039":",","2040":"C","2041":"A","2042":"A","2043":"C","2044":";","2045":"I","2046":"A","2047":"E","2048":"D","2049":",","2050":"M","2051":"A","2052":"A","2053":"M","2054":",","2055":"M","2056":"A","2057":"A","2058":"M","2059":",","2060":"G","2061":"A","2062":"A","2063":"G","2064":",","2065":"Y","2066":"A","2067":"A","2068":"Y","2069":";","2070":"M","2071":"A","2072":"C","2073":"z","2074":"B","2075":",","2076":"I","2077":"A","2078":"A","2079":"I","2080":";","2081":"Q","2082":"A","2083":"C","2084":"F","2085":",","2086":"M","2087":"A","2088":"A","2089":"M","2090":",","2091":"Q","2092":"A","2093":"A","2094":"Q","2095":",","2096":"G","2097":"A","2098":"A","2099":"G","2100":",","2101":"M","2102":"A","2103":"A","2104":"M","2105":",","2106":"k","2107":"B","2108":"A","2109":"A","2110":"K","2111":",","2112":"E","2113":"A","2114":"A","2115":"C","2116":";","2117":"U","2118":"A","2119":"C","2120":"3","2121":"B","2122":",","2123":"M","2124":"A","2125":"A","2126":"M","2127":",","2128":"E","2129":"A","2130":"A","2131":"E","2132":",","2133":"M","2134":"A","2135":"A","2136":"M","2137":";","2138":"U","2139":"A","2140":"C","2141":"d","2142":",","2143":"G","2144":"A","2145":"A","2146":"G","2147":",","2148":"E","2149":"A","2150":"A","2151":"E","2152":",","2153":"+","2154":"B","2155":"A","2156":"A","2157":"+","2158":"B","2159":";","2160":"U","2161":"A","2162":"C","2163":"p","2164":"C","2165":",","2166":"e","2167":"A","2168":"A","2169":"e","2170":",","2171":"E","2172":"A","2173":"A","2174":"E","2175":",","2176":"I","2177":"A","2178":"A","2179":"I","2180":";","2181":"U","2182":"A","2183":"C","2184":"r","2185":"B","2186":",","2187":"c","2188":"A","2189":"A","2190":"c","2191":",","2192":"E","2193":"A","2194":"A","2195":"G","2196":",","2197":"M","2198":"A","2199":"A","2200":"M","2201":",","2202":"I","2203":"A","2204":"A","2205":"K","2206":",","2207":"M","2208":"A","2209":"A","2210":"M","2211":",","2212":"G","2213":"A","2214":"A","2215":"G","2216":";","2217":"Q","2218":"A","2219":"C","2220":"v","2221":"C","2222":",","2223":"C","2224":"A","2225":"A","2226":"C","2227":",","2228":"C","2229":"A","2230":"A","2231":"C","2232":";","2233":"Q","2234":"A","2235":"E","2236":"F","2237":",","2238":"I","2239":"A","2240":"A","2241":"I","2242":",","2243":"Q","2244":"A","2245":"A","2246":"Q","2247":",","2248":"C","2249":"A","2250":"A","2251":"C","2252":",","2253":"M","2254":"A","2255":"A","2256":"M","2257":",","2258":"K","2259":"A","2260":"A","2261":"K","2262":",","2263":"G","2264":"A","2265":"A","2266":"G","2267":",","2268":"E","2269":"A","2270":"A","2271":"E","2272":";","2273":"U","2274":"A","2275":"C","2276":"3","2277":"B","2278":",","2279":"e","2280":"A","2281":"A","2282":"e","2283":",","2284":"C","2285":"A","2286":"A","2287":"C","2288":",","2289":"K","2290":"A","2291":"A","2292":"K","2293":",","2294":"G","2295":"A","2296":"A","2297":"G","2298":",","2299":"K","2300":"A","2301":"A","2302":"K","2303":";","2304":"Q","2305":"A","2306":"C","2307":"/","2308":"B","2309":",","2310":"C","2311":"A","2312":"A","2313":"C","2314":",","2315":"M","2316":"A","2317":"A","2318":"M","2319":";","2320":"U","2321":"A","2322":"C","2323":"L","2324":",","2325":"O","2326":"A","2327":"A","2328":"O","2329":",","2330":"C","2331":"A","2332":"A","2333":"C","2334":",","2335":"K","2336":"A","2337":"A","2338":"K","2339":",","2340":"C","2341":"A","2342":"A","2343":"C","2344":",","2345":"4","2346":"B","2347":"A","2348":"A","2349":"4","2350":"B","2351":",","2352":"E","2353":"A","2354":"A","2355":"E","2356":",","2357":"Q","2358":"A","2359":"A","2360":"Q","2361":",","2362":"C","2363":"A","2364":"A","2365":"C","2366":",","2367":"M","2368":"A","2369":"A","2370":"M","2371":",","2372":"C","2373":"A","2374":"A","2375":"C","2376":";","2377":"Q","2378":"A","2379":"C","2380":"9","2381":"D","2382":";","2383":"M","2384":"A","2385":"C","2386":"F","2387":",","2388":"C","2389":"A","2390":"A","2391":"C","2392":",","2393":"C","2394":"A","2395":"A","2396":"C","2397":",","2398":"O","2399":"A","2400":"A","2401":"O","2402":",","2403":"G","2404":"A","2405":"A","2406":"G","2407":",","2408":"E","2409":"A","2410":"A","2411":"E","2412":";","2413":"Q","2414":"A","2415":"C","2416":"Z","2417":",","2418":"O","2419":"A","2420":"A","2421":"O","2422":",","2423":"C","2424":"A","2425":"A","2426":"C","2427":",","2428":"K","2429":"A","2430":"A","2431":"K","2432":",","2433":"C","2434":"A","2435":"A","2436":"C","2437":",","2438":"g","2439":"B","2440":"A","2441":"A","2442":"g","2443":"B","2444":",","2445":"E","2446":"A","2447":"A","2448":"E","2449":",","2450":"G","2451":"A","2452":"A","2453":"G","2454":",","2455":"C","2456":"A","2457":"A","2458":"C","2459":";","2460":"M","2461":"A","2462":"C","2463":"t","2464":"C","2465":",","2466":"C","2467":"A","2468":"A","2469":"C","2470":",","2471":"S","2472":"A","2473":"A","2474":"S","2475":";","2476":"Q","2477":"A","2478":"C","2479":"R","2480":",","2481":"S","2482":"A","2483":"A","2484":"S","2485":",","2486":"C","2487":"A","2488":"A","2489":"C","2490":",","2491":"K","2492":"A","2493":"A","2494":"K","2495":",","2496":"G","2497":"A","2498":"A","2499":"G","2500":",","2501":"K","2502":"A","2503":"A","2504":"K","2505":";","2506":"M","2507":"A","2508":"C","2509":"z","2510":"B","2511":";","2512":"I","2513":"A","2514":"C","2515":"F","2516":",","2517":"C","2518":"A","2519":"A","2520":"C","2521":";","2522":"I","2523":"A","2524":"E","2525":"D","2526":",","2527":"S","2528":"A","2529":"A","2530":"S","2531":",","2532":"a","2533":"A","2534":"A","2535":"a","2536":",","2537":"C","2538":"A","2539":"A","2540":"C","2541":",","2542":"K","2543":"A","2544":"A","2545":"K","2546":",","2547":"E","2548":"A","2549":"A","2550":"E","2551":";","2552":"M","2553":"A","2554":"C","2555":"5","2556":"B","2557":",","2558":"M","2559":"A","2560":"A","2561":"M","2562":",","2563":"S","2564":"A","2565":"A","2566":"S","2567":",","2568":"G","2569":"A","2570":"A","2571":"G","2572":",","2573":"I","2574":"A","2575":"A","2576":"I","2577":",","2578":"e","2579":"A","2580":"A","2581":"e","2582":",","2583":"C","2584":"A","2585":"A","2586":"C","2587":",","2588":"M","2589":"A","2590":"A","2591":"M","2592":",","2593":"C","2594":"A","2595":"A","2596":"C","2597":",","2598":"Q","2599":"A","2600":"A","2601":"Q","2602":",","2603":"C","2604":"A","2605":"A","2606":"C","2607":",","2608":"M","2609":"A","2610":"A","2611":"M","2612":",","2613":"C","2614":"A","2615":"A","2616":"C","2617":";","2618":"M","2619":"A","2620":"C","2621":"7","2622":"D","2623":",","2624":"O","2625":"A","2626":"A","2627":"O","2628":",","2629":"S","2630":"A","2631":"A","2632":"S","2633":",","2634":"C","2635":"A","2636":"A","2637":"C","2638":",","2639":"G","2640":"A","2641":"A","2642":"G","2643":",","2644":"C","2645":"A","2646":"A","2647":"C","2648":",","2649":"K","2650":"A","2651":"A","2652":"K","2653":",","2654":"C","2655":"A","2656":"A","2657":"C","2658":";","2659":"I","2660":"A","2661":"C","2662":"7","2663":"B","2664":";","2665":"I","2666":"A","2667":"E","2668":"A","2669":",","2670":"M","2671":"A","2672":"A","2673":"M","2674":",","2675":"y","2676":"B","2677":"A","2678":"A","2679":"y","2680":"B","2681":",","2682":"G","2683":"A","2684":"A","2685":"G","2686":",","2687":"Y","2688":"A","2689":"A","2690":"Y","2691":";","2692":"M","2693":"A","2694":"C","2695":"5","2696":"C","2697":",","2698":"I","2699":"A","2700":"A","2701":"I","2702":";","2703":"Q","2704":"A","2705":"C","2706":"F","2707":",","2708":"M","2709":"A","2710":"A","2711":"M","2712":",","2713":"Q","2714":"A","2715":"A","2716":"Q","2717":",","2718":"G","2719":"A","2720":"A","2721":"G","2722":",","2723":"M","2724":"A","2725":"A","2726":"M","2727":",","2728":"k","2729":"B","2730":"A","2731":"A","2732":"K","2733":",","2734":"E","2735":"A","2736":"A","2737":"C","2738":";","2739":"U","2740":"A","2741":"C","2742":"3","2743":"B","2744":",","2745":"M","2746":"A","2747":"A","2748":"M","2749":",","2750":"E","2751":"A","2752":"A","2753":"E","2754":",","2755":"M","2756":"A","2757":"A","2758":"M","2759":";","2760":"U","2761":"A","2762":"C","2763":"d","2764":",","2765":"G","2766":"A","2767":"A","2768":"G","2769":",","2770":"E","2771":"A","2772":"A","2773":"E","2774":",","2775":"+","2776":"B","2777":"A","2778":"A","2779":"+","2780":"B","2781":";","2782":"U","2783":"A","2784":"C","2785":"p","2786":"C","2787":",","2788":"e","2789":"A","2790":"A","2791":"e","2792":",","2793":"E","2794":"A","2795":"A","2796":"E","2797":",","2798":"I","2799":"A","2800":"A","2801":"I","2802":";","2803":"U","2804":"A","2805":"C","2806":"r","2807":"B","2808":",","2809":"c","2810":"A","2811":"A","2812":"c","2813":",","2814":"E","2815":"A","2816":"A","2817":"G","2818":",","2819":"M","2820":"A","2821":"A","2822":"M","2823":",","2824":"I","2825":"A","2826":"A","2827":"K","2828":",","2829":"M","2830":"A","2831":"A","2832":"M","2833":",","2834":"G","2835":"A","2836":"A","2837":"G","2838":";","2839":"Q","2840":"A","2841":"C","2842":"v","2843":"C","2844":",","2845":"C","2846":"A","2847":"A","2848":"C","2849":",","2850":"C","2851":"A","2852":"A","2853":"C","2854":";","2855":"Q","2856":"A","2857":"E","2858":"F","2859":",","2860":"I","2861":"A","2862":"A","2863":"I","2864":",","2865":"Q","2866":"A","2867":"A","2868":"Q","2869":",","2870":"C","2871":"A","2872":"A","2873":"C","2874":",","2875":"M","2876":"A","2877":"A","2878":"M","2879":",","2880":"K","2881":"A","2882":"A","2883":"K","2884":",","2885":"G","2886":"A","2887":"A","2888":"G","2889":",","2890":"E","2891":"A","2892":"A","2893":"E","2894":";","2895":"U","2896":"A","2897":"C","2898":"3","2899":"B","2900":",","2901":"e","2902":"A","2903":"A","2904":"e","2905":",","2906":"C","2907":"A","2908":"A","2909":"C","2910":",","2911":"K","2912":"A","2913":"A","2914":"K","2915":",","2916":"G","2917":"A","2918":"A","2919":"G","2920":",","2921":"I","2922":"A","2923":"A","2924":"I","2925":";","2926":"Q","2927":"A","2928":"C","2929":"9","2930":"B","2931":";","2932":"M","2933":"A","2934":"C","2935":"F","2936":",","2937":"C","2938":"A","2939":"A","2940":"C","2941":",","2942":"C","2943":"A","2944":"A","2945":"C","2946":",","2947":"O","2948":"A","2949":"A","2950":"O","2951":",","2952":"G","2953":"A","2954":"A","2955":"G","2956":",","2957":"E","2958":"A","2959":"A","2960":"E","2961":";","2962":"Q","2963":"A","2964":"C","2965":"Z","2966":",","2967":"O","2968":"A","2969":"A","2970":"O","2971":",","2972":"C","2973":"A","2974":"A","2975":"C","2976":",","2977":"K","2978":"A","2979":"A","2980":"K","2981":",","2982":"C","2983":"A","2984":"A","2985":"C","2986":",","2987":"Q","2988":"A","2989":"A","2990":"Q","2991":",","2992":"E","2993":"A","2994":"A","2995":"E","2996":",","2997":"G","2998":"A","2999":"A","3000":"G","3001":",","3002":"C","3003":"A","3004":"A","3005":"C","3006":";","3007":"M","3008":"A","3009":"C","3010":"9","3011":"B","3012":",","3013":"C","3014":"A","3015":"A","3016":"C","3017":",","3018":"S","3019":"A","3020":"A","3021":"S","3022":";","3023":"Q","3024":"A","3025":"C","3026":"R","3027":",","3028":"S","3029":"A","3030":"A","3031":"S","3032":",","3033":"C","3034":"A","3035":"A","3036":"C","3037":",","3038":"K","3039":"A","3040":"A","3041":"K","3042":",","3043":"G","3044":"A","3045":"A","3046":"G","3047":",","3048":"K","3049":"A","3050":"A","3051":"K","3052":";","3053":"M","3054":"A","3055":"C","3056":"z","3057":"B","3058":";","3059":"I","3060":"A","3061":"C","3062":"F","3063":",","3064":"C","3065":"A","3066":"A","3067":"C","3068":";","3069":"I","3070":"A","3071":"E","3072":"D","3073":",","3074":"k","3075":"B","3076":"A","3077":"A","3078":"S","3079":",","3080":"E","3081":"A","3082":"A","3083":"C","3084":",","3085":"y","3086":"B","3087":"A","3088":"A","3089":"y","3090":"B","3091":",","3092":"C","3093":"A","3094":"A","3095":"C","3096":";","3097":"I","3098":"A","3099":"E","3100":"p","3101":"C","3102":",","3103":"O","3104":"A","3105":"A","3106":"O","3107":";","3108":"M","3109":"A","3110":"C","3111":"L","3112":",","3113":"W","3114":"A","3115":"A","3116":"W","3117":",","3118":"E","3119":"A","3120":"A","3121":"E","3122":",","3123":"m","3124":"B","3125":"A","3126":"A","3127":"m","3128":"B","3129":";","3130":"M","3131":"A","3132":"C","3133":"h","3134":"C","3135":",","3136":"S","3137":"A","3138":"A","3139":"S","3140":";","3141":"M","3142":"A","3143":"C","3144":"T","3145":",","3146":"K","3147":"A","3148":"A","3149":"K","3150":";","3151":"M","3152":"A","3153":"C","3154":"L","3155":",","3156":"Q","3157":"A","3158":"A","3159":"Q","3160":";","3161":"M","3162":"A","3163":"C","3164":"R","3165":",","3166":"K","3167":"A","3168":"A","3169":"K","3170":";","3171":"M","3172":"A","3173":"C","3174":"L","3175":",","3176":"O","3177":"A","3178":"A","3179":"O","3180":";","3181":"M","3182":"A","3183":"C","3184":"P","3185":",","3186":"K","3187":"A","3188":"A","3189":"K","3190":";","3191":"M","3192":"A","3193":"C","3194":"L","3195":",","3196":"e","3197":"A","3198":"A","3199":"e","3200":";","3201":"M","3202":"A","3203":"C","3204":"f","3205":",","3206":"M","3207":"A","3208":"A","3209":"M","3210":";","3211":"M","3212":"A","3213":"C","3214":"N","3215":";","3216":"I","3217":"A","3218":"C","3219":"F","3220":",","3221":"C","3222":"A","3223":"A","3224":"C","3225":";","3226":"E","3227":"A","3228":"C","3229":"H","3230":";","3231":"A","3232":"A","3233":"C","3234":"F","3235":",","3236":"C","3237":"A","3238":"A","3239":"C","3240":"\"","3241":",","3242":"\"","3243":"f","3244":"i","3245":"l","3246":"e","3247":"\"","3248":":","3249":"\"","3250":"C","3251":":","3252":"\\","3253":"\\","3254":"U","3255":"s","3256":"e","3257":"r","3258":"s","3259":"\\","3260":"\\","3261":"F","3262":"r","3263":"o","3264":"d","3265":"e","3266":"\\","3267":"\\","3268":"D","3269":"o","3270":"c","3271":"u","3272":"m","3273":"e","3274":"n","3275":"t","3276":"s","3277":"\\","3278":"\\","3279":"B","3280":"a","3281":"c","3282":"h","3283":"e","3284":"l","3285":"o","3286":"r","3287":"\\","3288":"\\","3289":"p","3290":"o","3291":"r","3292":"t","3293":"a","3294":"l","3295":"\\","3296":"\\","3297":"f","3298":"r","3299":"o","3300":"n","3301":"t","3302":"e","3303":"n","3304":"d","3305":"\\","3306":"\\","3307":"s","3308":"r","3309":"c","3310":"\\","3311":"\\","3312":"c","3313":"o","3314":"m","3315":"p","3316":"o","3317":"n","3318":"e","3319":"n","3320":"t","3321":"s","3322":"\\","3323":"\\","3324":"L","3325":"o","3326":"g","3327":"i","3328":"n","3329":"F","3330":"o","3331":"r","3332":"m","3333":".","3334":"v","3335":"u","3336":"e","3337":"\"","3338":",","3339":"\"","3340":"s","3341":"o","3342":"u","3343":"r","3344":"c","3345":"e","3346":"s","3347":"C","3348":"o","3349":"n","3350":"t","3351":"e","3352":"n","3353":"t","3354":"\"","3355":":","3356":"[","3357":"\"","3358":"<","3359":"t","3360":"e","3361":"m","3362":"p","3363":"l","3364":"a","3365":"t","3366":"e","3367":">","3368":"\\","3369":"r","3370":"\\","3371":"n","3372":" ","3373":" ","3374":"<","3375":"d","3376":"i","3377":"v","3378":" ","3379":"c","3380":"l","3381":"a","3382":"s","3383":"s","3384":"=","3385":"\\","3386":"\"","3387":"l","3388":"o","3389":"g","3390":"i","3391":"n","3392":"-","3393":"b","3394":"o","3395":"x","3396":"\\","3397":"\"","3398":">","3399":"\\","3400":"r","3401":"\\","3402":"n","3403":" ","3404":" ","3405":" ","3406":" ","3407":"<","3408":"d","3409":"i","3410":"v","3411":" ","3412":"v","3413":"-","3414":"i","3415":"f","3416":"=","3417":"\\","3418":"\"","3419":"i","3420":"s","3421":"L","3422":"o","3423":"a","3424":"d","3425":"i","3426":"n","3427":"g","3428":"\\","3429":"\"","3430":">","3431":"\\","3432":"r","3433":"\\","3434":"n","3435":" ","3436":" ","3437":" ","3438":" ","3439":" ","3440":" ","3441":"<","3442":"p","3443":">","3444":"L","3445":"o","3446":"a","3447":"d","3448":"i","3449":"n","3450":"g","3451":".","3452":".","3453":".","3454":"<","3455":"/","3456":"p","3457":">","3458":"\\","3459":"r","3460":"\\","3461":"n","3462":" ","3463":" ","3464":" ","3465":" ","3466":"<","3467":"/","3468":"d","3469":"i","3470":"v","3471":">","3472":"\\","3473":"r","3474":"\\","3475":"n","3476":"\\","3477":"r","3478":"\\","3479":"n","3480":" ","3481":" ","3482":" ","3483":" ","3484":"<","3485":"d","3486":"i","3487":"v","3488":" ","3489":"v","3490":"-","3491":"e","3492":"l","3493":"s","3494":"e","3495":"-","3496":"i","3497":"f","3498":"=","3499":"\\","3500":"\"","3501":"!","3502":"i","3503":"s","3504":"A","3505":"u","3506":"t","3507":"h","3508":"e","3509":"n","3510":"t","3511":"i","3512":"c","3513":"a","3514":"t","3515":"e","3516":"d","3517":"\\","3518":"\"","3519":">","3520":"\\","3521":"r","3522":"\\","3523":"n","3524":" ","3525":" ","3526":" ","3527":" ","3528":" ","3529":" ","3530":"<","3531":"f","3532":"o","3533":"r","3534":"m","3535":" ","3536":"@","3537":"s","3538":"u","3539":"b","3540":"m","3541":"i","3542":"t","3543":".","3544":"p","3545":"r","3546":"e","3547":"v","3548":"e","3549":"n","3550":"t","3551":"=","3552":"\\","3553":"\"","3554":"l","3555":"o","3556":"g","3557":"i","3558":"n","3559":"\\","3560":"\"","3561":">","3562":"\\","3563":"r","3564":"\\","3565":"n","3566":" ","3567":" ","3568":" ","3569":" ","3570":" ","3571":" ","3572":" ","3573":" ","3574":"<","3575":"d","3576":"i","3577":"v","3578":" ","3579":"c","3580":"l","3581":"a","3582":"s","3583":"s","3584":"=","3585":"\\","3586":"\"","3587":"i","3588":"n","3589":"p","3590":"u","3591":"t","3592":"-","3593":"g","3594":"r","3595":"o","3596":"u","3597":"p","3598":"\\","3599":"\"","3600":">","3601":"\\","3602":"r","3603":"\\","3604":"n","3605":" ","3606":" ","3607":" ","3608":" ","3609":" ","3610":" ","3611":" ","3612":" ","3613":" ","3614":" ","3615":"<","3616":"s","3617":"e","3618":"l","3619":"e","3620":"c","3621":"t","3622":" ","3623":"v","3624":"-","3625":"m","3626":"o","3627":"d","3628":"e","3629":"l","3630":"=","3631":"\\","3632":"\"","3633":"c","3634":"o","3635":"u","3636":"n","3637":"t","3638":"r","3639":"y","3640":"C","3641":"o","3642":"d","3643":"e","3644":"\\","3645":"\"","3646":" ","3647":"c","3648":"l","3649":"a","3650":"s","3651":"s","3652":"=","3653":"\\","3654":"\"","3655":"c","3656":"o","3657":"u","3658":"n","3659":"t","3660":"r","3661":"y","3662":"-","3663":"c","3664":"o","3665":"d","3666":"e","3667":"\\","3668":"\"","3669":">","3670":"\\","3671":"r","3672":"\\","3673":"n","3674":" ","3675":" ","3676":" ","3677":" ","3678":" ","3679":" ","3680":" ","3681":" ","3682":" ","3683":" ","3684":" ","3685":" ","3686":"<","3687":"o","3688":"p","3689":"t","3690":"i","3691":"o","3692":"n","3693":" ","3694":"v","3695":"-","3696":"b","3697":"i","3698":"n","3699":"d","3700":":","3701":"v","3702":"a","3703":"l","3704":"u","3705":"e","3706":"=","3707":"\\","3708":"\"","3709":"'","3710":"n","3711":"o","3712":"'","3713":"\\","3714":"\"","3715":">","3716":"N","3717":"o","3718":"r","3719":"g","3720":"e","3721":" ","3722":"(","3723":"+","3724":"4","3725":"7","3726":")","3727":"<","3728":"/","3729":"o","3730":"p","3731":"t","3732":"i","3733":"o","3734":"n","3735":">","3736":"\\","3737":"r","3738":"\\","3739":"n","3740":" ","3741":" ","3742":" ","3743":" ","3744":" ","3745":" ","3746":" ","3747":" ","3748":" ","3749":" ","3750":" ","3751":" ","3752":"<","3753":"o","3754":"p","3755":"t","3756":"i","3757":"o","3758":"n","3759":"\\","3760":"r","3761":"\\","3762":"n","3763":" ","3764":" ","3765":" ","3766":" ","3767":" ","3768":" ","3769":" ","3770":" ","3771":" ","3772":" ","3773":" ","3774":" ","3775":" ","3776":" ","3777":"v","3778":"-","3779":"f","3780":"o","3781":"r","3782":"=","3783":"\\","3784":"\"","3785":"c","3786":"o","3787":"u","3788":"n","3789":"t","3790":"r","3791":"y","3792":" ","3793":"i","3794":"n","3795":" ","3796":"c","3797":"o","3798":"u","3799":"n","3800":"t","3801":"r","3802":"i","3803":"e","3804":"s","3805":"\\","3806":"\"","3807":"\\","3808":"r","3809":"\\","3810":"n","3811":" ","3812":" ","3813":" ","3814":" ","3815":" ","3816":" ","3817":" ","3818":" ","3819":" ","3820":" ","3821":" ","3822":" ","3823":" ","3824":" ","3825":":","3826":"k","3827":"e","3828":"y","3829":"=","3830":"\\","3831":"\"","3832":"c","3833":"o","3834":"u","3835":"n","3836":"t","3837":"r","3838":"y","3839":".","3840":"i","3841":"s","3842":"o","3843":"2","3844":"\\","3845":"\"","3846":"\\","3847":"r","3848":"\\","3849":"n","3850":" ","3851":" ","3852":" ","3853":" ","3854":" ","3855":" ","3856":" ","3857":" ","3858":" ","3859":" ","3860":" ","3861":" ","3862":" ","3863":" ","3864":"v","3865":"-","3866":"b","3867":"i","3868":"n","3869":"d","3870":":","3871":"v","3872":"a","3873":"l","3874":"u","3875":"e","3876":"=","3877":"\\","3878":"\"","3879":"c","3880":"o","3881":"u","3882":"n","3883":"t","3884":"r","3885":"y","3886":".","3887":"i","3888":"s","3889":"o","3890":"2","3891":"\\","3892":"\"","3893":"\\","3894":"r","3895":"\\","3896":"n","3897":" ","3898":" ","3899":" ","3900":" ","3901":" ","3902":" ","3903":" ","3904":" ","3905":" ","3906":" ","3907":" ","3908":" ","3909":">","3910":"\\","3911":"r","3912":"\\","3913":"n","3914":" ","3915":" ","3916":" ","3917":" ","3918":" ","3919":" ","3920":" ","3921":" ","3922":" ","3923":" ","3924":" ","3925":" ","3926":" ","3927":" ","3928":"{","3929":"{","3930":" ","3931":"c","3932":"o","3933":"u","3934":"n","3935":"t","3936":"r","3937":"y","3938":".","3939":"n","3940":"a","3941":"m","3942":"e","3943":" ","3944":"}","3945":"}","3946":" ","3947":"(","3948":"+","3949":"{","3950":"{","3951":" ","3952":"c","3953":"o","3954":"u","3955":"n","3956":"t","3957":"r","3958":"y","3959":".","3960":"d","3961":"i","3962":"a","3963":"l","3964":"C","3965":"o","3966":"d","3967":"e","3968":" ","3969":"}","3970":"}","3971":")","3972":"\\","3973":"r","3974":"\\","3975":"n","3976":" ","3977":" ","3978":" ","3979":" ","3980":" ","3981":" ","3982":" ","3983":" ","3984":" ","3985":" ","3986":" ","3987":" ","3988":"<","3989":"/","3990":"o","3991":"p","3992":"t","3993":"i","3994":"o","3995":"n","3996":">","3997":"\\","3998":"r","3999":"\\","4000":"n","4001":" ","4002":" ","4003":" ","4004":" ","4005":" ","4006":" ","4007":" ","4008":" ","4009":" ","4010":" ","4011":"<","4012":"/","4013":"s","4014":"e","4015":"l","4016":"e","4017":"c","4018":"t","4019":">","4020":"\\","4021":"r","4022":"\\","4023":"n","4024":" ","4025":" ","4026":" ","4027":" ","4028":" ","4029":" ","4030":" ","4031":" ","4032":" ","4033":" ","4034":"<","4035":"i","4036":"n","4037":"p","4038":"u","4039":"t","4040":"\\","4041":"r","4042":"\\","4043":"n","4044":" ","4045":" ","4046":" ","4047":" ","4048":" ","4049":" ","4050":" ","4051":" ","4052":" ","4053":" ","4054":" ","4055":" ","4056":"v","4057":"-","4058":"m","4059":"o","4060":"d","4061":"e","4062":"l","4063":"=","4064":"\\","4065":"\"","4066":"p","4067":"h","4068":"o","4069":"n","4070":"e","4071":"\\","4072":"\"","4073":"\\","4074":"r","4075":"\\","4076":"n","4077":" ","4078":" ","4079":" ","4080":" ","4081":" ","4082":" ","4083":" ","4084":" ","4085":" ","4086":" ","4087":" ","4088":" ","4089":"i","4090":"d","4091":"=","4092":"\\","4093":"\"","4094":"p","4095":"h","4096":"o","4097":"n","4098":"e","4099":"\\","4100":"\"","4101":"\\","4102":"r","4103":"\\","4104":"n","4105":" ","4106":" ","4107":" ","4108":" ","4109":" ","4110":" ","4111":" ","4112":" ","4113":" ","4114":" ","4115":" ","4116":" ","4117":"t","4118":"y","4119":"p","4120":"e","4121":"=","4122":"\\","4123":"\"","4124":"t","4125":"e","4126":"l","4127":"\\","4128":"\"","4129":"\\","4130":"r","4131":"\\","4132":"n","4133":" ","4134":" ","4135":" ","4136":" ","4137":" ","4138":" ","4139":" ","4140":" ","4141":" ","4142":" ","4143":" ","4144":" ","4145":"c","4146":"l","4147":"a","4148":"s","4149":"s","4150":"=","4151":"\\","4152":"\"","4153":"p","4154":"h","4155":"o","4156":"n","4157":"e","4158":"-","4159":"n","4160":"u","4161":"m","4162":"b","4163":"e","4164":"r","4165":"\\","4166":"\"","4167":"\\","4168":"r","4169":"\\","4170":"n","4171":" ","4172":" ","4173":" ","4174":" ","4175":" ","4176":" ","4177":" ","4178":" ","4179":" ","4180":" ","4181":" ","4182":" ","4183":"p","4184":"l","4185":"a","4186":"c","4187":"e","4188":"h","4189":"o","4190":"l","4191":"d","4192":"e","4193":"r","4194":"=","4195":"\\","4196":"\"","4197":"T","4198":"e","4199":"l","4200":"e","4201":"f","4202":"o","4203":"n","4204":"n","4205":"u","4206":"m","4207":"m","4208":"e","4209":"r","4210":"\\","4211":"\"","4212":"\\","4213":"r","4214":"\\","4215":"n","4216":" ","4217":" ","4218":" ","4219":" ","4220":" ","4221":" ","4222":" ","4223":" ","4224":" ","4225":" ","4226":"/","4227":">","4228":"\\","4229":"r","4230":"\\","4231":"n","4232":" ","4233":" ","4234":" ","4235":" ","4236":" ","4237":" ","4238":" ","4239":" ","4240":"<","4241":"/","4242":"d","4243":"i","4244":"v","4245":">","4246":"\\","4247":"r","4248":"\\","4249":"n","4250":" ","4251":" ","4252":" ","4253":" ","4254":" ","4255":" ","4256":" ","4257":" ","4258":"<","4259":"d","4260":"i","4261":"v","4262":" ","4263":"c","4264":"l","4265":"a","4266":"s","4267":"s","4268":"=","4269":"\\","4270":"\"","4271":"i","4272":"n","4273":"p","4274":"u","4275":"t","4276":"-","4277":"g","4278":"r","4279":"o","4280":"u","4281":"p","4282":"\\","4283":"\"","4284":">","4285":"\\","4286":"r","4287":"\\","4288":"n","4289":" ","4290":" ","4291":" ","4292":" ","4293":" ","4294":" ","4295":" ","4296":" ","4297":" ","4298":" ","4299":"<","4300":"i","4301":"n","4302":"p","4303":"u","4304":"t","4305":"\\","4306":"r","4307":"\\","4308":"n","4309":" ","4310":" ","4311":" ","4312":" ","4313":" ","4314":" ","4315":" ","4316":" ","4317":" ","4318":" ","4319":" ","4320":" ","4321":"v","4322":"-","4323":"m","4324":"o","4325":"d","4326":"e","4327":"l","4328":"=","4329":"\\","4330":"\"","4331":"p","4332":"a","4333":"s","4334":"s","4335":"w","4336":"o","4337":"r","4338":"d","4339":"\\","4340":"\"","4341":"\\","4342":"r","4343":"\\","4344":"n","4345":" ","4346":" ","4347":" ","4348":" ","4349":" ","4350":" ","4351":" ","4352":" ","4353":" ","4354":" ","4355":" ","4356":" ","4357":"i","4358":"d","4359":"=","4360":"\\","4361":"\"","4362":"p","4363":"a","4364":"s","4365":"s","4366":"w","4367":"o","4368":"r","4369":"d","4370":"\\","4371":"\"","4372":"\\","4373":"r","4374":"\\","4375":"n","4376":" ","4377":" ","4378":" ","4379":" ","4380":" ","4381":" ","4382":" ","4383":" ","4384":" ","4385":" ","4386":" ","4387":" ","4388":"t","4389":"y","4390":"p","4391":"e","4392":"=","4393":"\\","4394":"\"","4395":"p","4396":"a","4397":"s","4398":"s","4399":"w","4400":"o","4401":"r","4402":"d","4403":"\\","4404":"\"","4405":"\\","4406":"r","4407":"\\","4408":"n","4409":" ","4410":" ","4411":" ","4412":" ","4413":" ","4414":" ","4415":" ","4416":" ","4417":" ","4418":" ","4419":" ","4420":" ","4421":"c","4422":"l","4423":"a","4424":"s","4425":"s","4426":"=","4427":"\\","4428":"\"","4429":"p","4430":"a","4431":"s","4432":"s","4433":"w","4434":"o","4435":"r","4436":"d","4437":"-","4438":"i","4439":"n","4440":"p","4441":"u","4442":"t","4443":"\\","4444":"\"","4445":"\\","4446":"r","4447":"\\","4448":"n","4449":" ","4450":" ","4451":" ","4452":" ","4453":" ","4454":" ","4455":" ","4456":" ","4457":" ","4458":" ","4459":" ","4460":" ","4461":"p","4462":"l","4463":"a","4464":"c","4465":"e","4466":"h","4467":"o","4468":"l","4469":"d","4470":"e","4471":"r","4472":"=","4473":"\\","4474":"\"","4475":"P","4476":"a","4477":"s","4478":"s","4479":"o","4480":"r","4481":"d","4482":"\\","4483":"\"","4484":"\\","4485":"r","4486":"\\","4487":"n","4488":" ","4489":" ","4490":" ","4491":" ","4492":" ","4493":" ","4494":" ","4495":" ","4496":" ","4497":" ","4498":"/","4499":">","4500":"\\","4501":"r","4502":"\\","4503":"n","4504":" ","4505":" ","4506":" ","4507":" ","4508":" ","4509":" ","4510":" ","4511":" ","4512":"<","4513":"/","4514":"d","4515":"i","4516":"v","4517":">","4518":"\\","4519":"r","4520":"\\","4521":"n","4522":"\\","4523":"r","4524":"\\","4525":"n","4526":" ","4527":" ","4528":" ","4529":" ","4530":" ","4531":" ","4532":" ","4533":" ","4534":"<","4535":"d","4536":"i","4537":"v","4538":" ","4539":"v","4540":"-","4541":"s","4542":"h","4543":"o","4544":"w","4545":"=","4546":"\\","4547":"\"","4548":"i","4549":"s","4550":"E","4551":"r","4552":"r","4553":"o","4554":"r","4555":"\\","4556":"\"","4557":" ","4558":"c","4559":"l","4560":"a","4561":"s","4562":"s","4563":"=","4564":"\\","4565":"\"","4566":"e","4567":"r","4568":"r","4569":"o","4570":"r","4571":"-","4572":"m","4573":"e","4574":"s","4575":"s","4576":"a","4577":"g","4578":"e","4579":"\\","4580":"\"","4581":">","4582":"\\","4583":"r","4584":"\\","4585":"n","4586":" ","4587":" ","4588":" ","4589":" ","4590":" ","4591":" ","4592":" ","4593":" ","4594":" ","4595":" ","4596":"{","4597":"{","4598":" ","4599":"e","4600":"r","4601":"r","4602":"o","4603":"r","4604":" ","4605":"}","4606":"}","4607":"\\","4608":"r","4609":"\\","4610":"n","4611":" ","4612":" ","4613":" ","4614":" ","4615":" ","4616":" ","4617":" ","4618":" ","4619":"<","4620":"/","4621":"d","4622":"i","4623":"v","4624":">","4625":"\\","4626":"r","4627":"\\","4628":"n","4629":"\\","4630":"r","4631":"\\","4632":"n","4633":" ","4634":" ","4635":" ","4636":" ","4637":" ","4638":" ","4639":" ","4640":" ","4641":"<","4642":"b","4643":"u","4644":"t","4645":"t","4646":"o","4647":"n","4648":" ","4649":"t","4650":"y","4651":"p","4652":"e","4653":"=","4654":"\\","4655":"\"","4656":"s","4657":"u","4658":"b","4659":"m","4660":"i","4661":"t","4662":"\\","4663":"\"","4664":" ","4665":"c","4666":"l","4667":"a","4668":"s","4669":"s","4670":"=","4671":"\\","4672":"\"","4673":"l","4674":"o","4675":"g","4676":"i","4677":"n","4678":"-","4679":"b","4680":"u","4681":"t","4682":"t","4683":"o","4684":"n","4685":"\\","4686":"\"","4687":">","4688":"L","4689":"O","4690":"G","4691":"G","4692":" ","4693":"I","4694":"N","4695":"N","4696":"<","4697":"/","4698":"b","4699":"u","4700":"t","4701":"t","4702":"o","4703":"n","4704":">","4705":"\\","4706":"r","4707":"\\","4708":"n","4709":"\\","4710":"r","4711":"\\","4712":"n","4713":" ","4714":" ","4715":" ","4716":" ","4717":" ","4718":" ","4719":" ","4720":" ","4721":"<","4722":"d","4723":"i","4724":"v","4725":" ","4726":"c","4727":"l","4728":"a","4729":"s","4730":"s","4731":"=","4732":"\\","4733":"\"","4734":"l","4735":"i","4736":"n","4737":"k","4738":"s","4739":"-","4740":"w","4741":"r","4742":"a","4743":"p","4744":"p","4745":"e","4746":"r","4747":"\\","4748":"\"","4749":">","4750":"\\","4751":"r","4752":"\\","4753":"n","4754":" ","4755":" ","4756":" ","4757":" ","4758":" ","4759":" ","4760":" ","4761":" ","4762":" ","4763":" ","4764":"<","4765":"d","4766":"i","4767":"v","4768":" ","4769":"c","4770":"l","4771":"a","4772":"s","4773":"s","4774":"=","4775":"\\","4776":"\"","4777":"l","4778":"i","4779":"n","4780":"k","4781":"\\","4782":"\"","4783":">","4784":"\\","4785":"r","4786":"\\","4787":"n","4788":" ","4789":" ","4790":" ","4791":" ","4792":" ","4793":" ","4794":" ","4795":" ","4796":" ","4797":" ","4798":" ","4799":" ","4800":"<","4801":"a","4802":" ","4803":"h","4804":"r","4805":"e","4806":"f","4807":"=","4808":"\\","4809":"\"","4810":"#","4811":"\\","4812":"\"","4813":">","4814":"F","4815":"o","4816":"r","4817":"g","4818
[...]
":{"start":{"line":3,"column":29},"end":{"line":3,"column":158}},"1":{"start":{"line":4,"column":0},"end":{"line":6,"column":3}},"2":{"start":{"line":7,"column":0},"end":{"line":7,"column":25}},"3":{"start":{"line":8,"column":17},"end":{"line":8,"column":78}},"4":{"start":{"line":9,"column":15},"end":{"line":14,"column":1}},"5":{"start":{"line":15,"column":0},"end":{"line":15,"column":13}},"6":{"start":{"line":17,"column":29},"end":{"line":17,"column":158}},"7":{"start":{"line":18,"column":0},"end":{"line":20,"column":3}},"8":{"start":{"line":21,"column":0},"end":{"line":21,"column":24}},"9":{"start":{"line":22,"column":11},"end":{"line":22,"column":25}},"10":{"start":{"line":23,"column":13},"end":{"line":23,"column":66}},"11":{"start":{"line":24,"column":19},"end":{"line":26,"column":1}},"12":{"start":{"line":27,"column":32},"end":{"line":35,"column":32}},"13":{"start":{"line":36,"column":19},"end":{"line":39,"column":1}},"14":{"start":{"line":41,"column":32},"end":{"line":41,"column":72}},"15":{"start":{"line":42,"column":2},"end":{"line":42,"column":191}},"16":{"start":{"line":43,"column":2},"end":{"line":43,"column":49}}},"fnMap":{"0":{"name":"render","decl":{"start":{"line":40,"column":9},"end":{"line":40,"column":15}},"loc":{"start":{"line":40,"column":30},"end":{"line":43,"column":1}},"line":40}},"branchMap":{},"s":{"0":0,"1":0,"2":0,"3":0,"4":0,"5":0,"6":0,"7":0,"8":0,"9":0,"10":0,"11":0,"12":0,"13":0,"14":0,"15":0,"16":0},"f":{"0":0},"b":{},"inputSourceMap":{"0":"{","1":"\"","2":"v","3":"e","4":"r","5":"s","6":"i","7":"o","8":"n","9":"\"","10":":","11":"3","12":",","13":"\"","14":"s","15":"o","16":"u","17":"r","18":"c","19":"e","20":"s","21":"\"","22":":","23":"[","24":"\"","25":"C","26":":","27":"\\","28":"\\","29":"U","30":"s","31":"e","32":"r","33":"s","34":"\\","35":"\\","36":"F","37":"r","38":"o","39":"d","40":"e","41":"\\","42":"\\","43":"D","44":"o","45":"c","46":"u","47":"m","48":"e","49":"n","50":"t","51":"s","52":"\\","53":"\\","54":"B","55":"a","56":"c","57":"h","58":"e","59":"l","60":"o","61":"r","62":"\\","63":"\\","64":"p","65":"o","66":"r","67":"t","68":"a","69":"l","70":"\\","71":"\\","72":"f","73":"r","74":"o","75":"n","76":"t","77":"e","78":"n","79":"d","80":"\\","81":"\\","82":"s","83":"r","84":"c","85":"\\","86":"\\","87":"v","88":"i","89":"e","90":"w","91":"s","92":"\\","93":"\\","94":"L","95":"o","96":"g","97":"i","98":"n","99":"P","100":"a","101":"g","102":"e","103":".","104":"v","105":"u","106":"e","107":"\"","108":"]","109":",","110":"\"","111":"n","112":"a","113":"m","114":"e","115":"s","116":"\"","117":":","118":"[","119":"]","120":",","121":"\"","122":"m","123":"a","124":"p","125":"p","126":"i","127":"n","128":"g","129":"s","130":"\"","131":":","132":"\"","133":";","134":";","135":";","136":";","137":";","138":";","139":";","140":"A","141":"A","142":"a","143":"A","144":";","145":"A","146":"A","147":"A","148":"m","149":"D","150":",","151":"i","152":"C","153":"A","154":"E","155":"p","156":"C","157":";","158":"E","159":"A","160":"C","161":"b","162":",","163":"I","164":"A","165":"A","166":"I","167":",","168":"E","169":"A","170":"A","171":"E","172":",","173":"W","174":"A","175":"A","176":"W","177":";","178":"E","179":"A","180":"C","181":"j","182":"B","183":",","184":"U","185":"A","186":"A","187":"U","188":",","189":"E","190":"A","191":"A","192":"E","193":";","194":"I","195":"A","196":"C","197":"V","198":",","199":"S","200":"A","201":"A","202":"S","203":",","204":"E","205":"A","206":"A","207":"T","208":";","209":"E","210":"A","211":"C","212":"F","213":";","214":"A","215":"A","216":"C","217":"F","218":",","219":"C","220":"A","221":"A","222":"C","223":"\"","224":",","225":"\"","226":"f","227":"i","228":"l","229":"e","230":"\"","231":":","232":"\"","233":"C","234":":","235":"\\","236":"\\","237":"U","238":"s","239":"e","240":"r","241":"s","242":"\\","243":"\\","244":"F","245":"r","246":"o","247":"d","248":"e","249":"\\","250":"\\","251":"D","252":"o","253":"c","254":"u","255":"m","256":"e","257":"n","258":"t","259":"s","260":"\\","261":"\\","262":"B","263":"a","264":"c","265":"h","266":"e","267":"l","268":"o","269":"r","270":"\\","271":"\\","272":"p","273":"o","274":"r","275":"t","276":"a","277":"l","278":"\\","279":"\\","280":"f","281":"r","282":"o","283":"n","284":"t","285":"e","286":"n","287":"d","288":"\\","289":"\\","290":"s","291":"r","292":"c","293":"\\","294":"\\","295":"v","296":"i","297":"e","298":"w","299":"s","300":"\\","301":"\\","302":"L","303":"o","304":"g","305":"i","306":"n","307":"P","308":"a","309":"g","310":"e","311":".","312":"v","313":"u","314":"e","315":"\"","316":",","317":"\"","318":"s","319":"o","320":"u","321":"r","322":"c","323":"e","324":"s","325":"C","326":"o","327":"n","328":"t","329":"e","330":"n","331":"t","332":"\"","333":":","334":"[","335":"\"","336":"<","337":"t","338":"e","339":"m","340":"p","341":"l","342":"a","343":"t","344":"e","345":">","346":"\\","347":"r","348":"\\","349":"n","350":" ","351":" ","352":"<","353":"d","354":"i","355":"v","356":" ","357":"c","358":"l","359":"a","360":"s","361":"s","362":"=","363":"\\","364":"\"","365":"w","366":"r","367":"a","368":"p","369":"p","370":"e","371":"r","372":"\\","373":"\"","374":">","375":"\\","376":"r","377":"\\","378":"n","379":" ","380":" ","381":" ","382":" ","383":"<","384":"d","385":"i","386":"v","387":" ","388":"c","389":"l","390":"a","391":"s","392":"s","393":"=","394":"\\","395":"\"","396":"l","397":"o","398":"g","399":"o","400":"-","401":"c","402":"o","403":"n","404":"t","405":"a","406":"i","407":"n","408":"e","409":"r","410":"\\","411":"\"","412":">","413":"\\","414":"r","415":"\\","416":"n","417":" ","418":" ","419":" ","420":" ","421":" ","422":" ","423":"<","424":"i","425":"m","426":"g","427":" ","428":"s","429":"r","430":"c","431":"=","432":"\\","433":"\"","434":"@","435":"/","436":"a","437":"s","438":"s","439":"e","440":"t","441":"s","442":"/","443":"n","444":"t","445":"n","446":"u","447":"i","448":".","449":"s","450":"v","451":"g","452":"\\","453":"\"","454":" ","455":"c","456":"l","457":"a","458":"s","459":"s","460":"=","461":"\\","462":"\"","463":"i","464":"m","465":"g","466":"\\","467":"\"","468":" ","469":"a","470":"l","471":"t","472":"=","473":"\\","474":"\"","475":"n","476":"t","477":"n","478":"u","479":"i","480":"-","481":"l","482":"o","483":"g","484":"o","485":"\\","486":"\"","487":" ","488":"/","489":">","490":"\\","491":"r","492":"\\","493":"n","494":" ","495":" ","496":" ","497":" ","498":" ","499":" ","500":"<","501":"h","502":"1","503":" ","504":"c","505":"l","506":"a","507":"s","508":"s","509":"=","510":"\\","511":"\"","512":"t","513":"i","514":"t","515":"l","516":"e","517":"\\","518":"\"","519":">","520":"P","521":"O","522":"R","523":"T","524":"A","525":"L","526":"<","527":"/","528":"h","529":"1","530":">","531":"\\","532":"r","533":"\\","534":"n","535":" ","536":" ","537":" ","538":" ","539":"<","540":"/","541":"d","542":"i","543":"v","544":">","545":"\\","546":"r","547":"\\","548":"n","549":" ","550":" ","551":" ","552":" ","553":"<","554":"d","555":"i","556":"v","557":" ","558":"k","559":"e","560":"y","561":"=","562":"\\","563":"\"","564":"l","565":"o","566":"g","567":"i","568":"n","569":"-","570":"f","571":"o","572":"r","573":"m","574":"\\","575":"\"","576":" ","577":"c","578":"l","579":"a","580":"s","581":"s","582":"=","583":"\\","584":"\"","585":"f","586":"o","587":"r","588":"m","589":"W","590":"r","591":"a","592":"p","593":"p","594":"e","595":"r","596":"\\","597":"\"","598":">","599":"\\","600":"r","601":"\\","602":"n","603":" ","604":" ","605":" ","606":" ","607":" ","608":" ","609":"<","610":"l","611":"o","612":"g","613":"i","614":"n","615":"-","616":"f","617":"o","618":"r","619":"m","620":" ","621":"/","622":">","623":"\\","624":"r","625":"\\","626":"n","627":" ","628":" ","629":" ","630":" ","631":"<","632":"/","633":"d","634":"i","635":"v","636":">","637":"\\","638":"r","639":"\\","640":"n","641":" ","642":" ","643":"<","644":"/","645":"d","646":"i","647":"v","648":">","649":"\\","650":"r","651":"\\","652":"n","653":"<","654":"/","655":"t","656":"e","657":"m","658":"p","659":"l","660":"a","661":"t","662":"e","663":">","664":"\\","665":"r","666":"\\","667":"n","668":"\\","669":"r","670":"\\","671":"n","672":"<","673":"s","674":"c","675":"r","676":"i","677":"p","678":"t","679":">","680":"\\","681":"r","682":"\\","683":"n","684":"i","685":"m","686":"p","687":"o","688":"r","689":"t","690":" ","691":"L","692":"o","693":"g","694":"i","695":"n","696":"F","697":"o","698":"r","699":"m","700":" ","701":"f","702":"r","703":"o","704":"m","705":" ","706":"\\","707":"\"","708":"@","709":"/","710":"c","711":"o","712":"m","713":"p","714":"o","715":"n","716":"e","717":"n","718":"t","719":"s","720":"/","721":"L","722":"o","723":"g","724":"i","725":"n","726":"F","727":"o","728":"r","729":"m","730":".","731":"v","732":"u","733":"e","734":"\\","735":"\"","736":";","737":"\\","738":"r","739":"\\","740":"n","741":"\\","742":"r","743":"\\","744":"n","745":"e","746":"x","747":"p","748":"o","749":"r","750":"t","751":" ","752":"d","753":"e","754":"f","755":"a","756":"u","757":"l","758":"t","759":" ","760":"{","761":"\\","762":"r","763":"\\","764":"n","765":" ","766":" ","767":"n","768":"a","769":"m","770":"e","771":":","772":" ","773":"\\","774":"\"","775":"L","776":"o","777":"g","778":"i","779":"n","780":"P","781":"a","782":"g","783":"e","784":"\\","785":"\"","786":",","787":"\\","788":"r","789":"\\","790":"n","791":" ","792":" ","793":"c","794":"o","795":"m","796":"p","797":"o","798":"n","799":"e","800":"n","801":"t","802":"s","803":":","804":" ","805":"{","806":"\\","807":"r","808":"\\","809":"n","810":" ","811":" ","812":" ","813":" ","814":"L","815":"o","816":"g","817":"i","818":"n","819":"F","820":"o","821":"r","822":"m","823":",","824":"\\","825":"r","826":"\\","827":"n","828":" ","829":" ","830":"}","831":",","832":"\\","833":"r","834":"\\","835":"n","836":"}","837":";","838":"\\","839":"r","840":"\\","841":"n","842":"<","843":"/","844":"s","845":"c","846":"r","847":"i","848":"p","849":"t","850":">","851":"\\","852":"r","853":"\\","854":"n","855":"\\","856":"r","857":"\\","858":"n","859":"<","860":"s","861":"t","862":"y","863":"l","864":"e","865":">","866":"\\","867":"r","868":"\\","869":"n","870":".","871":"w","872":"r","873":"a","874":"p","875":"p","876":"e","877":"r","878":" ","879":"{","880":"\\","881":"r","882":"\\","883":"n","884":" ","885":" ","886":"d","887":"i","888":"s","889":"p","890":"l","891":"a","892":"y","893":":","894":" ","895":"f","896":"l","897":"e","898":"x","899":";","900":"\\","901":"r","902":"\\","903":"n","904":" ","905":" ","906":"f","907":"l","908":"e","909":"x","910":"-","911":"d","912":"i","913":"r","914":"e","915":"c","916":"t","917":"i","918":"o","919":"n","920":":","921":" ","922":"c","923":"o","924":"l","925":"u","926":"m","927":"n","928":";","929":"\\","930":"r","931":"\\","932":"n","933":" ","934":" ","935":"j","936":"u","937":"s","938":"t","939":"i","940":"f","941":"y","942":"-","943":"c","944":"o","945":"n","946":"t","947":"e","948":"n","949":"t","950":":","951":" ","952":"c","953":"e","954":"n","955":"t","956":"e","957":"r","958":";","959":"\\","960":"r","961":"\\","962":"n","963":" ","964":" ","965":"a","966":"l","967":"i","968":"g","969":"n","970":"-","971":"i","972":"t","973":"e","974":"m","975":"s","976":":","977":" ","978":"c","979":"e","980":"n","981":"t","982":"e","983":"r","984":";","985":"\\","986":"r","987":"\\","988":"n","989":" ","990":" ","991":"p","992":"a","993":"d","994":"d","995":"i","996":"n","997":"g","998":":","999":" ","1000":"r","1001":"e","1002":"m","1003":"(","1004":"0","1005":")","1006":" ","1007":"r","1008":"e","1009":"m","1010":"(","1011":"0","1012":")","1013":";","1014":"\\","1015":"r","1016":"\\","1017":"n","1018":" ","1019":" ","1020":"m","1021":"a","1022":"x","1023":"-","1024":"w","1025":"i","1026":"d","1027":"t","1028":"h","1029":":","1030":" ","1031":"4","1032":"0","1033":"v","1034":"w","1035":";","1036":"\\","1037":"r","1038":"\\","1039":"n","1040":" ","1041":" ","1042":"t","1043":"o","1044":"p","1045":":","1046":" ","1047":"0","1048":";","1049":" ","1050":"/","1051":"*","1052":" ","1053":"A","1054":"l","1055":"i","1056":"g","1057":"n","1058":" ","1059":"t","1060":"o","1061":"p","1062":" ","1063":"t","1064":"o","1065":" ","1066":"t","1067":"h","1068":"e","1069":" ","1070":"t","1071":"o","1072":"p","1073":" ","1074":"o","1075":"f","1076":" ","1077":"t","1078":"h","1079":"e","1080":" ","1081":"v","1082":"i","1083":"e","1084":"w","1085":"p","1086":"o","1087":"r","1088":"t","1089":" ","1090":"*","1091":"/","1092":"\\","1093":"r","1094":"\\","1095":"n","1096":" ","1097":" ","1098":"l","1099":"e","1100":"f","1101":"t","1102":":","1103":" ","1104":"0","1105":";","1106":" ","1107":"/","1108":"*","1109":" ","1110":"A","1111":"l","1112":"i","1113":"g","1114":"n","1115":" ","1116":"l","1117":"e","1118":"f","1119":"t","1120":" ","1121":"t","1122":"o","1123":" ","1124":"t","1125":"h","1126":"e","1127":" ","1128":"l","1129":"e","1130":"f","1131":"t","1132":" ","1133":"o","1134":"f","1135":" ","1136":"t","1137":"h","1138":"e","1139":" ","1140":"v","1141":"i","1142":"e","1143":"w","1144":"p","1145":"o","1146":"r","1147":"t","1148":" ","1149":"*","1150":"/","1151":"\\","1152":"r","1153":"\\","1154":"n","1155":"}","1156":"\\","1157":"r","1158":"\\","1159":"n","1160":"\\","1161":"r","1162":"\\","1163":"n","1164":".","1165":"t","1166":"i","1167":"t","1168":"l","1169":"e","1170":" ","1171":"{","1172":"\\","1173":"r","1174":"\\","1175":"n","1176":" ","1177":" ","1178":"d","1179":"i","1180":"s","1181":"p","1182":"l","1183":"a","1184":"y","1185":":","1186":" ","1187":"f","1188":"l","1189":"e","1190":"x","1191":";","1192":"\\","1193":"r","1194":"\\","1195":"n","1196":" ","1197":" ","1198":"f","1199":"l","1200":"e","1201":"x","1202":"-","1203":"d","1204":"i","1205":"r","1206":"e","1207":"c","1208":"t","1209":"i","1210":"o","1211":"n","1212":":","1213":" ","1214":"c","1215":"o","1216":"l","1217":"u","1218":"m","1219":"n","1220":";","1221":"\\","1222":"r","1223":"\\","1224":"n","1225":" ","1226":" ","1227":"j","1228":"u","1229":"s","1230":"t","1231":"i","1232":"f","1233":"y","1234":"-","1235":"c","1236":"o","1237":"n","1238":"t","1239":"e","1240":"n","1241":"t","1242":":","1243":" ","1244":"c","1245":"e","1246":"n","1247":"t","1248":"e","1249":"r","1250":";","1251":"\\","1252":"r","1253":"\\","1254":"n","1255":" ","1256":" ","1257":"m","1258":"a","1259":"r","1260":"g","1261":"i","1262":"n","1263":":","1264":" ","1265":"0","1266":".","1267":"3","1268":"1","1269":"2","1270":"5","1271":"r","1272":"e","1273":"m","1274":" ","1275":"0","1276":";","1277":" ","1278":"/","1279":"*","1280":" ","1281":"C","1282":"o","1283":"n","1284":"v","1285":"e","1286":"r","1287":"t","1288":"e","1289":"d","1290":" ","1291":"f","1292":"r","1293":"o","1294":"m","1295":" ","1296":"r","1297":"e","1298":"m","1299":"(","1300":"5","1301":")","1302":" ","1303":"*","1304":"/","1305":"\\","1306":"r","1307":"\\","1308":"n","1309":" ","1310":" ","1311":"m","1312":"a","1313":"r","1314":"g","1315":"i","1316":"n","1317":"-","1318":"b","1319":"o","1320":"t","1321":"t","1322":"o","1323":"m","1324":":","1325":" ","1326":"3","1327":"0","1328":"p","1329":"x","1330":";","1331":"\\","1332":"r","1333":"\\","1334":"n","1335":" ","1336":" ","1337":"f","1338":"o","1339":"n","1340":"t","1341":"-","1342":"f","1343":"a","1344":"m","1345":"i","1346":"l","1347":"y","1348":":","1349":" ","1350":"-","1351":"a","1352":"p","1353":"p","1354":"l","1355":"e","1356":"-","1357":"s","1358":"y","1359":"s","1360":"t","1361":"e","1362":"m","1363":",","1364":" ","1365":"B","1366":"l","1367":"i","1368":"n","1369":"k","1370":"M","1371":"a","1372":"c","1373":"S","1374":"y","1375":"s","1376":"t","1377":"e","1378":"m","1379":"F","1380":"o","1381":"n","1382":"t","1383":",","1384":" ","1385":"\\","1386":"\"","1387":"S","1388":"e","1389":"g","1390":"o","1391":"e","1392":" ","1393":"U","1394":"I","1395":"\\","1396":"\"","1397":",","1398":" ","1399":"R","1400":"o","1401":"b","1402":"o","1403":"t","1404":"o","1405":",","1406":" ","1407":"O","1408":"x","1409":"y","1410":"g","1411":"e","1412":"n","1413":",","1414":"\\","1415":"r","1416":"\\","1417":"n","1418":" ","1419":" ","1420":" ","1421":" ","1422":"U","1423":"b","1424":"u","1425":"n","1426":"t","1427":"u","1428":",","1429":" ","1430":"C","1431":"a","1432":"n","1433":"t","1434":"a","1435":"r","1436":"e","1437":"l","1438":"l","1439":",","1440":" ","1441":"\\","1442":"\"","1443":"O","1444":"p","1445":"e","1446":"n","1447":" ","1448":"S","1449":"a","1450":"n","1451":"s","1452":"\\","1453":"\"","1454":",","1455":" ","1456":"\\","1457":"\"","1458":"H","1459":"e","1460":"l","1461":"v","1462":"e","1463":"t","1464":"i","1465":"c","1466":"a","1467":" ","1468":"N","1469":"e","1470":"u","1471":"e","1472":"\\","1473":"\"","1474":",","1475":" ","1476":"s","1477":"a","1478":"n","1479":"s","1480":"-","1481":"s","1482":"e","1483":"r","1484":"i","1485":"f","1486":";","1487":"\\","1488":"r","1489":"\\","1490":"n","1491":" ","1492":" ","1493":"c","1494":"o","1495":"l","1496":"o","1497":"r","1498":":","1499":" ","1500":"r","1501":"g","1502":"b","1503":"(","1504":"2","1505":"5","1506":"5","1507":",","1508":" ","1509":"2","1510":"5","1511":"5","1512":",","1513":" ","1514":"2","1515":"5","1516":"5","1517":")","1518":";","1519":"\\","1520":"r","1521":"\\","1522":"n","1523":"}","1524":"\\","1525":"r","1526":"\\","1527":"n","1528":"\\","1529":"r","1530":"\\","1531":"n","1532":".","1533":"f","1534":"o","1535":"r","1536":"m","1537":"W","1538":"r","1539":"a","1540":"p","1541":"p","1542":"e","1543":"r","1544":" ","1545":"{","1546":"\\","1547":"r","1548":"\\","1549":"n","1550":" ","1551":" ","1552":"w","1553":"i","1554":"d","1555":"t","1556":"h","1557":":","1558":" ","1559":"3","1560":"4","1561":"0","1562":";","1563":"\\","1564":"r","1565":"\\","1566":"n","1567":"}","1568":"\\","1569":"r","1570":"\\","1571":"n","1572":"\\","1573":"r","1574":"\\","1575":"n","1576":"@","1577":"m","1578":"e","1579":"d","1580":"i","1581":"a","1582":" ","1583":"(","1584":"m","1585":"a","1586":"x","1587":"-","1588":"w","1589":"i","1590":"d","1591":"t","1592":"h","1593":":","1594":" ","1595":"5","1596":"9","1597":"9","1598":"p","1599":"x","1600":")","1601":" ","1602":"{","1603":"\\","1604":"r","1605":"\\","1606":"n","1607":" ","1608":" ","1609":".","1610":"f","1611":"o","1612":"r","1613":"m","1614":"W","1615":"r","1616":"a","1617":"p","1618":"p","1619":"e","1620":"r","1621":" ","1622":"{","1623":"\\","1624":"r","1625":"\\","1626":"n","1627":" ","1628":" ","1629":" ","1630":" ","1631":"w","1632":"i","1633":"d","1634":"t","1635":"h","1636":":","1637":" ","1638":"1","1639":"0","1640":"0","1641":"%","1642":";","1643":"\\","1644":"r","1645":"\\","1646":"n","1647":" ","1648":" ","1649":"}","1650":"\\","1651":"r","1652":"\\","1653":"n","1654":"}","1655":"\\","1656":"r","1657":"\\","1658":"n","1659":"\\","1660":"r","1661":"\\","1662":"n","1663":".","1664":"i","1665":"m","1666":"g","1667":" ","1668":"{","1669":"\\","1670":"r","1671":"\\","1672":"n","1673":" ","1674":" ","1675":"h","1676":"e","1677":"i","1678":"g","1679":"h","1680":"t","1681":":","1682":" ","1683":"r","1684":"e","1685":"m","1686":"(","1687":"1","1688":"0","1689":")","1690":";","1691":"\\","1692":"r","1693":"\\","1694":"n","1695":" ","1696":" ","1697":"w","1698":"i","1699":"d","1700":"t","1701":"h","1702":":","1703":" ","1704":"5","1705":"0","1706":"%","1707":";","1708":"\\","1709":"r","1710":"\\","1711":"n","1712":" ","1713":" ","1714":"j","1715":"u","1716":"s","1717":"t","1718":"i","1719":"f","1720":"y","1721":"-","1722":"c","1723":"o","1724":"n","1725":"t","1726":"e","1727":"n","1728":"t","1729":":","1730":" ","1731":"c","1732":"e","1733":"n","1734":"t","1735":"e","1736":"r","1737":";","1738":"\\","1739":"r","1740":"\\","1741":"n","1742":"}","1743":"\\","1744":"r","1745":"\\","1746":"n","1747":"<","1748":"/","1749":"s","1750":"t","1751":"y","1752":"l","1753":"e","1754":">","1755":"\\","1756":"r","1757":"\\","1758":"n","1759":"\"","1760":"]","1761":"}"}}
}
