{"C:\\Users\\jolse\\source\\repos\\baclor\\portal\\frontend\\src\\App.vue": {"path":"C:\\Users\\jolse\\source\\repos\\baclor\\portal\\frontend\\src\\App.vue","statementMap":{"0":{"start":{"line":3,"column":29},"end":{"line":3,"column":159}},"1":{"start":{"line":4,"column":0},"end":{"line":6,"column":3}},"2":{"start":{"line":7,"column":0},"end":{"line":7,"column":25}},"3":{"start":{"line":8,"column":17},"end":{"line":8,"column":73}},"4":{"start":{"line":9,"column":15},"end":{"line":14,"column":1}},"5":{"start":{"line":15,"column":0},"end":{"line":15,"column":13}},"6":{"start":{"line":17,"column":0},"end":{"line":19,"column":3}},"7":{"start":{"line":20,"column":0},"end":{"line":20,"column":24}},"8":{"start":{"line":21,"column":11},"end":{"line":21,"column":25}},"9":{"start":{"line":22,"column":19},"end":{"line":24,"column":1}},"10":{"start":{"line":26,"column":31},"end":{"line":26,"column":70}},"11":{"start":{"line":27,"column":2},"end":{"line":27,"column":127}},"12":{"start":{"line":28,"column":2},"end":{"line":28,"column":49}}},"fnMap":{"0":{"name":"render","decl":{"start":{"line":25,"column":9},"end":{"line":25,"column":15}},"loc":{"start":{"line":25,"column":30},"end":{"line":28,"column":1}},"line":25}},"branchMap":{},"s":{"0":0,"1":0,"2":0,"3":0,"4":0,"5":0,"6":0,"7":0,"8":0,"9":0,"10":0,"11":0,"12":0},"f":{"0":0},"b":{},"inputSourceMap":{"0":"{","1":"\"","2":"v","3":"e","4":"r","5":"s","6":"i","7":"o","8":"n","9":"\"","10":":","11":"3","12":",","13":"\"","14":"s","15":"o","16":"u","17":"r","18":"c","19":"e","20":"s","21":"\"","22":":","23":"[","24":"\"","25":"C","26":":","27":"\\","28":"\\","29":"U","30":"s","31":"e","32":"r","33":"s","34":"\\","35":"\\","36":"j","37":"o","38":"l","39":"s","40":"e","41":"\\","42":"\\","43":"s","44":"o","45":"u","46":"r","47":"c","48":"e","49":"\\","50":"\\","51":"r","52":"e","53":"p","54":"o","55":"s","56":"\\","57":"\\","58":"b","59":"a","60":"c","61":"l","62":"o","63":"r","64":"\\","65":"\\","66":"p","67":"o","68":"r","69":"t","70":"a","71":"l","72":"\\","73":"\\","74":"f","75":"r","76":"o","77":"n","78":"t","79":"e","80":"n","81":"d","82":"\\","83":"\\","84":"s","85":"r","86":"c","87":"\\","88":"\\","89":"A","90":"p","91":"p","92":".","93":"v","94":"u","95":"e","96":"\"","97":"]","98":",","99":"\"","100":"n","101":"a","102":"m","103":"e","104":"s","105":"\"","106":":","107":"[","108":"]","109":",","110":"\"","111":"m","112":"a","113":"p","114":"p","115":"i","116":"n","117":"g","118":"s","119":"\"","120":":","121":"\"","122":";","123":";","124":";","125":";","126":";","127":";","128":";","129":"A","130":"A","131":"O","132":"A","133":";","134":"A","135":"A","136":"A","137":"8","138":"C","139":",","140":"i","141":"C","142":"A","143":"E","144":"/","145":"B","146":";","147":"E","148":"A","149":"C","150":"b","151":",","152":"I","153":"A","154":"A","155":"I","156":",","157":"E","158":"A","159":"A","160":"E","161":",","162":"K","163":"A","164":"A","165":"K","166":";","167":"E","168":"A","169":"C","170":"X","171":",","172":"U","173":"A","174":"A","175":"U","176":",","177":"E","178":"A","179":"A","180":"E","181":";","182":"I","183":"A","184":"C","185":"V","186":",","187":"S","188":"A","189":"A","190":"S","191":",","192":"E","193":"A","194":"A","195":"T","196":";","197":"E","198":"A","199":"C","200":"F","201":";","202":"A","203":"A","204":"C","205":"F","206":",","207":"C","208":"A","209":"A","210":"C","211":"\"","212":",","213":"\"","214":"f","215":"i","216":"l","217":"e","218":"\"","219":":","220":"\"","221":"C","222":":","223":"\\","224":"\\","225":"U","226":"s","227":"e","228":"r","229":"s","230":"\\","231":"\\","232":"j","233":"o","234":"l","235":"s","236":"e","237":"\\","238":"\\","239":"s","240":"o","241":"u","242":"r","243":"c","244":"e","245":"\\","246":"\\","247":"r","248":"e","249":"p","250":"o","251":"s","252":"\\","253":"\\","254":"b","255":"a","256":"c","257":"l","258":"o","259":"r","260":"\\","261":"\\","262":"p","263":"o","264":"r","265":"t","266":"a","267":"l","268":"\\","269":"\\","270":"f","271":"r","272":"o","273":"n","274":"t","275":"e","276":"n","277":"d","278":"\\","279":"\\","280":"s","281":"r","282":"c","283":"\\","284":"\\","285":"A","286":"p","287":"p","288":".","289":"v","290":"u","291":"e","292":"\"","293":",","294":"\"","295":"s","296":"o","297":"u","298":"r","299":"c","300":"e","301":"s","302":"C","303":"o","304":"n","305":"t","306":"e","307":"n","308":"t","309":"\"","310":":","311":"[","312":"\"","313":"<","314":"t","315":"e","316":"m","317":"p","318":"l","319":"a","320":"t","321":"e","322":">","323":"\\","324":"r","325":"\\","326":"n","327":" ","328":" ","329":"<","330":"d","331":"i","332":"v","333":" ","334":"i","335":"d","336":"=","337":"\\","338":"\"","339":"a","340":"p","341":"p","342":"\\","343":"\"","344":">","345":"\\","346":"r","347":"\\","348":"n","349":" ","350":" ","351":" ","352":" ","353":"<","354":"L","355":"o","356":"g","357":"i","358":"n","359":"P","360":"a","361":"g","362":"e","363":" ","364":"/","365":">","366":"\\","367":"r","368":"\\","369":"n","370":" ","371":" ","372":"<","373":"/","374":"d","375":"i","376":"v","377":">","378":"\\","379":"r","380":"\\","381":"n","382":"<","383":"/","384":"t","385":"e","386":"m","387":"p","388":"l","389":"a","390":"t","391":"e","392":">","393":"\\","394":"r","395":"\\","396":"n","397":"\\","398":"r","399":"\\","400":"n","401":"<","402":"s","403":"c","404":"r","405":"i","406":"p","407":"t","408":">","409":"\\","410":"r","411":"\\","412":"n","413":"i","414":"m","415":"p","416":"o","417":"r","418":"t","419":" ","420":"L","421":"o","422":"g","423":"i","424":"n","425":"P","426":"a","427":"g","428":"e","429":" ","430":"f","431":"r","432":"o","433":"m","434":" ","435":"\\","436":"\"","437":".","438":"/","439":"v","440":"i","441":"e","442":"w","443":"s","444":"/","445":"L","446":"o","447":"g","448":"i","449":"n","450":"P","451":"a","452":"g","453":"e","454":".","455":"v","456":"u","457":"e","458":"\\","459":"\"","460":";","461":"\\","462":"r","463":"\\","464":"n","465":"\\","466":"r","467":"\\","468":"n","469":"e","470":"x","471":"p","472":"o","473":"r","474":"t","475":" ","476":"d","477":"e","478":"f","479":"a","480":"u","481":"l","482":"t","483":" ","484":"{","485":"\\","486":"r","487":"\\","488":"n","489":" ","490":" ","491":"n","492":"a","493":"m","494":"e","495":":","496":" ","497":"\\","498":"\"","499":"A","500":"p","501":"p","502":"\\","503":"\"","504":",","505":"\\","506":"r","507":"\\","508":"n","509":" ","510":" ","511":"c","512":"o","513":"m","514":"p","515":"o","516":"n","517":"e","518":"n","519":"t","520":"s","521":":","522":" ","523":"{","524":"\\","525":"r","526":"\\","527":"n","528":" ","529":" ","530":" ","531":" ","532":"L","533":"o","534":"g","535":"i","536":"n","537":"P","538":"a","539":"g","540":"e","541":",","542":"\\","543":"r","544":"\\","545":"n","546":" ","547":" ","548":"}","549":",","550":"\\","551":"r","552":"\\","553":"n","554":"}","555":";","556":"\\","557":"r","558":"\\","559":"n","560":"<","561":"/","562":"s","563":"c","564":"r","565":"i","566":"p","567":"t","568":">","569":"\\","570":"r","571":"\\","572":"n","573":"\\","574":"r","575":"\\","576":"n","577":"<","578":"s","579":"t","580":"y","581":"l","582":"e","583":">","584":"\\","585":"r","586":"\\","587":"n","588":"h","589":"t","590":"m","591":"l","592":",","593":"\\","594":"r","595":"\\","596":"n","597":"b","598":"o","599":"d","600":"y","601":" ","602":"{","603":"\\","604":"r","605":"\\","606":"n","607":" ","608":" ","609":"p","610":"a","611":"d","612":"d","613":"i","614":"n","615":"g","616":":","617":" ","618":"0","619":";","620":"\\","621":"r","622":"\\","623":"n","624":" ","625":" ","626":"m","627":"a","628":"r","629":"g","630":"i","631":"n","632":":","633":" ","634":"0","635":";","636":"\\","637":"r","638":"\\","639":"n","640":" ","641":" ","642":"h","643":"e","644":"i","645":"g","646":"h","647":"t","648":":","649":" ","650":"1","651":"0","652":"0","653":"%","654":";","655":"\\","656":"r","657":"\\","658":"n","659":" ","660":" ","661":"w","662":"i","663":"d","664":"t","665":"h","666":":","667":" ","668":"1","669":"0","670":"0","671":"%","672":";","673":"\\","674":"r","675":"\\","676":"n","677":" ","678":" ","679":"o","680":"v","681":"e","682":"r","683":"f","684":"l","685":"o","686":"w","687":":","688":" ","689":"h","690":"i","691":"d","692":"d","693":"e","694":"n","695":";","696":"\\","697":"r","698":"\\","699":"n","700":"}","701":"\\","702":"r","703":"\\","704":"n","705":"\\","706":"r","707":"\\","708":"n","709":"#","710":"a","711":"p","712":"p","713":" ","714":"{","715":"\\","716":"r","717":"\\","718":"n","719":" ","720":" ","721":"f","722":"o","723":"n","724":"t","725":"-","726":"f","727":"a","728":"m","729":"i","730":"l","731":"y","732":":","733":" ","734":"A","735":"v","736":"e","737":"n","738":"i","739":"r","740":",","741":" ","742":"H","743":"e","744":"l","745":"v","746":"e","747":"t","748":"i","749":"c","750":"a","751":",","752":" ","753":"A","754":"r","755":"i","756":"a","757":"l","758":",","759":" ","760":"s","761":"a","762":"n","763":"s","764":"-","765":"s","766":"e","767":"r","768":"i","769":"f","770":";","771":"\\","772":"r","773":"\\","774":"n","775":" ","776":" ","777":"-","778":"w","779":"e","780":"b","781":"k","782":"i","783":"t","784":"-","785":"f","786":"o","787":"n","788":"t","789":"-","790":"s","791":"m","792":"o","793":"o","794":"t","795":"h","796":"i","797":"n","798":"g","799":":","800":" ","801":"a","802":"n","803":"t","804":"i","805":"a","806":"l","807":"i","808":"a","809":"s","810":"e","811":"d","812":";","813":"\\","814":"r","815":"\\","816":"n","817":" ","818":" ","819":"-","820":"m","821":"o","822":"z","823":"-","824":"o","825":"s","826":"x","827":"-","828":"f","829":"o","830":"n","831":"t","832":"-","833":"s","834":"m","835":"o","836":"o","837":"t","838":"h","839":"i","840":"n","841":"g","842":":","843":" ","844":"g","845":"r","846":"a","847":"y","848":"s","849":"c","850":"a","851":"l","852":"e","853":";","854":"\\","855":"r","856":"\\","857":"n","858":" ","859":" ","860":"t","861":"e","862":"x","863":"t","864":"-","865":"a","866":"l","867":"i","868":"g","869":"n","870":":","871":" ","872":"c","873":"e","874":"n","875":"t","876":"e","877":"r","878":";","879":"\\","880":"r","881":"\\","882":"n","883":" ","884":" ","885":"d","886":"i","887":"s","888":"p","889":"l","890":"a","891":"y","892":":","893":" ","894":"f","895":"l","896":"e","897":"x","898":";","899":"\\","900":"r","901":"\\","902":"n","903":" ","904":" ","905":"f","906":"l","907":"e","908":"x","909":"-","910":"d","911":"i","912":"r","913":"e","914":"c","915":"t","916":"i","917":"o","918":"n","919":":","920":" ","921":"c","922":"o","923":"l","924":"u","925":"m","926":"n","927":";","928":"\\","929":"r","930":"\\","931":"n","932":" ","933":" ","934":"a","935":"l","936":"i","937":"g","938":"n","939":"-","940":"i","941":"t","942":"e","943":"m","944":"s","945":":","946":" ","947":"c","948":"e","949":"n","950":"t","951":"e","952":"r","953":";","954":"\\","955":"r","956":"\\","957":"n","958":" ","959":" ","960":"j","961":"u","962":"s","963":"t","964":"i","965":"f","966":"y","967":"-","968":"c","969":"o","970":"n","971":"t","972":"e","973":"n","974":"t","975":":","976":" ","977":"c","978":"e","979":"n","980":"t","981":"e","982":"r","983":";","984":"\\","985":"r","986":"\\","987":"n","988":" ","989":" ","990":"b","991":"a","992":"c","993":"k","994":"g","995":"r","996":"o","997":"u","998":"n","999":"d","1000":"-","1001":"c","1002":"o","1003":"l","1004":"o","1005":"r","1006":":","1007":" ","1008":"#","1009":"1","1010":"a","1011":"2","1012":"0","1013":"2","1014":"c","1015":";","1016":"\\","1017":"r","1018":"\\","1019":"n","1020":" ","1021":" ","1022":"o","1023":"v","1024":"e","1025":"r","1026":"f","1027":"l","1028":"o","1029":"w","1030":":","1031":" ","1032":"h","1033":"i","1034":"d","1035":"d","1036":"e","1037":"n","1038":";","1039":"\\","1040":"r","1041":"\\","1042":"n","1043":" ","1044":" ","1045":"w","1046":"i","1047":"d","1048":"t","1049":"h","1050":":","1051":" ","1052":"1","1053":"0","1054":"0","1055":"%","1056":";","1057":"\\","1058":"r","1059":"\\","1060":"n","1061":" ","1062":" ","1063":"h","1064":"e","1065":"i","1066":"g","1067":"h","1068":"t","1069":":","1070":" ","1071":"1","1072":"0","1073":"0","1074":"%","1075":";","1076":"\\","1077":"r","1078":"\\","1079":"n","1080":"}","1081":"\\","1082":"r","1083":"\\","1084":"n","1085":"<","1086":"/","1087":"s","1088":"t","1089":"y","1090":"l","1091":"e","1092":">","1093":"\\","1094":"r","1095":"\\","1096":"n","1097":"\"","1098":"]","1099":"}"}}
,"C:\\Users\\jolse\\source\\repos\\baclor\\portal\\frontend\\src\\components\\LoginForm.vue": {"path":"C:\\Users\\jolse\\source\\repos\\baclor\\portal\\frontend\\src\\components\\LoginForm.vue","statementMap":{"0":{"start":{"line":3,"column":29},"end":{"line":3,"column":159}},"1":{"start":{"line":4,"column":0},"end":{"line":6,"column":3}},"2":{"start":{"line":7,"column":0},"end":{"line":7,"column":25}},"3":{"start":{"line":8,"column":11},"end":{"line":8,"column":25}},"4":{"start":{"line":9,"column":13},"end":{"line":9,"column":53}},"5":{"start":{"line":10,"column":20},"end":{"line":10,"column":81}},"6":{"start":{"line":11,"column":15},"end":{"line":123,"column":1}},"7":{"start":{"line":13,"column":32},"end":{"line":13,"column":51}},"8":{"start":{"line":14,"column":22},"end":{"line":14,"column":58}},"9":{"start":{"line":15,"column":18},"end":{"line":15,"column":35}},"10":{"start":{"line":16,"column":21},"end":{"line":16,"column":38}},"11":{"start":{"line":17,"column":18},"end":{"line":17,"column":35}},"12":{"start":{"line":18,"column":20},"end":{"line":18,"column":40}},"13":{"start":{"line":19,"column":28},"end":{"line":19,"column":48}},"14":{"start":{"line":20,"column":22},"end":{"line":20,"column":41}},"15":{"start":{"line":21,"column":24},"end":{"line":24,"column":5}},"16":{"start":{"line":22,"column":22},"end":{"line":22,"column":67}},"17":{"start":{"line":22,"column":48},"end":{"line":22,"column":66}},"18":{"start":{"line":23,"column":6},"end":{"line":23,"column":51}},"19":{"start":{"line":25,"column":21},"end":{"line":25,"column":74}},"20":{"start":{"line":26,"column":4},"end":{"line":28,"column":7}},"21":{"start":{"line":27,"column":6},"end":{"line":27,"column":47}},"22":{"start":{"line":29,"column":18},"end":{"line":68,"column":5}},"23":{"start":{"line":30,"column":6},"end":{"line":35,"column":7}},"24":{"start":{"line":31,"column":8},"end":{"line":31,"column":69}},"25":{"start":{"line":32,"column":8},"end":{"line":32,"column":29}},"26":{"start":{"line":33,"column":8},"end":{"line":33,"column":54}},"27":{"start":{"line":33,"column":25},"end":{"line":33,"column":46}},"28":{"start":{"line":34,"column":8},"end":{"line":34,"column":15}},"29":{"start":{"line":36,"column":30},"end":{"line":36,"column":63}},"30":{"start":{"line":37,"column":6},"end":{"line":67,"column":7}},"31":{"start":{"line":38,"column":25},"end":{"line":47,"column":10}},"32":{"start":{"line":46,"column":36},"end":{"line":46,"column":48}},"33":{"start":{"line":48,"column":8},"end":{"line":53,"column":9}},"34":{"start":{"line":49,"column":10},"end":{"line":49,"column":59}},"35":{"start":{"line":50,"column":10},"end":{"line":50,"column":31}},"36":{"start":{"line":51,"column":10},"end":{"line":51,"column":56}},"37":{"start":{"line":51,"column":27},"end":{"line":51,"column":48}},"38":{"start":{"line":52,"column":10},"end":{"line":52,"column":17}},"39":{"start":{"line":54,"column":28},"end":{"line":54,"column":57}},"40":{"start":{"line":55,"column":8},"end":{"line":59,"column":9}},"41":{"start":{"line":56,"column":10},"end":{"line":56,"column":65}},"42":{"start":{"line":58,"column":10},"end":{"line":58,"column":39}},"43":{"start":{"line":61,"column":8},"end":{"line":61,"column":54}},"44":{"start":{"line":62,"column":8},"end":{"line":62,"column":29}},"45":{"start":{"line":63,"column":8},"end":{"line":63,"column":54}},"46":{"start":{"line":63,"column":25},"end":{"line":63,"column":46}},"47":{"start":{"line":64,"column":8},"end":{"line":64,"column":43}},"48":{"start":{"line":66,"column":8},"end":{"line":66,"column":32}},"49":{"start":{"line":69,"column":19},"end":{"line":87,"column":5}},"50":{"start":{"line":70,"column":6},"end":{"line":86,"column":7}},"51":{"start":{"line":71,"column":25},"end":{"line":76,"column":10}},"52":{"start":{"line":75,"column":36},"end":{"line":75,"column":48}},"53":{"start":{"line":77,"column":8},"end":{"line":81,"column":9}},"54":{"start":{"line":78,"column":10},"end":{"line":78,"column":40}},"55":{"start":{"line":80,"column":10},"end":{"line":80,"column":71}},"56":{"start":{"line":83,"column":8},"end":{"line":83,"column":45}},"57":{"start":{"line":85,"column":8},"end":{"line":85,"column":32}},"58":{"start":{"line":89,"column":24},"end":{"line":89,"column":67}},"59":{"start":{"line":90,"column":6},"end":{"line":90,"column":34}},"60":{"start":{"line":92,"column":38},"end":{"line":108,"column":5}},"61":{"start":{"line":93,"column":6},"end":{"line":107,"column":7}},"62":{"start":{"line":94,"column":25},"end":{"line":99,"column":10}},"63":{"start":{"line":98,"column":36},"end":{"line":98,"column":48}},"64":{"start":{"line":100,"column":8},"end":{"line":102,"column":9}},"65":{"start":{"line":101,"column":10},"end":{"line":101,"column":39}},"66":{"start":{"line":104,"column":8},"end":{"line":104,"column":37}},"67":{"start":{"line":106,"column":8},"end":{"line":106,"column":32}},"68":{"start":{"line":109,"column":4},"end":{"line":109,"column":51}},"69":{"start":{"line":110,"column":4},"end":{"line":121,"column":6}},"70":{"start":{"line":124,"column":0},"end":{"line":124,"column":13}},"71":{"start":{"line":126,"column":0},"end":{"line":128,"column":3}},"72":{"start":{"line":129,"column":0},"end":{"line":129,"column":24}},"73":{"start":{"line":130,"column":11},"end":{"line":130,"column":25}},"74":{"start":{"line":131,"column":19},"end":{"line":133,"column":1}},"75":{"start":{"line":134,"column":19},"end":{"line":136,"column":1}},"76":{"start":{"line":137,"column":32},"end":{"line":137,"column":103}},"77":{"start":{"line":138,"column":19},"end":{"line":138,"column":31}},"78":{"start":{"line":139,"column":19},"end":{"line":141,"column":1}},"79":{"start":{"line":142,"column":19},"end":{"line":144,"column":1}},"80":{"start":{"line":145,"column":32},"end":{"line":147,"column":35}},"81":{"start":{"line":148,"column":19},"end":{"line":148,"column":28}},"82":{"start":{"line":149,"column":19},"end":{"line":151,"column":1}},"83":{"start":{"line":152,"column":33},"end":{"line":152,"column":282}},"84":{"start":{"line":153,"column":20},"end":{"line":156,"column":1}},"85":{"start":{"line":157,"column":33},"end":{"line":157,"column":188}},"86":{"start":{"line":159,"column":2},"end":{"line":186,"column":21}},"87":{"start":{"line":160,"column":77},"end":{"line":160,"column":110}},"88":{"start":{"line":162,"column":63},"end":{"line":162,"column":88}},"89":{"start":{"line":165,"column":4},"end":{"line":168,"column":142}},"90":{"start":{"line":170,"column":63},"end":{"line":170,"column":82}},"91":{"start":{"line":176,"column":63},"end":{"line":176,"column":85}},"92":{"start":{"line":184,"column":52},"end":{"line":184,"column":87}},"93":{"start":{"line":187,"column":2},"end":{"line":187,"column":49}}},"fnMap":{"0":{"name":"(anonymous_0)","decl":{"start":{"line":12,"column":2},"end":{"line":12,"column":3}},"loc":{"start":{"line":12,"column":10},"end":{"line":122,"column":3}},"line":12},"1":{"name":"(anonymous_1)","decl":{"start":{"line":21,"column":24},"end":{"line":21,"column":25}},"loc":{"start":{"line":21,"column":35},"end":{"line":24,"column":5}},"line":21},"2":{"name":"(anonymous_2)","decl":{"start":{"line":22,"column":43},"end":{"line":22,"column":44}},"loc":{"start":{"line":22,"column":48},"end":{"line":22,"column":66}},"line":22},"3":{"name":"(anonymous_3)","decl":{"start":{"line":26,"column":41},"end":{"line":26,"column":42}},"loc":{"start":{"line":26,"column":55},"end":{"line":28,"column":5}},"line":26},"4":{"name":"(anonymous_4)","decl":{"start":{"line":29,"column":18},"end":{"line":29,"column":19}},"loc":{"start":{"line":29,"column":30},"end":{"line":68,"column":5}},"line":29},"5":{"name":"(anonymous_5)","decl":{"start":{"line":33,"column":19},"end":{"line":33,"column":20}},"loc":{"start":{"line":33,"column":25},"end":{"line":33,"column":46}},"line":33},"6":{"name":"(anonymous_6)","decl":{"start":{"line":46,"column":26},"end":{"line":46,"column":27}},"loc":{"start":{"line":46,"column":36},"end":{"line":46,"column":48}},"line":46},"7":{"name":"(anonymous_7)","decl":{"start":{"line":51,"column":21},"end":{"line":51,"column":22}},"loc":{"start":{"line":51,"column":27},"end":{"line":51,"column":48}},"line":51},"8":{"name":"(anonymous_8)","decl":{"start":{"line":63,"column":19},"end":{"line":63,"column":20}},"loc":{"start":{"line":63,"column":25},"end":{"line":63,"column":46}},"line":63},"9":{"name":"(anonymous_9)","decl":{"start":{"line":69,"column":19},"end":{"line":69,"column":20}},"loc":{"start":{"line":69,"column":31},"end":{"line":87,"column":5}},"line":69},"10":{"name":"(anonymous_10)","decl":{"start":{"line":75,"column":26},"end":{"line":75,"column":27}},"loc":{"start":{"line":75,"column":36},"end":{"line":75,"column":48}},"line":75},"11":{"name":"getQueryParam","decl":{"start":{"line":88,"column":13},"end":{"line":88,"column":26}},"loc":{"start":{"line":88,"column":34},"end":{"line":91,"column":5}},"line":88},"12":{"name":"(anonymous_12)","decl":{"start":{"line":92,"column":38},"end":{"line":92,"column":39}},"loc":{"start":{"line":92,"column":50},"end":{"line":108,"column":5}},"line":92},"13":{"name":"(anonymous_13)","decl":{"start":{"line":98,"column":26},"end":{"line":98,"column":27}},"loc":{"start":{"line":98,"column":36},"end":{"line":98,"column":48}},"line":98},"14":{"name":"render","decl":{"start":{"line":158,"column":9},"end":{"line":158,"column":15}},"loc":{"start":{"line":158,"column":30},"end":{"line":187,"column":1}},"line":158},"15":{"name":"(anonymous_15)","decl":{"start":{"line":160,"column":64},"end":{"line":160,"column":65}},"loc":{"start":{"line":160,"column":77},"end":{"line":160,"column":110}},"line":160},"16":{"name":"(anonymous_16)","decl":{"start":{"line":162,"column":53},"end":{"line":162,"column":54}},"loc":{"start":{"line":162,"column":63},"end":{"line":162,"column":88}},"line":162},"17":{"name":"(anonymous_17)","decl":{"start":{"line":164,"column":133},"end":{"line":164,"column":134}},"loc":{"start":{"line":164,"column":144},"end":{"line":169,"column":3}},"line":164},"18":{"name":"(anonymous_18)","decl":{"start":{"line":170,"column":53},"end":{"line":170,"column":54}},"loc":{"start":{"line":170,"column":63},"end":{"line":170,"column":82}},"line":170},"19":{"name":"(anonymous_19)","decl":{"start":{"line":176,"column":53},"end":{"line":176,"column":54}},"loc":{"start":{"line":176,"column":63},"end":{"line":176,"column":85}},"line":176},"20":{"name":"(anonymous_20)","decl":{"start":{"line":184,"column":39},"end":{"line":184,"column":40}},"loc":{"start":{"line":184,"column":52},"end":{"line":184,"column":87}},"line":184}},"branchMap":{"0":{"loc":{"start":{"line":23,"column":13},"end":{"line":23,"column":50}},"type":"cond-expr","locations":[{"start":{"line":23,"column":23},"end":{"line":23,"column":45}},{"start":{"line":23,"column":48},"end":{"line":23,"column":50}}],"line":23},"1":{"loc":{"start":{"line":30,"column":6},"end":{"line":35,"column":7}},"type":"if","locations":[{"start":{"line":30,"column":6},"end":{"line":35,"column":7}},{"start":{},"end":{}}],"line":30},"2":{"loc":{"start":{"line":30,"column":10},"end":{"line":30,"column":55}},"type":"binary-expr","locations":[{"start":{"line":30,"column":10},"end":{"line":30,"column":29}},{"start":{"line":30,"column":33},"end":{"line":30,"column":55}}],"line":30},"3":{"loc":{"start":{"line":48,"column":8},"end":{"line":53,"column":9}},"type":"if","locations":[{"start":{"line":48,"column":8},"end":{"line":53,"column":9}},{"start":{},"end":{}}],"line":48},"4":{"loc":{"start":{"line":55,"column":8},"end":{"line":59,"column":9}},"type":"if","locations":[{"start":{"line":55,"column":8},"end":{"line":59,"column":9}},{"start":{"line":57,"column":15},"end":{"line":59,"column":9}}],"line":55},"5":{"loc":{"start":{"line":77,"column":8},"end":{"line":81,"column":9}},"type":"if","locations":[{"start":{"line":77,"column":8},"end":{"line":81,"column":9}},{"start":{"line":79,"column":15},"end":{"line":81,"column":9}}],"line":77},"6":{"loc":{"start":{"line":100,"column":8},"end":{"line":102,"column":9}},"type":"if","locations":[{"start":{"line":100,"column":8},"end":{"line":102,"column":9}},{"start":{},"end":{}}],"line":100},"7":{"loc":{"start":{"line":159,"column":81},"end":{"line":186,"column":18}},"type":"cond-expr","locations":[{"start":{"line":159,"column":99},"end":{"line":159,"column":186}},{"start":{"line":159,"column":190},"end":{"line":186,"column":18}}],"line":159},"8":{"loc":{"start":{"line":159,"column":190},"end":{"line":186,"column":18}},"type":"cond-expr","locations":[{"start":{"line":159,"column":215},"end":{"line":183,"column":144}},{"start":{"line":183,"column":149},"end":{"line":186,"column":17}}],"line":159},"9":{"loc":{"start":{"line":160,"column":14},"end":{"line":160,"column":125}},"type":"binary-expr","locations":[{"start":{"line":160,"column":14},"end":{"line":160,"column":23}},{"start":{"line":160,"column":28},"end":{"line":160,"column":124}}],"line":160},"10":{"loc":{"start":{"line":160,"column":77},"end":{"line":160,"column":110}},"type":"binary-expr","locations":[{"start":{"line":160,"column":77},"end":{"line":160,"column":87}},{"start":{"line":160,"column":91},"end":{"line":160,"column":110}}],"line":160},"11":{"loc":{"start":{"line":162,"column":27},"end":{"line":162,"column":89}},"type":"binary-expr","locations":[{"start":{"line":162,"column":27},"end":{"line":162,"column":36}},{"start":{"line":162,"column":41},"end":{"line":162,"column":88}}],"line":162},"12":{"loc":{"start":{"line":170,"column":27},"end":{"line":170,"column":83}},"type":"binary-expr","locations":[{"start":{"line":170,"column":27},"end":{"line":170,"column":36}},{"start":{"line":170,"column":41},"end":{"line":170,"column":82}}],"line":170},"13":{"loc":{"start":{"line":176,"column":27},"end":{"line":176,"column":86}},"type":"binary-expr","locations":[{"start":{"line":176,"column":27},"end":{"line":176,"column":36}},{"start":{"line":176,"column":41},"end":{"line":176,"column":85}}],"line":176},"14":{"loc":{"start":{"line":184,"column":13},"end":{"line":184,"column":88}},"type":"binary-expr","locations":[{"start":{"line":184,"column":13},"end":{"line":184,"column":22}},{"start":{"line":184,"column":27},"end":{"line":184,"column":87}}],"line":184},"15":{"loc":{"start":{"line":184,"column":52},"end":{"line":184,"column":87}},"type":"binary-expr","locations":[{"start":{"line":184,"column":52},"end":{"line":184,"column":63}},{"start":{"line":184,"column":67},"end":{"line":184,"column":87}}],"line":184}},"s":{"0":1,"1":1,"2":1,"3":1,"4":1,"5":1,"6":1,"7":1,"8":1,"9":1,"10":1,"11":1,"12":1,"13":1,"14":1,"15":1,"16":1,"17":161,"18":1,"19":1,"20":1,"21":0,"22":1,"23":0,"24":0,"25":0,"26":0,"27":0,"28":0,"29":0,"30":0,"31":0,"32":0,"33":0,"34":0,"35":0,"36":0,"37":0,"38":0,"39":0,"40":0,"41":0,"42":0,"43":0,"44":0,"45":0,"46":0,"47":0,"48":0,"49":1,"50":0,"51":0,"52":0,"53":0,"54":0,"55":0,"56":0,"57":0,"58":0,"59":0,"60":1,"61":1,"62":1,"63":0,"64":0,"65":0,"66":0,"67":0,"68":1,"69":1,"70":1,"71":1,"72":1,"73":1,"74":1,"75":1,"76":1,"77":1,"78":1,"79":1,"80":1,"81":1,"82":1,"83":1,"84":1,"85":1,"86":1,"87":0,"88":0,"89":0,"90":0,"91":0,"92":0,"93":1},"f":{"0":1,"1":1,"2":161,"3":0,"4":0,"5":0,"6":0,"7":0,"8":0,"9":0,"10":0,"11":0,"12":1,"13":0,"14":1,"15":0,"16":0,"17":0,"18":0,"19":0,"20":0},"b":{"0":[1,0],"1":[0,0],"2":[0,0],"3":[0,0],"4":[0,0],"5":[0,0],"6":[0,0],"7":[1,0],"8":[0,0],"9":[0,0],"10":[0,0],"11":[0,0],"12":[0,0],"13":[0,0],"14":[0,0],"15":[0,0]},"inputSourceMap":{"0":"{","1":"\"","2":"v","3":"e","4":"r","5":"s","6":"i","7":"o","8":"n","9":"\"","10":":","11":"3","12":",","13":"\"","14":"s","15":"o","16":"u","17":"r","18":"c","19":"e","20":"s","21":"\"","22":":","23":"[","24":"\"","25":"C","26":":","27":"\\","28":"\\","29":"U","30":"s","31":"e","32":"r","33":"s","34":"\\","35":"\\","36":"j","37":"o","38":"l","39":"s","40":"e","41":"\\","42":"\\","43":"s","44":"o","45":"u","46":"r","47":"c","48":"e","49":"\\","50":"\\","51":"r","52":"e","53":"p","54":"o","55":"s","56":"\\","57":"\\","58":"b","59":"a","60":"c","61":"l","62":"o","63":"r","64":"\\","65":"\\","66":"p","67":"o","68":"r","69":"t","70":"a","71":"l","72":"\\","73":"\\","74":"f","75":"r","76":"o","77":"n","78":"t","79":"e","80":"n","81":"d","82":"\\","83":"\\","84":"s","85":"r","86":"c","87":"\\","88":"\\","89":"c","90":"o","91":"m","92":"p","93":"o","94":"n","95":"e","96":"n","97":"t","98":"s","99":"\\","100":"\\","101":"L","102":"o","103":"g","104":"i","105":"n","106":"F","107":"o","108":"r","109":"m","110":".","111":"v","112":"u","113":"e","114":"\"","115":"]","116":",","117":"\"","118":"n","119":"a","120":"m","121":"e","122":"s","123":"\"","124":":","125":"[","126":"]","127":",","128":"\"","129":"m","130":"a","131":"p","132":"p","133":"i","134":"n","135":"g","136":"s","137":"\"","138":":","139":"\"","140":";","141":";","142":";","143":";","144":";","145":";","146":";","147":"A","148":"A","149":"i","150":"E","151":"A","152":";","153":"A","154":"A","155":"C","156":"A","157":";","158":"A","159":"A","160":"C","161":"A","162":";","163":"A","164":"A","165":"A","166":"s","167":"D","168":",","169":"i","170":"C","171":"A","172":"E","173":"v","174":"C","175":";","176":"E","177":"A","178":"C","179":"b","180":",","181":"K","182":"A","183":"A","184":"K","185":",","186":"G","187":"A","188":"A","189":"G","190":";","191":"I","192":"A","193":"C","194":"N","195":",","196":"M","197":"A","198":"A","199":"M","200":",","201":"m","202":"B","203":"A","204":"A","205":"m","206":"B","207":",","208":"G","209":"A","210":"A","211":"G","212":",","213":"Y","214":"A","215":"A","216":"G","217":",","218":"E","219":"A","220":"A","221":"C","222":",","223":"I","224":"A","225":"A","226":"I","227":",","228":"C","229":"A","230":"A","231":"C","232":";","233":"I","234":"A","235":"C","236":"r","237":"C","238":",","239":"M","240":"A","241":"A","242":"M","243":",","244":"S","245":"A","246":"A","247":"S","248":",","249":"G","250":"A","251":"A","252":"G","253":",","254":"Y","255":"A","256":"A","257":"G","258":",","259":"E","260":"A","261":"A","262":"C","263":",","264":"q","265":"B","266":"A","267":"A","268":"Y","269":",","270":"C","271":"A","272":"A","273":"C","274":";","275":"I","276":"A","277":"C","278":"n","279":"C","280":",","281":"M","282":"A","283":"A","284":"M","285":",","286":"K","287":"A","288":"A","289":"K","290":",","291":"G","292":"A","293":"A","294":"G","295":",","296":"Y","297":"A","298":"A","299":"G","300":",","301":"E","302":"A","303":"A","304":"C","305":",","306":"E","307":"A","308":"A","309":"E","310":",","311":"C","312":"A","313":"A","314":"C","315":";","316":"I","317":"A","318":"C","319":"r","320":"B","321":",","322":"M","323":"A","324":"A","325":"M","326":",","327":"Q","328":"A","329":"A","330":"Q","331":",","332":"G","333":"A","334":"A","335":"G","336":",","337":"Y","338":"A","339":"A","340":"G","341":",","342":"E","343":"A","344":"A","345":"C","346":",","347":"E","348":"A","349":"A","350":"E","351":",","352":"C","353":"A","354":"A","355":"C","356":";","357":"I","358":"A","359":"C","360":"x","361":"B","362":",","363":"M","364":"A","365":"A","366":"M","367":",","368":"K","369":"A","370":"A","371":"K","372":",","373":"G","374":"A","375":"A","376":"G","377":",","378":"Y","379":"A","380":"A","381":"G","382":",","383":"E","384":"A","385":"A","386":"C","387":",","388":"E","389":"A","390":"A","391":"E","392":",","393":"C","394":"A","395":"A","396":"C","397":";","398":"I","399":"A","400":"C","401":"r","402":"B","403":",","404":"M","405":"A","406":"A","407":"M","408":",","409":"O","410":"A","411":"A","412":"O","413":",","414":"G","415":"A","416":"A","417":"G","418":",","419":"Y","420":"A","421":"A","422":"G","423":",","424":"E","425":"A","426":"A","427":"C","428":",","429":"K","430":"A","431":"A","432":"K","433":",","434":"C","435":"A","436":"A","437":"C","438":";","439":"I","440":"A","441":"C","442":"1","443":"B","444":",","445":"M","446":"A","447":"A","448":"M","449":",","450":"e","451":"A","452":"A","453":"e","454":",","455":"G","456":"A","457":"A","458":"G","459":",","460":"Y","461":"A","462":"A","463":"G","464":",","465":"E","466":"A","467":"A","468":"C","469":",","470":"K","471":"A","472":"A","473":"K","474":",","475":"C","476":"A","477":"A","478":"C","479":";","480":"I","481":"A","482":"C","483":"l","484":"C","485":",","486":"M","487":"A","488":"A","489":"M","490":",","491":"S","492":"A","493":"A","494":"S","495":",","496":"G","497":"A","498":"A","499":"G","500":",","501":"Y","502":"A","503":"A","504":"G","505":",","506":"E","507":"A","508":"A","509":"C","510":",","511":"I","512":"A","513":"A","514":"I","515":",","516":"C","517":"A","518":"A","519":"C","520":";","521":"I","522":"A","523":"E","524":"3","525":"B","526":",","527":"M","528":"A","529":"A","530":"M","531":",","532":"W","533":"A","534":"A","535":"W","536":",","537":"G","538":"A","539":"A","540":"I","541":",","542":"O","543":"A","544":"A","545":"O","546":",","547":"I","548":"A","549":"A","550":"K","551":";","552":"M","553":"A","554":"C","555":"/","556":"B","557":",","558":"M","559":"A","560":"A","561":"M","562":",","563":"O","564":"A","565":"A","566":"O","567":",","568":"G","569":"A","570":"A","571":"G","572":",","573":"S","574":"A","575":"A","576":"S","577":",","578":"C","579":"A","580":"A","581":"C","582":",","583":"K","584":"A","585":"A","586":"K","587":",","588":"C","589":"A","590":"A","591":"C","592":",","593":"I","594":"A","595":"A","596":"I","597":",","598":"C","599":"A","600":"A","601":"E","602":",","603":"C","604":"A","605":"A","606":"C","607":",","608":"I","609":"A","610":"A","611":"K","612":",","613":"C","614":"A","615":"A","616":"C","617":",","618":"C","619":"A","620":"A","621":"C","622":",","623":"I","624":"A","625":"A","626":"I","627":",","628":"K","629":"A","630":"A","631":"K","632":",","633":"O","634":"A","635":"A","636":"O","637":",","638":"C","639":"A","640":"A","641":"C","642":";","643":"M","644":"A","645":"C","646":"/","647":"D","648":",","649":"O","650":"A","651":"A","652":"O","653":",","654":"O","655":"A","656":"A","657":"O","658":",","659":"G","660":"A","661":"A","662":"I","663":",","664":"I","665":"A","666":"A","667":"G","668":",","669":"O","670":"A","671":"A","672":"O","673":",","674":"C","675":"A","676":"A","677":"C","678":",","679":"Q","680":"A","681":"A","682":"S","683":",","684":"E","685":"A","686":"A","687":"C","688":",","689":"G","690":"A","691":"A","692":"G","693":",","694":"E","695":"A","696":"A","697":"E","698":";","699":"I","700":"A","701":"C","702":"9","703":"C","704":",","705":"C","706":"A","707":"A","708":"C","709":";","710":"I","711":"A","712":"E","713":"D","714":",","715":"M","716":"A","717":"A","718":"M","719":",","720":"Q","721":"A","722":"A","723":"Q","724":",","725":"G","726":"A","727":"A","728":"G","729":",","730":"Y","731":"A","732":"A","733":"G","734":",","735":"E","736":"A","737":"A","738":"C","739":",","740":"W","741":"A","742":"A","743":"W","744":",","745":"C","746":"A","747":"A","748":"C","749":",","750":"m","751":"B","752":"A","753":"A","754":"m","755":"B","756":",","757":"C","758":"A","759":"A","760":"C","761":",","762":"K","763":"A","764":"A","765":"K","766":",","767":"C","768":"A","769":"A","770":"C","771":",","772":"C","773":"A","774":"A","775":"C","776":";","777":"I","778":"A","779":"E","780":"5","781":"D","782":",","783":"c","784":"A","785":"A","786":"K","787":",","788":"E","789":"A","790":"A","791":"C","792":",","793":"m","794":"B","795":"A","796":"A","797":"m","798":"B","799":",","800":"E","801":"A","802":"A","803":"G","804":",","805":"U","806":"A","807":"A","808":"U","809":",","810":"I","811":"A","812":"A","813":"K","814":";","815":"M","816":"A","817":"C","818":"z","819":"C","820":",","821":"Q","822":"A","823":"A","824":"Q","825":",","826":"C","827":"A","828":"A","829":"C","830":",","831":"K","832":"A","833":"A","834":"K","835":",","836":"G","837":"A","838":"A","839":"G","840":",","841":"W","842":"A","843":"A","844":"W","845":",","846":"C","847":"A","848":"A","849":"C","850":",","851":"U","852":"A","853":"A","854":"U","855":",","856":"C","857":"A","858":"A","859":"C","860":";","861":"I","862":"A","863":"C","864":"1","865":"C","866":",","867":"C","868":"A","869":"A","870":"C","871":",","872":"C","873":"A","874":"A","875":"C","876":";","877":"I","878":"A","879":"E","880":"F","881":",","882":"M","883":"A","884":"A","885":"M","886":",","887":"K","888":"A","889":"A","890":"K","891":",","892":"G","893":"A","894":"A","895":"G","896":",","897":"Y","898":"A","899":"A","900":"Y","901":";","902":"M","903":"A","904":"C","905":"x","906":"B","907":",","908":"I","909":"A","910":"A","911":"I","912":",","913":"C","914":"A","915":"A","916":"C","917":",","918":"K","919":"A","920":"A","921":"K","922":",","923":"C","924":"A","925":"A","926":"C","927":",","928":"K","929":"A","930":"A","931":"K","932":",","933":"C","934":"A","935":"A","936":"C","937":",","938":"I","939":"A","940":"A","941":"I","942":",","943":"C","944":"A","945":"A","946":"C","947":",","948":"C","949":"A","950":"A","951":"C","952":",","953":"I","954":"A","955":"A","956":"I","957":",","958":"C","959":"A","960":"A","961":"C","962":",","963":"Q","964":"A","965":"A","966":"Q","967":",","968":"C","969":"A","970":"A","971":"C","972":",","973":"K","974":"A","975":"A","976":"K","977":",","978":"C","979":"A","980":"A","981":"C","982":",","983":"I","984":"A","985":"A","986":"I","987":",","988":"C","989":"A","990":"A","991":"C","992":",","993":"C","994":"A","995":"A","996":"C","997":",","998":"E","999":"A","1000":"A","1001":"E","1002":";","1003":"Q","1004":"A","1005":"C","1006":"j","1007":"D","1008":",","1009":"K","1010":"A","1011":"A","1012":"K","1013":",","1014":"C","1015":"A","1016":"A","1017":"C","1018":",","1019":"K","1020":"A","1021":"A","1022":"K","1023":",","1024":"G","1025":"A","1026":"A","1027":"G","1028":",","1029":"8","1030":"C","1031":"A","1032":"A","1033":"8","1034":"C","1035":";","1036":"Q","1037":"A","1038":"C","1039":"5","1040":"D","1041":",","1042":"O","1043":"A","1044":"A","1045":"O","1046":",","1047":"C","1048":"A","1049":"A","1050":"C","1051":",","1052":"K","1053":"A","1054":"A","1055":"K","1056":",","1057":"G","1058":"A","1059":"A","1060":"G","1061":",","1062":"I","1063":"A","1064":"A","1065":"I","1066":";","1067":"Q","1068":"A","1069":"C","1070":"p","1071":"B","1072":",","1073":"U","1074":"A","1075":"A","1076":"U","1077":",","1078":"C","1079":"A","1080":"A","1081":"C","1082":",","1083":"M","1084":"A","1085":"A","1086":"O","1087":",","1088":"O","1089":"A","1090":"A","1091":"O","1092":",","1093":"C","1094":"A","1095":"A","1096":"C","1097":",","1098":"K","1099":"A","1100":"A","1101":"K","1102":",","1103":"G","1104":"A","1105":"A","1106":"G","1107":",","1108":"K","1109":"A","1110":"A","1111":"M","1112":",","1113":"E","1114":"A","1115":"A","1116":"E","1117":",","1118":"I","1119":"A","1120":"A","1121":"I","1122":",","1123":"C","1124":"A","1125":"A","1126":"C","1127":";","1128":"Q","1129":"A","1130":"C","1131":"/","1132":"C","1133":";","1134":"M","1135":"A","1136":"C","1137":"F","1138":";","1139":"M","1140":"A","1141":"E","1142":"A","1143":",","1144":"M","1145":"A","1146":"A","1147":"M","1148":",","1149":"e","1150":"A","1151":"A","1152":"e","1153":",","1154":"G","1155":"A","1156":"A","1157":"I","1158":",","1159":"G","1160":"A","1161":"A","1162":"E","1163":",","1164":"Q","1165":"A","1166":"A","1167":"Q","1168":",","1169":"C","1170":"A","1171":"A","1172":"C","1173":",","1174":"K","1175":"A","1176":"A","1177":"M","1178":",","1179":"G","1180":"A","1181":"A","1182":"E","1183":",","1184":"K","1185":"A","1186":"A","1187":"K","1188":",","1189":"C","1190":"A","1191":"A","1192":"C","1193":",","1194":"K","1195":"A","1196":"A","1197":"M","1198":",","1199":"E","1200":"A","1201":"A","1202":"C","1203":";","1204":"M","1205":"A","1206":"C","1207":"z","1208":"D","1209":",","1210":"I","1211":"A","1212":"A","1213":"I","1214":";","1215":"Q","1216":"A","1217":"C","1218":"F","1219":",","1220":"M","1221":"A","1222":"A","1223":"M","1224":",","1225":"Q","1226":"A","1227":"A","1228":"Q","1229":",","1230":"G","1231":"A","1232":"A","1233":"G","1234":",","1235":"M","1236":"A","1237":"A","1238":"M","1239":",","1240":"k","1241":"B","1242":"A","1243":"A","1244":"K","1245":",","1246":"E","1247":"A","1248":"A","1249":"C","1250":";","1251":"U","1252":"A","1253":"C","1254":"3","1255":"B","1256":",","1257":"M","1258":"A","1259":"A","1260":"M","1261":",","1262":"E","1263":"A","1264":"A","1265":"E","1266":",","1267":"M","1268":"A","1269":"A","1270":"M","1271":";","1272":"U","1273":"A","1274":"C","1275":"d","1276":",","1277":"G","1278":"A","1279":"A","1280":"G","1281":",","1282":"E","1283":"A","1284":"A","1285":"E","1286":",","1287":"8","1288":"B","1289":"A","1290":"A","1291":"8","1292":"B","1293":";","1294":"U","1295":"A","1296":"C","1297":"n","1298":"C","1299":",","1300":"I","1301":"A","1302":"A","1303":"I","1304":",","1305":"E","1306":"A","1307":"A","1308":"E","1309":";","1310":"Y","1311":"A","1312":"C","1313":"J","1314":",","1315":"Y","1316":"A","1317":"A","1318":"Y","1319":",","1320":"E","1321":"A","1322":"A","1323":"E","1324":",","1325":"e","1326":"A","1327":"A","1328":"e","1329":";","1330":"Y","1331":"A","1332":"C","1333":"7","1334":"B","1335":",","1336":"Q","1337":"A","1338":"A","1339":"Q","1340":",","1341":"E","1342":"A","1343":"A","1344":"E","1345":",","1346":"Q","1347":"A","1348":"A","1349":"Q","1350":",","1351":"C","1352":"A","1353":"A","1354":"C","1355":";","1356":"U","1357":"A","1358":"C","1359":"r","1360":"B","1361":",","1362":"C","1363":"A","1364":"A","1365":"C","1366":";","1367":"U","1368":"A","1369":"C","1370":"D","1371":",","1372":"e","1373":"A","1374":"A","1375":"e","1376":",","1377":"E","1378":"A","1379":"A","1380":"E","1381":",","1382":"I","1383":"A","1384":"A","1385":"I","1386":";","1387":"U","1388":"A","1389":"C","1390":"r","1391":"B","1392":",","1393":"c","1394":"A","1395":"A","1396":"c","1397":",","1398":"E","1399":"A","1400":"A","1401":"G","1402":",","1403":"M","1404":"A","1405":"A","1406":"M","1407":",","1408":"I","1409":"A","1410":"A","1411":"K","1412":",","1413":"M","1414":"A","1415":"A","1416":"M","1417":",","1418":"G","1419":"A","1420":"A","1421":"G","1422":";","1423":"Q","1424":"A","1425":"C","1426":"v","1427":"C","1428":",","1429":"C","1430":"A","1431":"A","1432":"C","1433":",","1434":"C","1435":"A","1436":"A","1437":"C","1438":";","1439":"Q","1440":"A","1441":"E","1442":"F","1443":",","1444":"I","1445":"A","1446":"A","1447":"I","1448":",","1449":"Q","1450":"A","1451":"A","1452":"Q","1453":",","1454":"C","1455":"A","1456":"A","1457":"C","1458":",","1459":"M","1460":"A","1461":"A","1462":"M","1463":",","1464":"K","1465":"A","1466":"A","1467":"K","1468":",","1469":"G","1470":"A","1471":"A","1472":"G","1473":",","1474":"E","1475":"A","1476":"A","1477":"E","1478":";","1479":"U","1480":"A","1481":"C","1482":"3","1483":"B","1484":",","1485":"K","1486":"A","1487":"A","1488":"K","1489":",","1490":"C","1491":"A","1492":"A","1493":"C","1494":",","1495":"K","1496":"A","1497":"A","1498":"K","1499":",","1500":"G","1501":"A","1502":"A","1503":"G","1504":",","1505":"k","1506":"C","1507":"A","1508":"A","1509":"k","1510":"C","1511":";","1512":"U","1513":"A","1514":"C","1515":"h","1516":"D","1517":",","1518":"O","1519":"A","1520":"A","1521":"O","1522":",","1523":"C","1524":"A","1525":"A","1526":"C","1527":",","1528":"K","1529":"A","1530":"A","1531":"K","1532":",","1533":"G","1534":"A","1535":"A","1536":"G","1537":",","1538":"I","1539":"A","1540":"A","1541":"I","1542":";","1543":"U","1544":"A","1545":"C","1546":"p","1547":"B","1548":",","1549":"U","1550":"A","1551":"A","1552":"U","1553":",","1554":"C","1555":"A","1556":"A","1557":"C","1558":",","1559":"M","1560":"A","1561":"A","1562":"O","1563":",","1564":"O","1565":"A","1566":"A","1567":"O","1568":",","1569":"C","1570":"A","1571":"A","1572":"C","1573":",","1574":"K","1575":"A","1576":"A","1577":"K","1578":",","1579":"G","1580":"A","1581":"A","1582":"G","1583":",","1584":"K","1585":"A","1586":"A","1587":"M","1588":",","1589":"E","1590":"A","1591":"A","1592":"E","1593":",","1594":"I","1595":"A","1596":"A","1597":"I","1598":",","1599":"C","1600":"A","1601":"A","1602":"C","1603":";","1604":"U","1605":"A","1606":"C","1607":"/","1608":"C","1609":";","1610":"Q","1611":"A","1612":"C","1613":"F","1614":";","1615":"Q","1616":"A","1617":"E","1618":"A","1619":",","1620":"M","1621":"A","1622":"A","1623":"M","1624":",","1625":"W","1626":"A","1627":"A","1628":"W","1629":",","1630":"G","1631":"A","1632":"A","1633":"G","1634":",","1635":"a","1636":"A","1637":"A","1638":"a","1639":",","1640":"C","1641":"A","1642":"A","1643":"C","1644":",","1645":"c","1646":"A","1647":"A","1648":"c","1649":",","1650":"C","1651":"A","1652":"A","1653":"C","1654":";","1655":"Q","1656":"A","1657":"C","1658":"j","1659":"D","1660":",","1661":"I","1662":"A","1663":"A","1664":"I","1665":",","1666":"W","1667":"A","1668":"A","1669":"W","1670":",","1671":"E","1672":"A","1673":"A","1674":"E","1675":";","1676":"U","1677":"A","1678":"C","1679":"f","1680":",","1681":"M","1682":"A","1683":"A","1684":"M","1685":",","1686":"C","1687":"A","1688":"A","1689":"C","1690":",","1691":"Q","1692":"A","1693":"A","1694":"Q","1695":",","1696":"C","1697":"A","1698":"A","1699":"C","1700":",","1701":"I","1702":"A","1703":"A","1704":"I","1705":",","1706":"G","1707":"A","1708":"A","1709":"G","1710":",","1711":"k","1712":"B","1713":"A","1714":"A","1715":"k","1716":"B","1717":",","1718":"C","1719":"A","1720":"A","1721":"C","1722":",","1723":"W","1724":"A","1725":"A","1726":"W","1727":",","1728":"C","1729":"A","1730":"A","1731":"C","1732":";","1733":"Q","1734":"A","1735":"C","1736":"x","1737":"D","1738":",","1739":"C","1740":"A","1741":"A","1742":"C","1743":",","1744":"M","1745":"A","1746":"A","1747":"M","1748":";","1749":"U","1750":"A","1751":"C","1752":"L","1753":",","1754":"e","1755":"A","1756":"A","1757":"e","1758":",","1759":"C","1760":"A","1761":"A","1762":"C","1763":",","1764":"K","1765":"A","1766":"A","1767":"K","1768":",","1769":"G","1770":"A","1771":"A","1772":"G","1773":",","1774":"I","1775":"A","1776":"A","1777":"I","1778":";","1779":"Q","1780":"A","1781":"C","1782":"9","1783":"B","1784":";","1785":"M","1786":"A","1787":"C","1788":"F","1789":",","1790":"C","1791":"A","1792":"A","1793":"C","1794":",","1795":"C","1796":"A","1797":"A","1798":"C","1799":",","1800":"O","1801":"A","1802":"A","1803":"O","1804":",","1805":"G","1806":"A","1807":"A","1808":"G","1809":",","1810":"E","1811":"A","1812":"A","1813":"E","1814":";","1815":"Q","1816":"A","1817":"C","1818":"Z","1819":",","1820":"K","1821":"A","1822":"A","1823":"K","1824":",","1825":"C","1826":"A","1827":"A","1828":"C","1829":",","1830":"K","1831":"A","1832":"A","1833":"K","1834":",","1835":"G","1836":"A","1837":"A","1838":"G","1839":",","1840":"+","1841":"B","1842":"A","1843":"A","1844":"+","1845":"B","1846":";","1847":"Q","1848":"A","1849":"C","1850":"7","1851":"C","1852":",","1853":"O","1854":"A","1855":"A","1856":"O","1857":",","1858":"C","1859":"A","1860":"A","1861":"C","1862":",","1863":"K","1864":"A","1865":"A","1866":"K","1867":",","1868":"G","1869":"A","1870":"A","1871":"G","1872":",","1873":"I","1874":"A","1875":"A","1876":"I","1877":";","1878":"Q","1879":"A","1880":"C","1881":"p","1882":"B","1883":",","1884":"U","1885":"A","1886":"A","1887":"U","1888":",","1889":"C","1890":"A","1891":"A","1892":"C","1893":",","1894":"M","1895":"A","1896":"A","1897":"O","1898":",","1899":"O","1900":"A","1901":"A","1902":"O","1903":",","1904":"C","1905":"A","1906":"A","1907":"C","1908":",","1909":"K","1910":"A","1911":"A","1912":"K","1913":",","1914":"G","1915":"A","1916":"A","1917":"G","1918":",","1919":"K","1920":"A","1921":"A","1922":"M","1923":",","1924":"E","1925":"A","1926":"A","1927":"E","1928":",","1929":"I","1930":"A","1931":"A","1932":"I","1933":",","1934":"C","1935":"A","1936":"A","1937":"C","1938":";","1939":"Q","1940":"A","1941":"C","1942":"/","1943":"C","1944":",","1945":"O","1946":"A","1947":"A","1948":"O","1949":",","1950":"C","1951":"A","1952":"A","1953":"C","1954":",","1955":"K","1956":"A","1957":"A","1958":"K","1959":",","1960":"C","1961":"A","1962":"A","1963":"C","1964":",","1965":"c","1966":"A","1967":"A","1968":"c","1969":",","1970":"E","1971":"A","1972":"A","1973":"E","1974":",","1975":"G","1976":"A","1977":"A","1978":"G","1979":",","1980":"C","1981":"A","1982":"A","1983":"C","1984":";","1985":"M","1986":"A","1987":"C","1988":"p","1989":"C","1990":",","1991":"C","1992":"A","1993":"A","1994":"C","1995":",","1996":"S","1997":"A","1998":"A","1999":"S","2000":";","2001":"Q","2002":"A","2003":"C","2004":"R","2005":",","2006":"S","2007":"A","2008":"A","2009":"S","2010":",","2011":"C","2012":"A","2013":"A","2014":"C","2015":",","2016":"K","2017":"A","2018":"A","2019":"K","2020":",","2021":"G","2022":"A","2023":"A","2024":"G","2025":",","2026":"K","2027":"A","2028":"A","2029":"K","2030":";","2031":"M","2032":"A","2033":"C","2034":"z","2035":"B","2036":";","2037":"I","2038":"A","2039":"C","2040":"F","2041":",","2042":"C","2043":"A","2044":"A","2045":"C","2046":";","2047":"I","2048":"A","2049":"E","2050":"D","2051":",","2052":"M","2053":"A","2054":"A","2055":"M","2056":",","2057":"M","2058":"A","2059":"A","2060":"M","2061":",","2062":"G","2063":"A","2064":"A","2065":"G","2066":",","2067":"Y","2068":"A","2069":"A","2070":"Y","2071":";","2072":"M","2073":"A","2074":"C","2075":"z","2076":"B","2077":",","2078":"I","2079":"A","2080":"A","2081":"I","2082":";","2083":"Q","2084":"A","2085":"C","2086":"F","2087":",","2088":"M","2089":"A","2090":"A","2091":"M","2092":",","2093":"Q","2094":"A","2095":"A","2096":"Q","2097":",","2098":"G","2099":"A","2100":"A","2101":"G","2102":",","2103":"M","2104":"A","2105":"A","2106":"M","2107":",","2108":"k","2109":"B","2110":"A","2111":"A","2112":"K","2113":",","2114":"E","2115":"A","2116":"A","2117":"C","2118":";","2119":"U","2120":"A","2121":"C","2122":"3","2123":"B","2124":",","2125":"M","2126":"A","2127":"A","2128":"M","2129":",","2130":"E","2131":"A","2132":"A","2133":"E","2134":",","2135":"M","2136":"A","2137":"A","2138":"M","2139":";","2140":"U","2141":"A","2142":"C","2143":"d","2144":",","2145":"G","2146":"A","2147":"A","2148":"G","2149":",","2150":"E","2151":"A","2152":"A","2153":"E","2154":",","2155":"+","2156":"B","2157":"A","2158":"A","2159":"+","2160":"B","2161":";","2162":"U","2163":"A","2164":"C","2165":"p","2166":"C","2167":",","2168":"e","2169":"A","2170":"A","2171":"e","2172":",","2173":"E","2174":"A","2175":"A","2176":"E","2177":",","2178":"I","2179":"A","2180":"A","2181":"I","2182":";","2183":"U","2184":"A","2185":"C","2186":"r","2187":"B","2188":",","2189":"c","2190":"A","2191":"A","2192":"c","2193":",","2194":"E","2195":"A","2196":"A","2197":"G","2198":",","2199":"M","2200":"A","2201":"A","2202":"M","2203":",","2204":"I","2205":"A","2206":"A","2207":"K","2208":",","2209":"M","2210":"A","2211":"A","2212":"M","2213":",","2214":"G","2215":"A","2216":"A","2217":"G","2218":";","2219":"Q","2220":"A","2221":"C","2222":"v","2223":"C","2224":",","2225":"C","2226":"A","2227":"A","2228":"C","2229":",","2230":"C","2231":"A","2232":"A","2233":"C","2234":";","2235":"Q","2236":"A","2237":"E","2238":"F","2239":",","2240":"I","2241":"A","2242":"A","2243":"I","2244":",","2245":"Q","2246":"A","2247":"A","2248":"Q","2249":",","2250":"C","2251":"A","2252":"A","2253":"C","2254":",","2255":"M","2256":"A","2257":"A","2258":"M","2259":",","2260":"K","2261":"A","2262":"A","2263":"K","2264":",","2265":"G","2266":"A","2267":"A","2268":"G","2269":",","2270":"E","2271":"A","2272":"A","2273":"E","2274":";","2275":"U","2276":"A","2277":"C","2278":"3","2279":"B","2280":",","2281":"e","2282":"A","2283":"A","2284":"e","2285":",","2286":"C","2287":"A","2288":"A","2289":"C","2290":",","2291":"K","2292":"A","2293":"A","2294":"K","2295":",","2296":"G","2297":"A","2298":"A","2299":"G","2300":",","2301":"K","2302":"A","2303":"A","2304":"K","2305":";","2306":"Q","2307":"A","2308":"C","2309":"/","2310":"B","2311":",","2312":"C","2313":"A","2314":"A","2315":"C","2316":",","2317":"M","2318":"A","2319":"A","2320":"M","2321":";","2322":"U","2323":"A","2324":"C","2325":"L","2326":",","2327":"O","2328":"A","2329":"A","2330":"O","2331":",","2332":"C","2333":"A","2334":"A","2335":"C","2336":",","2337":"K","2338":"A","2339":"A","2340":"K","2341":",","2342":"C","2343":"A","2344":"A","2345":"C","2346":",","2347":"4","2348":"B","2349":"A","2350":"A","2351":"4","2352":"B","2353":",","2354":"E","2355":"A","2356":"A","2357":"E","2358":",","2359":"Q","2360":"A","2361":"A","2362":"Q","2363":",","2364":"C","2365":"A","2366":"A","2367":"C","2368":",","2369":"M","2370":"A","2371":"A","2372":"M","2373":",","2374":"C","2375":"A","2376":"A","2377":"C","2378":";","2379":"Q","2380":"A","2381":"C","2382":"9","2383":"D","2384":";","2385":"M","2386":"A","2387":"C","2388":"F","2389":",","2390":"C","2391":"A","2392":"A","2393":"C","2394":",","2395":"C","2396":"A","2397":"A","2398":"C","2399":",","2400":"O","2401":"A","2402":"A","2403":"O","2404":",","2405":"G","2406":"A","2407":"A","2408":"G","2409":",","2410":"E","2411":"A","2412":"A","2413":"E","2414":";","2415":"Q","2416":"A","2417":"C","2418":"Z","2419":",","2420":"O","2421":"A","2422":"A","2423":"O","2424":",","2425":"C","2426":"A","2427":"A","2428":"C","2429":",","2430":"K","2431":"A","2432":"A","2433":"K","2434":",","2435":"C","2436":"A","2437":"A","2438":"C","2439":",","2440":"g","2441":"B","2442":"A","2443":"A","2444":"g","2445":"B","2446":",","2447":"E","2448":"A","2449":"A","2450":"E","2451":",","2452":"G","2453":"A","2454":"A","2455":"G","2456":",","2457":"C","2458":"A","2459":"A","2460":"C","2461":";","2462":"M","2463":"A","2464":"C","2465":"t","2466":"C","2467":",","2468":"C","2469":"A","2470":"A","2471":"C","2472":",","2473":"S","2474":"A","2475":"A","2476":"S","2477":";","2478":"Q","2479":"A","2480":"C","2481":"R","2482":",","2483":"S","2484":"A","2485":"A","2486":"S","2487":",","2488":"C","2489":"A","2490":"A","2491":"C","2492":",","2493":"K","2494":"A","2495":"A","2496":"K","2497":",","2498":"G","2499":"A","2500":"A","2501":"G","2502":",","2503":"K","2504":"A","2505":"A","2506":"K","2507":";","2508":"M","2509":"A","2510":"C","2511":"z","2512":"B","2513":";","2514":"I","2515":"A","2516":"C","2517":"F","2518":",","2519":"C","2520":"A","2521":"A","2522":"C","2523":";","2524":"I","2525":"A","2526":"E","2527":"D","2528":",","2529":"S","2530":"A","2531":"A","2532":"S","2533":",","2534":"a","2535":"A","2536":"A","2537":"a","2538":",","2539":"C","2540":"A","2541":"A","2542":"C","2543":",","2544":"K","2545":"A","2546":"A","2547":"K","2548":",","2549":"E","2550":"A","2551":"A","2552":"E","2553":";","2554":"M","2555":"A","2556":"C","2557":"5","2558":"B","2559":",","2560":"M","2561":"A","2562":"A","2563":"M","2564":",","2565":"S","2566":"A","2567":"A","2568":"S","2569":",","2570":"G","2571":"A","2572":"A","2573":"G","2574":",","2575":"I","2576":"A","2577":"A","2578":"I","2579":",","2580":"e","2581":"A","2582":"A","2583":"e","2584":",","2585":"C","2586":"A","2587":"A","2588":"C","2589":",","2590":"M","2591":"A","2592":"A","2593":"M","2594":",","2595":"C","2596":"A","2597":"A","2598":"C","2599":",","2600":"Q","2601":"A","2602":"A","2603":"Q","2604":",","2605":"C","2606":"A","2607":"A","2608":"C","2609":",","2610":"M","2611":"A","2612":"A","2613":"M","2614":",","2615":"C","2616":"A","2617":"A","2618":"C","2619":";","2620":"M","2621":"A","2622":"C","2623":"7","2624":"D","2625":",","2626":"O","2627":"A","2628":"A","2629":"O","2630":",","2631":"S","2632":"A","2633":"A","2634":"S","2635":",","2636":"C","2637":"A","2638":"A","2639":"C","2640":",","2641":"G","2642":"A","2643":"A","2644":"G","2645":",","2646":"C","2647":"A","2648":"A","2649":"C","2650":",","2651":"K","2652":"A","2653":"A","2654":"K","2655":",","2656":"C","2657":"A","2658":"A","2659":"C","2660":";","2661":"I","2662":"A","2663":"C","2664":"7","2665":"B","2666":";","2667":"I","2668":"A","2669":"E","2670":"A","2671":",","2672":"M","2673":"A","2674":"A","2675":"M","2676":",","2677":"y","2678":"B","2679":"A","2680":"A","2681":"y","2682":"B","2683":",","2684":"G","2685":"A","2686":"A","2687":"G","2688":",","2689":"Y","2690":"A","2691":"A","2692":"Y","2693":";","2694":"M","2695":"A","2696":"C","2697":"5","2698":"C","2699":",","2700":"I","2701":"A","2702":"A","2703":"I","2704":";","2705":"Q","2706":"A","2707":"C","2708":"F","2709":",","2710":"M","2711":"A","2712":"A","2713":"M","2714":",","2715":"Q","2716":"A","2717":"A","2718":"Q","2719":",","2720":"G","2721":"A","2722":"A","2723":"G","2724":",","2725":"M","2726":"A","2727":"A","2728":"M","2729":",","2730":"k","2731":"B","2732":"A","2733":"A","2734":"K","2735":",","2736":"E","2737":"A","2738":"A","2739":"C","2740":";","2741":"U","2742":"A","2743":"C","2744":"3","2745":"B","2746":",","2747":"M","2748":"A","2749":"A","2750":"M","2751":",","2752":"E","2753":"A","2754":"A","2755":"E","2756":",","2757":"M","2758":"A","2759":"A","2760":"M","2761":";","2762":"U","2763":"A","2764":"C","2765":"d","2766":",","2767":"G","2768":"A","2769":"A","2770":"G","2771":",","2772":"E","2773":"A","2774":"A","2775":"E","2776":",","2777":"+","2778":"B","2779":"A","2780":"A","2781":"+","2782":"B","2783":";","2784":"U","2785":"A","2786":"C","2787":"p","2788":"C","2789":",","2790":"e","2791":"A","2792":"A","2793":"e","2794":",","2795":"E","2796":"A","2797":"A","2798":"E","2799":",","2800":"I","2801":"A","2802":"A","2803":"I","2804":";","2805":"U","2806":"A","2807":"C","2808":"r","2809":"B","2810":",","2811":"c","2812":"A","2813":"A","2814":"c","2815":",","2816":"E","2817":"A","2818":"A","2819":"G","2820":",","2821":"M","2822":"A","2823":"A","2824":"M","2825":",","2826":"I","2827":"A","2828":"A","2829":"K","2830":",","2831":"M","2832":"A","2833":"A","2834":"M","2835":",","2836":"G","2837":"A","2838":"A","2839":"G","2840":";","2841":"Q","2842":"A","2843":"C","2844":"v","2845":"C","2846":",","2847":"C","2848":"A","2849":"A","2850":"C","2851":",","2852":"C","2853":"A","2854":"A","2855":"C","2856":";","2857":"Q","2858":"A","2859":"E","2860":"F","2861":",","2862":"I","2863":"A","2864":"A","2865":"I","2866":",","2867":"Q","2868":"A","2869":"A","2870":"Q","2871":",","2872":"C","2873":"A","2874":"A","2875":"C","2876":",","2877":"M","2878":"A","2879":"A","2880":"M","2881":",","2882":"K","2883":"A","2884":"A","2885":"K","2886":",","2887":"G","2888":"A","2889":"A","2890":"G","2891":",","2892":"E","2893":"A","2894":"A","2895":"E","2896":";","2897":"U","2898":"A","2899":"C","2900":"3","2901":"B","2902":",","2903":"e","2904":"A","2905":"A","2906":"e","2907":",","2908":"C","2909":"A","2910":"A","2911":"C","2912":",","2913":"K","2914":"A","2915":"A","2916":"K","2917":",","2918":"G","2919":"A","2920":"A","2921":"G","2922":",","2923":"I","2924":"A","2925":"A","2926":"I","2927":";","2928":"Q","2929":"A","2930":"C","2931":"9","2932":"B","2933":";","2934":"M","2935":"A","2936":"C","2937":"F","2938":",","2939":"C","2940":"A","2941":"A","2942":"C","2943":",","2944":"C","2945":"A","2946":"A","2947":"C","2948":",","2949":"O","2950":"A","2951":"A","2952":"O","2953":",","2954":"G","2955":"A","2956":"A","2957":"G","2958":",","2959":"E","2960":"A","2961":"A","2962":"E","2963":";","2964":"Q","2965":"A","2966":"C","2967":"Z","2968":",","2969":"O","2970":"A","2971":"A","2972":"O","2973":",","2974":"C","2975":"A","2976":"A","2977":"C","2978":",","2979":"K","2980":"A","2981":"A","2982":"K","2983":",","2984":"C","2985":"A","2986":"A","2987":"C","2988":",","2989":"Q","2990":"A","2991":"A","2992":"Q","2993":",","2994":"E","2995":"A","2996":"A","2997":"E","2998":",","2999":"G","3000":"A","3001":"A","3002":"G","3003":",","3004":"C","3005":"A","3006":"A","3007":"C","3008":";","3009":"M","3010":"A","3011":"C","3012":"9","3013":"B","3014":",","3015":"C","3016":"A","3017":"A","3018":"C","3019":",","3020":"S","3021":"A","3022":"A","3023":"S","3024":";","3025":"Q","3026":"A","3027":"C","3028":"R","3029":",","3030":"S","3031":"A","3032":"A","3033":"S","3034":",","3035":"C","3036":"A","3037":"A","3038":"C","3039":",","3040":"K","3041":"A","3042":"A","3043":"K","3044":",","3045":"G","3046":"A","3047":"A","3048":"G","3049":",","3050":"K","3051":"A","3052":"A","3053":"K","3054":";","3055":"M","3056":"A","3057":"C","3058":"z","3059":"B","3060":";","3061":"I","3062":"A","3063":"C","3064":"F","3065":",","3066":"C","3067":"A","3068":"A","3069":"C","3070":";","3071":"I","3072":"A","3073":"E","3074":"D","3075":",","3076":"k","3077":"B","3078":"A","3079":"A","3080":"S","3081":",","3082":"E","3083":"A","3084":"A","3085":"C","3086":",","3087":"y","3088":"B","3089":"A","3090":"A","3091":"y","3092":"B","3093":",","3094":"C","3095":"A","3096":"A","3097":"C","3098":";","3099":"I","3100":"A","3101":"E","3102":"p","3103":"C","3104":",","3105":"O","3106":"A","3107":"A","3108":"O","3109":";","3110":"M","3111":"A","3112":"C","3113":"L","3114":",","3115":"W","3116":"A","3117":"A","3118":"W","3119":",","3120":"E","3121":"A","3122":"A","3123":"E","3124":",","3125":"m","3126":"B","3127":"A","3128":"A","3129":"m","3130":"B","3131":";","3132":"M","3133":"A","3134":"C","3135":"h","3136":"C","3137":",","3138":"S","3139":"A","3140":"A","3141":"S","3142":";","3143":"M","3144":"A","3145":"C","3146":"T","3147":",","3148":"K","3149":"A","3150":"A","3151":"K","3152":";","3153":"M","3154":"A","3155":"C","3156":"L","3157":",","3158":"Q","3159":"A","3160":"A","3161":"Q","3162":";","3163":"M","3164":"A","3165":"C","3166":"R","3167":",","3168":"K","3169":"A","3170":"A","3171":"K","3172":";","3173":"M","3174":"A","3175":"C","3176":"L","3177":",","3178":"O","3179":"A","3180":"A","3181":"O","3182":";","3183":"M","3184":"A","3185":"C","3186":"P","3187":",","3188":"K","3189":"A","3190":"A","3191":"K","3192":";","3193":"M","3194":"A","3195":"C","3196":"L","3197":",","3198":"e","3199":"A","3200":"A","3201":"e","3202":";","3203":"M","3204":"A","3205":"C","3206":"f","3207":",","3208":"M","3209":"A","3210":"A","3211":"M","3212":";","3213":"M","3214":"A","3215":"C","3216":"N","3217":";","3218":"I","3219":"A","3220":"C","3221":"F","3222":",","3223":"C","3224":"A","3225":"A","3226":"C","3227":";","3228":"E","3229":"A","3230":"C","3231":"H","3232":";","3233":"A","3234":"A","3235":"C","3236":"F","3237":",","3238":"C","3239":"A","3240":"A","3241":"C","3242":"\"","3243":",","3244":"\"","3245":"f","3246":"i","3247":"l","3248":"e","3249":"\"","3250":":","3251":"\"","3252":"C","3253":":","3254":"\\","3255":"\\","3256":"U","3257":"s","3258":"e","3259":"r","3260":"s","3261":"\\","3262":"\\","3263":"j","3264":"o","3265":"l","3266":"s","3267":"e","3268":"\\","3269":"\\","3270":"s","3271":"o","3272":"u","3273":"r","3274":"c","3275":"e","3276":"\\","3277":"\\","3278":"r","3279":"e","3280":"p","3281":"o","3282":"s","3283":"\\","3284":"\\","3285":"b","3286":"a","3287":"c","3288":"l","3289":"o","3290":"r","3291":"\\","3292":"\\","3293":"p","3294":"o","3295":"r","3296":"t","3297":"a","3298":"l","3299":"\\","3300":"\\","3301":"f","3302":"r","3303":"o","3304":"n","3305":"t","3306":"e","3307":"n","3308":"d","3309":"\\","3310":"\\","3311":"s","3312":"r","3313":"c","3314":"\\","3315":"\\","3316":"c","3317":"o","3318":"m","3319":"p","3320":"o","3321":"n","3322":"e","3323":"n","3324":"t","3325":"s","3326":"\\","3327":"\\","3328":"L","3329":"o","3330":"g","3331":"i","3332":"n","3333":"F","3334":"o","3335":"r","3336":"m","3337":".","3338":"v","3339":"u","3340":"e","3341":"\"","3342":",","3343":"\"","3344":"s","3345":"o","3346":"u","3347":"r","3348":"c","3349":"e","3350":"s","3351":"C","3352":"o","3353":"n","3354":"t","3355":"e","3356":"n","3357":"t","3358":"\"","3359":":","3360":"[","3361":"\"","3362":"<","3363":"t","3364":"e","3365":"m","3366":"p","3367":"l","3368":"a","3369":"t","3370":"e","3371":">","3372":"\\","3373":"r","3374":"\\","3375":"n","3376":" ","3377":" ","3378":"<","3379":"d","3380":"i","3381":"v","3382":" ","3383":"c","3384":"l","3385":"a","3386":"s","3387":"s","3388":"=","3389":"\\","3390":"\"","3391":"l","3392":"o","3393":"g","3394":"i","3395":"n","3396":"-","3397":"b","3398":"o","3399":"x","3400":"\\","3401":"\"","3402":">","3403":"\\","3404":"r","3405":"\\","3406":"n","3407":" ","3408":" ","3409":" ","3410":" ","3411":"<","3412":"d","3413":"i","3414":"v","3415":" ","3416":"v","3417":"-","3418":"i","3419":"f","3420":"=","3421":"\\","3422":"\"","3423":"i","3424":"s","3425":"L","3426":"o","3427":"a","3428":"d","3429":"i","3430":"n","3431":"g","3432":"\\","3433":"\"","3434":">","3435":"\\","3436":"r","3437":"\\","3438":"n","3439":" ","3440":" ","3441":" ","3442":" ","3443":" ","3444":" ","3445":"<","3446":"p","3447":">","3448":"L","3449":"o","3450":"a","3451":"d","3452":"i","3453":"n","3454":"g","3455":".","3456":".","3457":".","3458":"<","3459":"/","3460":"p","3461":">","3462":"\\","3463":"r","3464":"\\","3465":"n","3466":" ","3467":" ","3468":" ","3469":" ","3470":"<","3471":"/","3472":"d","3473":"i","3474":"v","3475":">","3476":"\\","3477":"r","3478":"\\","3479":"n","3480":"\\","3481":"r","3482":"\\","3483":"n","3484":" ","3485":" ","3486":" ","3487":" ","3488":"<","3489":"d","3490":"i","3491":"v","3492":" ","3493":"v","3494":"-","3495":"e","3496":"l","3497":"s","3498":"e","3499":"-","3500":"i","3501":"f","3502":"=","3503":"\\","3504":"\"","3505":"!","3506":"i","3507":"s","3508":"A","3509":"u","3510":"t","3511":"h","3512":"e","3513":"n","3514":"t","3515":"i","3516":"c","3517":"a","3518":"t","3519":"e","3520":"d","3521":"\\","3522":"\"","3523":">","3524":"\\","3525":"r","3526":"\\","3527":"n","3528":" ","3529":" ","3530":" ","3531":" ","3532":" ","3533":" ","3534":"<","3535":"f","3536":"o","3537":"r","3538":"m","3539":" ","3540":"@","3541":"s","3542":"u","3543":"b","3544":"m","3545":"i","3546":"t","3547":".","3548":"p","3549":"r","3550":"e","3551":"v","3552":"e","3553":"n","3554":"t","3555":"=","3556":"\\","3557":"\"","3558":"l","3559":"o","3560":"g","3561":"i","3562":"n","3563":"\\","3564":"\"","3565":">","3566":"\\","3567":"r","3568":"\\","3569":"n","3570":" ","3571":" ","3572":" ","3573":" ","3574":" ","3575":" ","3576":" ","3577":" ","3578":"<","3579":"d","3580":"i","3581":"v","3582":" ","3583":"c","3584":"l","3585":"a","3586":"s","3587":"s","3588":"=","3589":"\\","3590":"\"","3591":"i","3592":"n","3593":"p","3594":"u","3595":"t","3596":"-","3597":"g","3598":"r","3599":"o","3600":"u","3601":"p","3602":"\\","3603":"\"","3604":">","3605":"\\","3606":"r","3607":"\\","3608":"n","3609":" ","3610":" ","3611":" ","3612":" ","3613":" ","3614":" ","3615":" ","3616":" ","3617":" ","3618":" ","3619":"<","3620":"s","3621":"e","3622":"l","3623":"e","3624":"c","3625":"t","3626":" ","3627":"v","3628":"-","3629":"m","3630":"o","3631":"d","3632":"e","3633":"l","3634":"=","3635":"\\","3636":"\"","3637":"c","3638":"o","3639":"u","3640":"n","3641":"t","3642":"r","3643":"y","3644":"C","3645":"o","3646":"d","3647":"e","3648":"\\","3649":"\"","3650":" ","3651":"c","3652":"l","3653":"a","3654":"s","3655":"s","3656":"=","3657":"\\","3658":"\"","3659":"c","3660":"o","3661":"u","3662":"n","3663":"t","3664":"r","3665":"y","3666":"-","3667":"c","3668":"o","3669":"d","3670":"e","3671":"\\","3672":"\"","3673":">","3674":"\\","3675":"r","3676":"\\","3677":"n","3678":" ","3679":" ","3680":" ","3681":" ","3682":" ","3683":" ","3684":" ","3685":" ","3686":" ","3687":" ","3688":" ","3689":" ","3690":"<","3691":"o","3692":"p","3693":"t","3694":"i","3695":"o","3696":"n","3697":" ","3698":"v","3699":"-","3700":"b","3701":"i","3702":"n","3703":"d","3704":":","3705":"v","3706":"a","3707":"l","3708":"u","3709":"e","3710":"=","3711":"\\","3712":"\"","3713":"'","3714":"n","3715":"o","3716":"'","3717":"\\","3718":"\"","3719":">","3720":"N","3721":"o","3722":"r","3723":"g","3724":"e","3725":" ","3726":"(","3727":"+","3728":"4","3729":"7","3730":")","3731":"<","3732":"/","3733":"o","3734":"p","3735":"t","3736":"i","3737":"o","3738":"n","3739":">","3740":"\\","3741":"r","3742":"\\","3743":"n","3744":" ","3745":" ","3746":" ","3747":" ","3748":" ","3749":" ","3750":" ","3751":" ","3752":" ","3753":" ","3754":" ","3755":" ","3756":"<","3757":"o","3758":"p","3759":"t","3760":"i","3761":"o","3762":"n","3763":"\\","3764":"r","3765":"\\","3766":"n","3767":" ","3768":" ","3769":" ","3770":" ","3771":" ","3772":" ","3773":" ","3774":" ","3775":" ","3776":" ","3777":" ","3778":" ","3779":" ","3780":" ","3781":"v","3782":"-","3783":"f","3784":"o","3785":"r","3786":"=","3787":"\\","3788":"\"","3789":"c","3790":"o","3791":"u","3792":"n","3793":"t","3794":"r","3795":"y","3796":" ","3797":"i","3798":"n","3799":" ","3800":"c","3801":"o","3802":"u","3803":"n","3804":"t","3805":"r","3806":"i","3807":"e","3808":"s","3809":"\\","3810":"\"","3811":"\\","3812":"r","3813":"\\","3814":"n","3815":" ","3816":" ","3817":" ","3818":" ","3819":" ","3820":" ","3821":" ","3822":" ","3823":" ","3824":" ","3825":" ","3826":" ","3827":" ","3828":" ","3829":":","3830":"k","3831":"e","3832":"y","3833":"=","3834":"\\","3835":"\"","3836":"c","3837":"o","3838":"u","3839":"n","3840":"t","3841":"r","3842":"y","3843":".","3844":"i","3845":"s","3846":"o","3847":"2","3848":"\\","3849":"\"","3850":"\\","3851":"r","3852":"\\","3853":"n","3854":" ","3855":" ","3856":" ","3857":" ","3858":" ","3859":" ","3860":" ","3861":" ","3862":" ","3863":" ","3864":" ","3865":" ","3866":" ","3867":" ","3868":"v","3869":"-","3870":"b","3871":"i","3872":"n","3873":"d","3874":":","3875":"v","3876":"a","3877":"l","3878":"u","3879":"e","3880":"=","3881":"\\","3882":"\"","3883":"c","3884":"o","3885":"u","3886":"n","3887":"t","3888":"r","3889":"y","3890":".","3891":"i","3892":"s","3893":"o","3894":"2","3895":"\\","3896":"\"","3897":"\\","3898":"r","3899":"\\","3900":"n","3901":" ","3902":" ","3903":" ","3904":" ","3905":" ","3906":" ","3907":" ","3908":" ","3909":" ","3910":" ","3911":" ","3912":" ","3913":">","3914":"\\","3915":"r","3916":"\\","3917":"n","3918":" ","3919":" ","3920":" ","3921":" ","3922":" ","3923":" ","3924":" ","3925":" ","3926":" ","3927":" ","3928":" ","3929":" ","3930":" ","3931":" ","3932":"{","3933":"{","3934":" ","3935":"c","3936":"o","3937":"u","3938":"n","3939":"t","3940":"r","3941":"y","3942":".","3943":"n","3944":"a","3945":"m","3946":"e","3947":" ","3948":"}","3949":"}","3950":" ","3951":"(","3952":"+","3953":"{","3954":"{","3955":" ","3956":"c","3957":"o","3958":"u","3959":"n","3960":"t","3961":"r","3962":"y","3963":".","3964":"d","3965":"i","3966":"a","3967":"l","3968":"C","3969":"o","3970":"d","3971":"e","3972":" ","3973":"}","3974":"}","3975":")","3976":"\\","3977":"r","3978":"\\","3979":"n","3980":" ","3981":" ","3982":" ","3983":" ","3984":" ","3985":" ","3986":" ","3987":" ","3988":" ","3989":" ","3990":" ","3991":" ","3992":"<","3993":"/","3994":"o","3995":"p","3996":"t","3997":"i","3998":"o","3999":"n","4000":">","4001":"\\","4002":"r","4003":"\\","4004":"n","4005":" ","4006":" ","4007":" ","4008":" ","4009":" ","4010":" ","4011":" ","4012":" ","4013":" ","4014":" ","4015":"<","4016":"/","4017":"s","4018":"e","4019":"l","4020":"e","4021":"c","4022":"t","4023":">","4024":"\\","4025":"r","4026":"\\","4027":"n","4028":" ","4029":" ","4030":" ","4031":" ","4032":" ","4033":" ","4034":" ","4035":" ","4036":" ","4037":" ","4038":"<","4039":"i","4040":"n","4041":"p","4042":"u","4043":"t","4044":"\\","4045":"r","4046":"\\","4047":"n","4048":" ","4049":" ","4050":" ","4051":" ","4052":" ","4053":" ","4054":" ","4055":" ","4056":" ","4057":" ","4058":" ","4059":" ","4060":"v","4061":"-","4062":"m","4063":"o","4064":"d","4065":"e","4066":"l","4067":"=","4068":"\\","4069":"\"","4070":"p","4071":"h","4072":"o","4073":"n","4074":"e","4075":"\\","4076":"\"","4077":"\\","4078":"r","4079":"\\","4080":"n","4081":" ","4082":" ","4083":" ","4084":" ","4085":" ","4086":" ","4087":" ","4088":" ","4089":" ","4090":" ","4091":" ","4092":" ","4093":"i","4094":"d","4095":"=","4096":"\\","4097":"\"","4098":"p","4099":"h","4100":"o","4101":"n","4102":"e","4103":"\\","4104":"\"","4105":"\\","4106":"r","4107":"\\","4108":"n","4109":" ","4110":" ","4111":" ","4112":" ","4113":" ","4114":" ","4115":" ","4116":" ","4117":" ","4118":" ","4119":" ","4120":" ","4121":"t","4122":"y","4123":"p","4124":"e","4125":"=","4126":"\\","4127":"\"","4128":"t","4129":"e","4130":"l","4131":"\\","4132":"\"","4133":"\\","4134":"r","4135":"\\","4136":"n","4137":" ","4138":" ","4139":" ","4140":" ","4141":" ","4142":" ","4143":" ","4144":" ","4145":" ","4146":" ","4147":" ","4148":" ","4149":"c","4150":"l","4151":"a","4152":"s","4153":"s","4154":"=","4155":"\\","4156":"\"","4157":"p","4158":"h","4159":"o","4160":"n","4161":"e","4162":"-","4163":"n","4164":"u","4165":"m","4166":"b","4167":"e","4168":"r","4169":"\\","4170":"\"","4171":"\\","4172":"r","4173":"\\","4174":"n","4175":" ","4176":" ","4177":" ","4178":" ","4179":" ","4180":" ","4181":" ","4182":" ","4183":" ","4184":" ","4185":" ","4186":" ","4187":"p","4188":"l","4189":"a","4190":"c","4191":"e","4192":"h","4193":"o","4194":"l","4195":"d","4196":"e","4197":"r","4198":"=","4199":"\\","4200":"\"","4201":"T","4202":"e","4203":"l","4204":"e","4205":"f","4206":"o","4207":"n","4208":"n","4209":"u","4210":"m","4211":"m","4212":"e","4213":"r","4214":"\\","4215":"\"","4216":"\\","4217":"r","4218":"\\","4219":"n","4220":" ","4221":" ","4222":" ","4223":" ","4224":" ","4225":" ","4226":" ","4227":" ","4228":" ","4229":" ","4230":"/","4231":">","4232":"\\","4233":"r","4234":"\\","4235":"n","4236":" ","4237":" ","4238":" ","4239":" ","4240":" ","4241":" ","4242":" ","4243":" ","4244":"<","4245":"/","4246":"d","4247":"i","4248":"v","4249":">","4250":"\\","4251":"r","4252":"\\","4253":"n","4254":" ","4255":" ","4256":" ","4257":" ","4258":" ","4259":" ","4260":" ","4261":" ","4262":"<","4263":"d","4264":"i","4265":"v","4266":" ","4267":"c","4268":"l","4269":"a","4270":"s","4271":"s","4272":"=","4273":"\\","4274":"\"","4275":"i","4276":"n","4277":"p","4278":"u","4279":"t","4280":"-","4281":"g","4282":"r","4283":"o","4284":"u","4285":"p","4286":"\\","4287":"\"","4288":">","4289":"\\","4290":"r","4291":"\\","4292":"n","4293":" ","4294":" ","4295":" ","4296":" ","4297":" ","4298":" ","4299":" ","4300":" ","4301":" ","4302":" ","4303":"<","4304":"i","4305":"n","4306":"p","4307":"u","4308":"t","4309":"\\","4310":"r","4311":"\\","4312":"n","4313":" ","4314":" ","4315":" ","4316":" ","4317":" ","4318":" ","4319":" ","4320":" ","4321":" ","4322":" ","4323":" ","4324":" ","4325":"v","4326":"-","4327":"m","4328":"o","4329":"d","4330":"e","4331":"l","4332":"=","4333":"\\","4334":"\"","4335":"p","4336":"a","4337":"s","4338":"s","4339":"w","4340":"o","4341":"r","4342":"d","4343":"\\","4344":"\"","4345":"\\","4346":"r","4347":"\\","4348":"n","4349":" ","4350":" ","4351":" ","4352":" ","4353":" ","4354":" ","4355":" ","4356":" ","4357":" ","4358":" ","4359":" ","4360":" ","4361":"i","4362":"d","4363":"=","4364":"\\","4365":"\"","4366":"p","4367":"a","4368":"s","4369":"s","4370":"w","4371":"o","4372":"r","4373":"d","4374":"\\","4375":"\"","4376":"\\","4377":"r","4378":"\\","4379":"n","4380":" ","4381":" ","4382":" ","4383":" ","4384":" ","4385":" ","4386":" ","4387":" ","4388":" ","4389":" ","4390":" ","4391":" ","4392":"t","4393":"y","4394":"p","4395":"e","4396":"=","4397":"\\","4398":"\"","4399":"p","4400":"a","4401":"s","4402":"s","4403":"w","4404":"o","4405":"r","4406":"d","4407":"\\","4408":"\"","4409":"\\","4410":"r","4411":"\\","4412":"n","4413":" ","4414":" ","4415":" ","4416":" ","4417":" ","4418":" ","4419":" ","4420":" ","4421":" ","4422":" ","4423":" ","4424":" ","4425":"c","4426":"l","4427":"a","4428":"s","4429":"s","4430":"=","4431":"\\","4432":"\"","4433":"p","4434":"a","4435":"s","4436":"s","4437":"w","4438":"o","4439":"r","4440":"d","4441":"-","4442":"i","4443":"n","4444":"p","4445":"u","4446":"t","4447":"\\","4448":"\"","4449":"\\","4450":"r","4451":"\\","4452":"n","4453":" ","4454":" ","4455":" ","4456":" ","4457":" ","4458":" ","4459":" ","4460":" ","4461":" ","4462":" ","4463":" ","4464":" ","4465":"p","4466":"l","4467":"a","4468":"c","4469":"e","4470":"h","4471":"o","4472":"l","4473":"d","4474":"e","4475":"r","4476":"=","4477":"\\","4478":"\"","4479":"P","4480":"a","4481":"s","4482":"s","4483":"o","4484":"r","4485":"d","4486":"\\","4487":"\"","4488":"\\","4489":"r","4490":"\\","4491":"n","4492":" ","4493":" ","4494":" ","4495":" ","4496":" ","4497":" ","4498":" ","4499":" ","4500":" ","4501":" ","4502":"/","4503":">","4504":"\\","4505":"r","4506":"\\","4507":"n","4508":" ","4509":" ","4510":" ","4511":" ","4512":" ","4513":" ","4514":" ","4515":" ","4516":"<","4517":"/","4518":"d","4519":"i","4520":"v","4521":">","4522":"\\","4523":"r","4524":"\\","4525":"n","4526":"\\","4527":"r","4528":"\\","4529":"n","4530":" ","4531":" ","4532":" ","4533":" ","4534":" ","4535":" ","4536":" ","4537":" ","4538":"<","4539":"d","4540":"i","4541":"v","4542":" ","4543":"v","4544":"-","4545":"s","4546":"h","4547":"o","4548":"w","4549":"=","4550":"\\","4551":"\"","4552":"i","4553":"s","4554":"E","4555":"r","4556":"r","4557":"o","4558":"r","4559":"\\","4560":"\"","4561":" ","4562":"c","4563":"l","4564":"a","4565":"s","4566":"s","4567":"=","4568":"\\","4569":"\"","4570":"e","4571":"r","4572":"r","4573":"o","4574":"r","4575":"-","4576":"m","4577":"e","4578":"s","4579":"s","4580":"a","4581":"g","4582":"e","4583":"\\","4584":"\"","4585":">","4586":"\\","4587":"r","4588":"\\","4589":"n","4590":" ","4591":" ","4592":" ","4593":" ","4594":" ","4595":" ","4596":" ","4597":" ","4598":" ","4599":" ","4600":"{","4601":"{","4602":" ","4603":"e","4604":"r","4605":"r","4606":"o","4607":"r","4608":" ","4609":"}","4610":"}","4611":"\\","4612":"r","4613":"\\","4614":"n","4615":" ","4616":" ","4617":" ","4618":" ","4619":" ","4620":" ","4621":" ","4622":" ","4623":"<","4624":"/","4625":"d","4626":"i","4627":"v","4628":">","4629":"\\","4630":"r","4631":"\\","4632":"n","4633":"\\","4634":"r","4635":"\\","4636":"n","4637":" ","4638":" ","4639":" ","4640":" ","4641":" ","4642":" ","4643":" ","4644":" ","4645":"<","4646":"b","4647":"u","4648":"t","4649":"t","4650":"o","4651":"n","4652":" ","4653":"t","4654":"y","4655":"p","4656":"e","4657":"=","4658":"\\","4659":"\"","4660":"s","4661":"u","4662":"b","4663":"m","4664":"i","4665":"t","4666":"\\","4667":"\"","4668":" ","4669":"c","4670":"l","4671":"a","4672":"s","4673":"s","4674":"=","4675":"\\","4676":"\"","4677":"l","4678":"o","4679":"g","4680":"i","4681":"n","4682":"-","4683":"b","4684":"u","4685":"t","4686":"t","4687":"o","4688":"n","4689":"\\","4690":"\"","4691":">","4692":"L","4693":"O","4694":"G","4695":"G","4696":" ","4697":"I","4698":"N","4699":"N","4700":"<","4701":"/","4702":"b","4703":"u","4704":"t","4705":"t","4706":"o","4707":"n","4708":">","4709":"\\","4710":"r","4711":"\\","4712":"n","4713":"\\","4714":"r","4715":"\\","4716":"n","4717":" ","4718":" ","4719":" ","4720":" ","4721":" ","4722":" ","4723":" ","4724":" ","4725":"<","4726":"d","4727":"i","4728":"v","4729":" ","4730":"c","4731":"l","4732":"a","4733":"s","4734":"s","4735":"=","4736":"\\","4737":"\"","4738":"l","4739":"i","4740":"n","4741":"k","4742":"s","4743":"-","4744":"w","4745":"r","4746":"a","4747":"p","4748":"p","4749":"e","4750":"r","4751":"\\","4752":"\"","4753":">","4754":"\\","4755":"r","4756":"\\","4757":"n","4758":" ","4759":" ","4760":" ","4761":" ","4762":" ","4763":" ","4764":" ","4765":" ","4766":" ","4767":" ","4768":"<","4769":"d","4770":"i","4771":"v","4772":" ","4773":"c","4774":"l","4775":"a","4776":"s","4777":"s","4778":"=","4779":"\\","4780":"\"","4781":"l","4782":"i","4783":"n","4784":"k","4785":"\\","4786":"\"","4787":">","4788":"\\","4789":"r","4790":"\\","4791":"n","4792":" ","4793":" ","4794":" ","4795":" ","4796":" ","4797":" ","4798":" ","4799":" ","4800":" ","4801":" ","4802":" ","4803":" ","4804":"<","4805":"a","4806":" ","4807":"h","4808":"r","4809":"e","4810":"f","4811":"=","4812":"\\","48
[...]
3,"column":159}},"1":{"start":{"line":4,"column":0},"end":{"line":6,"column":3}},"2":{"start":{"line":7,"column":0},"end":{"line":7,"column":25}},"3":{"start":{"line":8,"column":17},"end":{"line":8,"column":78}},"4":{"start":{"line":9,"column":15},"end":{"line":14,"column":1}},"5":{"start":{"line":15,"column":0},"end":{"line":15,"column":13}},"6":{"start":{"line":17,"column":29},"end":{"line":17,"column":159}},"7":{"start":{"line":18,"column":0},"end":{"line":20,"column":3}},"8":{"start":{"line":21,"column":0},"end":{"line":21,"column":24}},"9":{"start":{"line":22,"column":11},"end":{"line":22,"column":25}},"10":{"start":{"line":23,"column":13},"end":{"line":23,"column":66}},"11":{"start":{"line":24,"column":19},"end":{"line":26,"column":1}},"12":{"start":{"line":27,"column":32},"end":{"line":35,"column":32}},"13":{"start":{"line":36,"column":19},"end":{"line":39,"column":1}},"14":{"start":{"line":41,"column":32},"end":{"line":41,"column":72}},"15":{"start":{"line":42,"column":2},"end":{"line":42,"column":191}},"16":{"start":{"line":43,"column":2},"end":{"line":43,"column":49}}},"fnMap":{"0":{"name":"render","decl":{"start":{"line":40,"column":9},"end":{"line":40,"column":15}},"loc":{"start":{"line":40,"column":30},"end":{"line":43,"column":1}},"line":40}},"branchMap":{},"s":{"0":0,"1":0,"2":0,"3":0,"4":0,"5":0,"6":0,"7":0,"8":0,"9":0,"10":0,"11":0,"12":0,"13":0,"14":0,"15":0,"16":0},"f":{"0":0},"b":{},"inputSourceMap":{"0":"{","1":"\"","2":"v","3":"e","4":"r","5":"s","6":"i","7":"o","8":"n","9":"\"","10":":","11":"3","12":",","13":"\"","14":"s","15":"o","16":"u","17":"r","18":"c","19":"e","20":"s","21":"\"","22":":","23":"[","24":"\"","25":"C","26":":","27":"\\","28":"\\","29":"U","30":"s","31":"e","32":"r","33":"s","34":"\\","35":"\\","36":"j","37":"o","38":"l","39":"s","40":"e","41":"\\","42":"\\","43":"s","44":"o","45":"u","46":"r","47":"c","48":"e","49":"\\","50":"\\","51":"r","52":"e","53":"p","54":"o","55":"s","56":"\\","57":"\\","58":"b","59":"a","60":"c","61":"l","62":"o","63":"r","64":"\\","65":"\\","66":"p","67":"o","68":"r","69":"t","70":"a","71":"l","72":"\\","73":"\\","74":"f","75":"r","76":"o","77":"n","78":"t","79":"e","80":"n","81":"d","82":"\\","83":"\\","84":"s","85":"r","86":"c","87":"\\","88":"\\","89":"v","90":"i","91":"e","92":"w","93":"s","94":"\\","95":"\\","96":"L","97":"o","98":"g","99":"i","100":"n","101":"P","102":"a","103":"g","104":"e","105":".","106":"v","107":"u","108":"e","109":"\"","110":"]","111":",","112":"\"","113":"n","114":"a","115":"m","116":"e","117":"s","118":"\"","119":":","120":"[","121":"]","122":",","123":"\"","124":"m","125":"a","126":"p","127":"p","128":"i","129":"n","130":"g","131":"s","132":"\"","133":":","134":"\"","135":";","136":";","137":";","138":";","139":";","140":";","141":";","142":"A","143":"A","144":"a","145":"A","146":";","147":"A","148":"A","149":"A","150":"m","151":"D","152":",","153":"i","154":"C","155":"A","156":"E","157":"p","158":"C","159":";","160":"E","161":"A","162":"C","163":"b","164":",","165":"I","166":"A","167":"A","168":"I","169":",","170":"E","171":"A","172":"A","173":"E","174":",","175":"W","176":"A","177":"A","178":"W","179":";","180":"E","181":"A","182":"C","183":"j","184":"B","185":",","186":"U","187":"A","188":"A","189":"U","190":",","191":"E","192":"A","193":"A","194":"E","195":";","196":"I","197":"A","198":"C","199":"V","200":",","201":"S","202":"A","203":"A","204":"S","205":",","206":"E","207":"A","208":"A","209":"T","210":";","211":"E","212":"A","213":"C","214":"F","215":";","216":"A","217":"A","218":"C","219":"F","220":",","221":"C","222":"A","223":"A","224":"C","225":"\"","226":",","227":"\"","228":"f","229":"i","230":"l","231":"e","232":"\"","233":":","234":"\"","235":"C","236":":","237":"\\","238":"\\","239":"U","240":"s","241":"e","242":"r","243":"s","244":"\\","245":"\\","246":"j","247":"o","248":"l","249":"s","250":"e","251":"\\","252":"\\","253":"s","254":"o","255":"u","256":"r","257":"c","258":"e","259":"\\","260":"\\","261":"r","262":"e","263":"p","264":"o","265":"s","266":"\\","267":"\\","268":"b","269":"a","270":"c","271":"l","272":"o","273":"r","274":"\\","275":"\\","276":"p","277":"o","278":"r","279":"t","280":"a","281":"l","282":"\\","283":"\\","284":"f","285":"r","286":"o","287":"n","288":"t","289":"e","290":"n","291":"d","292":"\\","293":"\\","294":"s","295":"r","296":"c","297":"\\","298":"\\","299":"v","300":"i","301":"e","302":"w","303":"s","304":"\\","305":"\\","306":"L","307":"o","308":"g","309":"i","310":"n","311":"P","312":"a","313":"g","314":"e","315":".","316":"v","317":"u","318":"e","319":"\"","320":",","321":"\"","322":"s","323":"o","324":"u","325":"r","326":"c","327":"e","328":"s","329":"C","330":"o","331":"n","332":"t","333":"e","334":"n","335":"t","336":"\"","337":":","338":"[","339":"\"","340":"<","341":"t","342":"e","343":"m","344":"p","345":"l","346":"a","347":"t","348":"e","349":">","350":"\\","351":"r","352":"\\","353":"n","354":" ","355":" ","356":"<","357":"d","358":"i","359":"v","360":" ","361":"c","362":"l","363":"a","364":"s","365":"s","366":"=","367":"\\","368":"\"","369":"w","370":"r","371":"a","372":"p","373":"p","374":"e","375":"r","376":"\\","377":"\"","378":">","379":"\\","380":"r","381":"\\","382":"n","383":" ","384":" ","385":" ","386":" ","387":"<","388":"d","389":"i","390":"v","391":" ","392":"c","393":"l","394":"a","395":"s","396":"s","397":"=","398":"\\","399":"\"","400":"l","401":"o","402":"g","403":"o","404":"-","405":"c","406":"o","407":"n","408":"t","409":"a","410":"i","411":"n","412":"e","413":"r","414":"\\","415":"\"","416":">","417":"\\","418":"r","419":"\\","420":"n","421":" ","422":" ","423":" ","424":" ","425":" ","426":" ","427":"<","428":"i","429":"m","430":"g","431":" ","432":"s","433":"r","434":"c","435":"=","436":"\\","437":"\"","438":"@","439":"/","440":"a","441":"s","442":"s","443":"e","444":"t","445":"s","446":"/","447":"n","448":"t","449":"n","450":"u","451":"i","452":".","453":"s","454":"v","455":"g","456":"\\","457":"\"","458":" ","459":"c","460":"l","461":"a","462":"s","463":"s","464":"=","465":"\\","466":"\"","467":"i","468":"m","469":"g","470":"\\","471":"\"","472":" ","473":"a","474":"l","475":"t","476":"=","477":"\\","478":"\"","479":"n","480":"t","481":"n","482":"u","483":"i","484":"-","485":"l","486":"o","487":"g","488":"o","489":"\\","490":"\"","491":" ","492":"/","493":">","494":"\\","495":"r","496":"\\","497":"n","498":" ","499":" ","500":" ","501":" ","502":" ","503":" ","504":"<","505":"h","506":"1","507":" ","508":"c","509":"l","510":"a","511":"s","512":"s","513":"=","514":"\\","515":"\"","516":"t","517":"i","518":"t","519":"l","520":"e","521":"\\","522":"\"","523":">","524":"P","525":"O","526":"R","527":"T","528":"A","529":"L","530":"<","531":"/","532":"h","533":"1","534":">","535":"\\","536":"r","537":"\\","538":"n","539":" ","540":" ","541":" ","542":" ","543":"<","544":"/","545":"d","546":"i","547":"v","548":">","549":"\\","550":"r","551":"\\","552":"n","553":" ","554":" ","555":" ","556":" ","557":"<","558":"d","559":"i","560":"v","561":" ","562":"k","563":"e","564":"y","565":"=","566":"\\","567":"\"","568":"l","569":"o","570":"g","571":"i","572":"n","573":"-","574":"f","575":"o","576":"r","577":"m","578":"\\","579":"\"","580":" ","581":"c","582":"l","583":"a","584":"s","585":"s","586":"=","587":"\\","588":"\"","589":"f","590":"o","591":"r","592":"m","593":"W","594":"r","595":"a","596":"p","597":"p","598":"e","599":"r","600":"\\","601":"\"","602":">","603":"\\","604":"r","605":"\\","606":"n","607":" ","608":" ","609":" ","610":" ","611":" ","612":" ","613":"<","614":"l","615":"o","616":"g","617":"i","618":"n","619":"-","620":"f","621":"o","622":"r","623":"m","624":" ","625":"/","626":">","627":"\\","628":"r","629":"\\","630":"n","631":" ","632":" ","633":" ","634":" ","635":"<","636":"/","637":"d","638":"i","639":"v","640":">","641":"\\","642":"r","643":"\\","644":"n","645":" ","646":" ","647":"<","648":"/","649":"d","650":"i","651":"v","652":">","653":"\\","654":"r","655":"\\","656":"n","657":"<","658":"/","659":"t","660":"e","661":"m","662":"p","663":"l","664":"a","665":"t","666":"e","667":">","668":"\\","669":"r","670":"\\","671":"n","672":"\\","673":"r","674":"\\","675":"n","676":"<","677":"s","678":"c","679":"r","680":"i","681":"p","682":"t","683":">","684":"\\","685":"r","686":"\\","687":"n","688":"i","689":"m","690":"p","691":"o","692":"r","693":"t","694":" ","695":"L","696":"o","697":"g","698":"i","699":"n","700":"F","701":"o","702":"r","703":"m","704":" ","705":"f","706":"r","707":"o","708":"m","709":" ","710":"\\","711":"\"","712":"@","713":"/","714":"c","715":"o","716":"m","717":"p","718":"o","719":"n","720":"e","721":"n","722":"t","723":"s","724":"/","725":"L","726":"o","727":"g","728":"i","729":"n","730":"F","731":"o","732":"r","733":"m","734":".","735":"v","736":"u","737":"e","738":"\\","739":"\"","740":";","741":"\\","742":"r","743":"\\","744":"n","745":"\\","746":"r","747":"\\","748":"n","749":"e","750":"x","751":"p","752":"o","753":"r","754":"t","755":" ","756":"d","757":"e","758":"f","759":"a","760":"u","761":"l","762":"t","763":" ","764":"{","765":"\\","766":"r","767":"\\","768":"n","769":" ","770":" ","771":"n","772":"a","773":"m","774":"e","775":":","776":" ","777":"\\","778":"\"","779":"L","780":"o","781":"g","782":"i","783":"n","784":"P","785":"a","786":"g","787":"e","788":"\\","789":"\"","790":",","791":"\\","792":"r","793":"\\","794":"n","795":" ","796":" ","797":"c","798":"o","799":"m","800":"p","801":"o","802":"n","803":"e","804":"n","805":"t","806":"s","807":":","808":" ","809":"{","810":"\\","811":"r","812":"\\","813":"n","814":" ","815":" ","816":" ","817":" ","818":"L","819":"o","820":"g","821":"i","822":"n","823":"F","824":"o","825":"r","826":"m","827":",","828":"\\","829":"r","830":"\\","831":"n","832":" ","833":" ","834":"}","835":",","836":"\\","837":"r","838":"\\","839":"n","840":"}","841":";","842":"\\","843":"r","844":"\\","845":"n","846":"<","847":"/","848":"s","849":"c","850":"r","851":"i","852":"p","853":"t","854":">","855":"\\","856":"r","857":"\\","858":"n","859":"\\","860":"r","861":"\\","862":"n","863":"<","864":"s","865":"t","866":"y","867":"l","868":"e","869":">","870":"\\","871":"r","872":"\\","873":"n","874":".","875":"w","876":"r","877":"a","878":"p","879":"p","880":"e","881":"r","882":" ","883":"{","884":"\\","885":"r","886":"\\","887":"n","888":" ","889":" ","890":"d","891":"i","892":"s","893":"p","894":"l","895":"a","896":"y","897":":","898":" ","899":"f","900":"l","901":"e","902":"x","903":";","904":"\\","905":"r","906":"\\","907":"n","908":" ","909":" ","910":"f","911":"l","912":"e","913":"x","914":"-","915":"d","916":"i","917":"r","918":"e","919":"c","920":"t","921":"i","922":"o","923":"n","924":":","925":" ","926":"c","927":"o","928":"l","929":"u","930":"m","931":"n","932":";","933":"\\","934":"r","935":"\\","936":"n","937":" ","938":" ","939":"j","940":"u","941":"s","942":"t","943":"i","944":"f","945":"y","946":"-","947":"c","948":"o","949":"n","950":"t","951":"e","952":"n","953":"t","954":":","955":" ","956":"c","957":"e","958":"n","959":"t","960":"e","961":"r","962":";","963":"\\","964":"r","965":"\\","966":"n","967":" ","968":" ","969":"a","970":"l","971":"i","972":"g","973":"n","974":"-","975":"i","976":"t","977":"e","978":"m","979":"s","980":":","981":" ","982":"c","983":"e","984":"n","985":"t","986":"e","987":"r","988":";","989":"\\","990":"r","991":"\\","992":"n","993":" ","994":" ","995":"p","996":"a","997":"d","998":"d","999":"i","1000":"n","1001":"g","1002":":","1003":" ","1004":"r","1005":"e","1006":"m","1007":"(","1008":"0","1009":")","1010":" ","1011":"r","1012":"e","1013":"m","1014":"(","1015":"0","1016":")","1017":";","1018":"\\","1019":"r","1020":"\\","1021":"n","1022":" ","1023":" ","1024":"m","1025":"a","1026":"x","1027":"-","1028":"w","1029":"i","1030":"d","1031":"t","1032":"h","1033":":","1034":" ","1035":"4","1036":"0","1037":"v","1038":"w","1039":";","1040":"\\","1041":"r","1042":"\\","1043":"n","1044":" ","1045":" ","1046":"t","1047":"o","1048":"p","1049":":","1050":" ","1051":"0","1052":";","1053":" ","1054":"/","1055":"*","1056":" ","1057":"A","1058":"l","1059":"i","1060":"g","1061":"n","1062":" ","1063":"t","1064":"o","1065":"p","1066":" ","1067":"t","1068":"o","1069":" ","1070":"t","1071":"h","1072":"e","1073":" ","1074":"t","1075":"o","1076":"p","1077":" ","1078":"o","1079":"f","1080":" ","1081":"t","1082":"h","1083":"e","1084":" ","1085":"v","1086":"i","1087":"e","1088":"w","1089":"p","1090":"o","1091":"r","1092":"t","1093":" ","1094":"*","1095":"/","1096":"\\","1097":"r","1098":"\\","1099":"n","1100":" ","1101":" ","1102":"l","1103":"e","1104":"f","1105":"t","1106":":","1107":" ","1108":"0","1109":";","1110":" ","1111":"/","1112":"*","1113":" ","1114":"A","1115":"l","1116":"i","1117":"g","1118":"n","1119":" ","1120":"l","1121":"e","1122":"f","1123":"t","1124":" ","1125":"t","1126":"o","1127":" ","1128":"t","1129":"h","1130":"e","1131":" ","1132":"l","1133":"e","1134":"f","1135":"t","1136":" ","1137":"o","1138":"f","1139":" ","1140":"t","1141":"h","1142":"e","1143":" ","1144":"v","1145":"i","1146":"e","1147":"w","1148":"p","1149":"o","1150":"r","1151":"t","1152":" ","1153":"*","1154":"/","1155":"\\","1156":"r","1157":"\\","1158":"n","1159":"}","1160":"\\","1161":"r","1162":"\\","1163":"n","1164":"\\","1165":"r","1166":"\\","1167":"n","1168":".","1169":"t","1170":"i","1171":"t","1172":"l","1173":"e","1174":" ","1175":"{","1176":"\\","1177":"r","1178":"\\","1179":"n","1180":" ","1181":" ","1182":"d","1183":"i","1184":"s","1185":"p","1186":"l","1187":"a","1188":"y","1189":":","1190":" ","1191":"f","1192":"l","1193":"e","1194":"x","1195":";","1196":"\\","1197":"r","1198":"\\","1199":"n","1200":" ","1201":" ","1202":"f","1203":"l","1204":"e","1205":"x","1206":"-","1207":"d","1208":"i","1209":"r","1210":"e","1211":"c","1212":"t","1213":"i","1214":"o","1215":"n","1216":":","1217":" ","1218":"c","1219":"o","1220":"l","1221":"u","1222":"m","1223":"n","1224":";","1225":"\\","1226":"r","1227":"\\","1228":"n","1229":" ","1230":" ","1231":"j","1232":"u","1233":"s","1234":"t","1235":"i","1236":"f","1237":"y","1238":"-","1239":"c","1240":"o","1241":"n","1242":"t","1243":"e","1244":"n","1245":"t","1246":":","1247":" ","1248":"c","1249":"e","1250":"n","1251":"t","1252":"e","1253":"r","1254":";","1255":"\\","1256":"r","1257":"\\","1258":"n","1259":" ","1260":" ","1261":"m","1262":"a","1263":"r","1264":"g","1265":"i","1266":"n","1267":":","1268":" ","1269":"0","1270":".","1271":"3","1272":"1","1273":"2","1274":"5","1275":"r","1276":"e","1277":"m","1278":" ","1279":"0","1280":";","1281":" ","1282":"/","1283":"*","1284":" ","1285":"C","1286":"o","1287":"n","1288":"v","1289":"e","1290":"r","1291":"t","1292":"e","1293":"d","1294":" ","1295":"f","1296":"r","1297":"o","1298":"m","1299":" ","1300":"r","1301":"e","1302":"m","1303":"(","1304":"5","1305":")","1306":" ","1307":"*","1308":"/","1309":"\\","1310":"r","1311":"\\","1312":"n","1313":" ","1314":" ","1315":"m","1316":"a","1317":"r","1318":"g","1319":"i","1320":"n","1321":"-","1322":"b","1323":"o","1324":"t","1325":"t","1326":"o","1327":"m","1328":":","1329":" ","1330":"3","1331":"0","1332":"p","1333":"x","1334":";","1335":"\\","1336":"r","1337":"\\","1338":"n","1339":" ","1340":" ","1341":"f","1342":"o","1343":"n","1344":"t","1345":"-","1346":"f","1347":"a","1348":"m","1349":"i","1350":"l","1351":"y","1352":":","1353":" ","1354":"-","1355":"a","1356":"p","1357":"p","1358":"l","1359":"e","1360":"-","1361":"s","1362":"y","1363":"s","1364":"t","1365":"e","1366":"m","1367":",","1368":" ","1369":"B","1370":"l","1371":"i","1372":"n","1373":"k","1374":"M","1375":"a","1376":"c","1377":"S","1378":"y","1379":"s","1380":"t","1381":"e","1382":"m","1383":"F","1384":"o","1385":"n","1386":"t","1387":",","1388":" ","1389":"\\","1390":"\"","1391":"S","1392":"e","1393":"g","1394":"o","1395":"e","1396":" ","1397":"U","1398":"I","1399":"\\","1400":"\"","1401":",","1402":" ","1403":"R","1404":"o","1405":"b","1406":"o","1407":"t","1408":"o","1409":",","1410":" ","1411":"O","1412":"x","1413":"y","1414":"g","1415":"e","1416":"n","1417":",","1418":"\\","1419":"r","1420":"\\","1421":"n","1422":" ","1423":" ","1424":" ","1425":" ","1426":"U","1427":"b","1428":"u","1429":"n","1430":"t","1431":"u","1432":",","1433":" ","1434":"C","1435":"a","1436":"n","1437":"t","1438":"a","1439":"r","1440":"e","1441":"l","1442":"l","1443":",","1444":" ","1445":"\\","1446":"\"","1447":"O","1448":"p","1449":"e","1450":"n","1451":" ","1452":"S","1453":"a","1454":"n","1455":"s","1456":"\\","1457":"\"","1458":",","1459":" ","1460":"\\","1461":"\"","1462":"H","1463":"e","1464":"l","1465":"v","1466":"e","1467":"t","1468":"i","1469":"c","1470":"a","1471":" ","1472":"N","1473":"e","1474":"u","1475":"e","1476":"\\","1477":"\"","1478":",","1479":" ","1480":"s","1481":"a","1482":"n","1483":"s","1484":"-","1485":"s","1486":"e","1487":"r","1488":"i","1489":"f","1490":";","1491":"\\","1492":"r","1493":"\\","1494":"n","1495":" ","1496":" ","1497":"c","1498":"o","1499":"l","1500":"o","1501":"r","1502":":","1503":" ","1504":"r","1505":"g","1506":"b","1507":"(","1508":"2","1509":"5","1510":"5","1511":",","1512":" ","1513":"2","1514":"5","1515":"5","1516":",","1517":" ","1518":"2","1519":"5","1520":"5","1521":")","1522":";","1523":"\\","1524":"r","1525":"\\","1526":"n","1527":"}","1528":"\\","1529":"r","1530":"\\","1531":"n","1532":"\\","1533":"r","1534":"\\","1535":"n","1536":".","1537":"f","1538":"o","1539":"r","1540":"m","1541":"W","1542":"r","1543":"a","1544":"p","1545":"p","1546":"e","1547":"r","1548":" ","1549":"{","1550":"\\","1551":"r","1552":"\\","1553":"n","1554":" ","1555":" ","1556":"w","1557":"i","1558":"d","1559":"t","1560":"h","1561":":","1562":" ","1563":"3","1564":"4","1565":"0","1566":";","1567":"\\","1568":"r","1569":"\\","1570":"n","1571":"}","1572":"\\","1573":"r","1574":"\\","1575":"n","1576":"\\","1577":"r","1578":"\\","1579":"n","1580":"@","1581":"m","1582":"e","1583":"d","1584":"i","1585":"a","1586":" ","1587":"(","1588":"m","1589":"a","1590":"x","1591":"-","1592":"w","1593":"i","1594":"d","1595":"t","1596":"h","1597":":","1598":" ","1599":"5","1600":"9","1601":"9","1602":"p","1603":"x","1604":")","1605":" ","1606":"{","1607":"\\","1608":"r","1609":"\\","1610":"n","1611":" ","1612":" ","1613":".","1614":"f","1615":"o","1616":"r","1617":"m","1618":"W","1619":"r","1620":"a","1621":"p","1622":"p","1623":"e","1624":"r","1625":" ","1626":"{","1627":"\\","1628":"r","1629":"\\","1630":"n","1631":" ","1632":" ","1633":" ","1634":" ","1635":"w","1636":"i","1637":"d","1638":"t","1639":"h","1640":":","1641":" ","1642":"1","1643":"0","1644":"0","1645":"%","1646":";","1647":"\\","1648":"r","1649":"\\","1650":"n","1651":" ","1652":" ","1653":"}","1654":"\\","1655":"r","1656":"\\","1657":"n","1658":"}","1659":"\\","1660":"r","1661":"\\","1662":"n","1663":"\\","1664":"r","1665":"\\","1666":"n","1667":".","1668":"i","1669":"m","1670":"g","1671":" ","1672":"{","1673":"\\","1674":"r","1675":"\\","1676":"n","1677":" ","1678":" ","1679":"h","1680":"e","1681":"i","1682":"g","1683":"h","1684":"t","1685":":","1686":" ","1687":"r","1688":"e","1689":"m","1690":"(","1691":"1","1692":"0","1693":")","1694":";","1695":"\\","1696":"r","1697":"\\","1698":"n","1699":" ","1700":" ","1701":"w","1702":"i","1703":"d","1704":"t","1705":"h","1706":":","1707":" ","1708":"5","1709":"0","1710":"%","1711":";","1712":"\\","1713":"r","1714":"\\","1715":"n","1716":" ","1717":" ","1718":"j","1719":"u","1720":"s","1721":"t","1722":"i","1723":"f","1724":"y","1725":"-","1726":"c","1727":"o","1728":"n","1729":"t","1730":"e","1731":"n","1732":"t","1733":":","1734":" ","1735":"c","1736":"e","1737":"n","1738":"t","1739":"e","1740":"r","1741":";","1742":"\\","1743":"r","1744":"\\","1745":"n","1746":"}","1747":"\\","1748":"r","1749":"\\","1750":"n","1751":"<","1752":"/","1753":"s","1754":"t","1755":"y","1756":"l","1757":"e","1758":">","1759":"\\","1760":"r","1761":"\\","1762":"n","1763":"\"","1764":"]","1765":"}"}}
}
