TN:
SF:src\App.vue
FN:25,render
FNF:1
FNH:0
FNDA:0,render
DA:3,0
DA:4,0
DA:7,0
DA:8,0
DA:9,0
DA:15,0
DA:17,0
DA:20,0
DA:21,0
DA:22,0
DA:26,0
DA:27,0
DA:28,0
LF:13
LH:0
BRF:0
BRH:0
end_of_record
TN:
SF:src\components\LoginForm.vue
FN:12,(anonymous_0)
FN:21,(anonymous_1)
FN:22,(anonymous_2)
FN:26,(anonymous_3)
FN:29,(anonymous_4)
FN:33,(anonymous_5)
FN:46,(anonymous_6)
FN:51,(anonymous_7)
FN:63,(anonymous_8)
FN:69,(anonymous_9)
FN:75,(anonymous_10)
FN:88,getQueryParam
FN:92,(anonymous_12)
FN:98,(anonymous_13)
FN:158,render
FN:160,(anonymous_15)
FN:162,(anonymous_16)
FN:164,(anonymous_17)
FN:170,(anonymous_18)
FN:176,(anonymous_19)
FN:184,(anonymous_20)
FNF:21
FNH:5
FNDA:1,(anonymous_0)
FNDA:1,(anonymous_1)
FNDA:161,(anonymous_2)
FNDA:0,(anonymous_3)
FNDA:0,(anonymous_4)
FNDA:0,(anonymous_5)
FNDA:0,(anonymous_6)
FNDA:0,(anonymous_7)
FNDA:0,(anonymous_8)
FNDA:0,(anonymous_9)
FNDA:0,(anonymous_10)
FNDA:0,getQueryParam
FNDA:1,(anonymous_12)
FNDA:0,(anonymous_13)
FNDA:1,render
FNDA:0,(anonymous_15)
FNDA:0,(anonymous_16)
FNDA:0,(anonymous_17)
FNDA:0,(anonymous_18)
FNDA:0,(anonymous_19)
FNDA:0,(anonymous_20)
DA:3,1
DA:4,1
DA:7,1
DA:8,1
DA:9,1
DA:10,1
DA:11,1
DA:13,1
DA:14,1
DA:15,1
DA:16,1
DA:17,1
DA:18,1
DA:19,1
DA:20,1
DA:21,1
DA:22,161
DA:23,1
DA:25,1
DA:26,1
DA:27,0
DA:29,1
DA:30,0
DA:31,0
DA:32,0
DA:33,0
DA:34,0
DA:36,0
DA:37,0
DA:38,0
DA:46,0
DA:48,0
DA:49,0
DA:50,0
DA:51,0
DA:52,0
DA:54,0
DA:55,0
DA:56,0
DA:58,0
DA:61,0
DA:62,0
DA:63,0
DA:64,0
DA:66,0
DA:69,1
DA:70,0
DA:71,0
DA:75,0
DA:77,0
DA:78,0
DA:80,0
DA:83,0
DA:85,0
DA:89,0
DA:90,0
DA:92,1
DA:93,1
DA:94,1
DA:98,0
DA:100,0
DA:101,0
DA:104,0
DA:106,0
DA:109,1
DA:110,1
DA:124,1
DA:126,1
DA:129,1
DA:130,1
DA:131,1
DA:134,1
DA:137,1
DA:138,1
DA:139,1
DA:142,1
DA:145,1
DA:148,1
DA:149,1
DA:152,1
DA:153,1
DA:157,1
DA:159,1
DA:160,0
DA:162,0
DA:165,0
DA:170,0
DA:176,0
DA:184,0
DA:187,1
LF:90
LH:45
BRDA:23,0,0,1
BRDA:23,0,1,0
BRDA:30,1,0,0
BRDA:30,1,1,0
BRDA:30,2,0,0
BRDA:30,2,1,0
BRDA:48,3,0,0
BRDA:48,3,1,0
BRDA:55,4,0,0
BRDA:55,4,1,0
BRDA:77,5,0,0
BRDA:77,5,1,0
BRDA:100,6,0,0
BRDA:100,6,1,0
BRDA:159,7,0,1
BRDA:159,7,1,0
BRDA:159,8,0,0
BRDA:159,8,1,0
BRDA:160,9,0,0
BRDA:160,9,1,0
BRDA:160,10,0,0
BRDA:160,10,1,0
BRDA:162,11,0,0
BRDA:162,11,1,0
BRDA:170,12,0,0
BRDA:170,12,1,0
BRDA:176,13,0,0
BRDA:176,13,1,0
BRDA:184,14,0,0
BRDA:184,14,1,0
BRDA:184,15,0,0
BRDA:184,15,1,0
BRF:32
BRH:2
end_of_record
TN:
SF:src\views\LoginPage.vue
FN:40,render
FNF:1
FNH:0
FNDA:0,render
DA:3,0
DA:4,0
DA:7,0
DA:8,0
DA:9,0
DA:15,0
DA:17,0
DA:18,0
DA:21,0
DA:22,0
DA:23,0
DA:24,0
DA:27,0
DA:36,0
DA:41,0
DA:42,0
DA:43,0
LF:17
LH:0
BRF:0
BRH:0
end_of_record
